2024-11-25 22:15:35,551 - MPKMini - INFO - Configuration loaded successfully
2024-11-25 22:15:35,581 - MPKMini - INFO - Found 4 MIDI devices:
2024-11-25 22:15:35,581 - MPKMini - INFO - Device 0: Microsoft MIDI Mapper (Input: False, Output: True)
2024-11-25 22:15:35,581 - MPKMini - INFO - Device 1: MPK Mini Mk II (Input: True, Output: False)
2024-11-25 22:15:35,581 - MPKMini - INFO - Device 2: Microsoft GS Wavetable Synth (Input: False, Output: True)
2024-11-25 22:15:35,582 - MPKMini - INFO - Device 3: MPK Mini Mk II (Input: False, Output: True)
2024-11-25 22:15:35,587 - MPKMini - INFO - Connected to MIDI device: MPK Mini Mk II
2024-11-25 22:15:35,588 - MPKMini - INFO - Started monitoring MIDI input
2024-11-25 22:15:36,847 - MPKMini - INFO - Received knob CC: 4, value: 50
2024-11-25 22:15:36,847 - MPKMini - INFO - Normalized value: 0.39
2024-11-25 22:15:36,847 - MPKMini - INFO - Setting brightness to 39%
2024-11-25 22:15:36,891 - MPKMini - WARNING - Failed to get monitor list: string indices must be integers, not 'str', trying fallback method
2024-11-25 22:15:36,930 - MPKMini - ERROR - Failed to set brightness: string indices must be integers, not 'str'
2024-11-25 22:15:36,953 - MPKMini - ERROR - Traceback (most recent call last):
  File "C:\Users\Bones\Projects\Windows-Midi-controller\midi_controller\actions\knob_actions.py", line 57, in set_screen_brightness
    monitors = sbc.list_monitors()
  File "C:\Users\Bones\AppData\Roaming\Python\Python313\site-packages\screen_brightness_control\config.py", line 16, in wrapper
    return func(*args, **kwargs)
  File "C:\Users\Bones\AppData\Roaming\Python\Python313\site-packages\screen_brightness_control\__init__.py", line 294, in list_monitors
    return [i['name'] for i in list_monitors_info(method=method, allow_duplicates=allow_duplicates)]
                               ~~~~~~~~~~~~~~~~~~^^^^^^^^^^^^^^^^^^^^^^^^^^^^^^^^^^^^^^^^^^^^^^^^^^
  File "C:\Users\Bones\AppData\Roaming\Python\Python313\site-packages\screen_brightness_control\config.py", line 16, in wrapper
    return func(*args, **kwargs)
  File "C:\Users\Bones\AppData\Roaming\Python\Python313\site-packages\screen_brightness_control\__init__.py", line 272, in list_monitors_info
    return _OS_MODULE.list_monitors_info(
           ~~~~~~~~~~~~~~~~~~~~~~~~~~~~~^
        method=method, allow_duplicates=allow_duplicates, unsupported=unsupported
        ^^^^^^^^^^^^^^^^^^^^^^^^^^^^^^^^^^^^^^^^^^^^^^^^^^^^^^^^^^^^^^^^^^^^^^^^^
    )
    ^
  File "C:\Users\Bones\AppData\Roaming\Python\Python313\site-packages\screen_brightness_control\windows.py", line 396, in list_monitors_info
    info = get_display_info()
  File "C:\Users\Bones\AppData\Roaming\Python\Python313\site-packages\screen_brightness_control\windows.py", line 194, in get_display_info
    if item['method'] == VCP:
       ~~~~^^^^^^^^^^
TypeError: string indices must be integers, not 'str'

During handling of the above exception, another exception occurred:

Traceback (most recent call last):
  File "C:\Users\Bones\Projects\Windows-Midi-controller\midi_controller\actions\knob_actions.py", line 79, in set_screen_brightness
    sbc.set_brightness(brightness)
    ~~~~~~~~~~~~~~~~~~^^^^^^^^^^^^
  File "C:\Users\Bones\AppData\Roaming\Python\Python313\site-packages\screen_brightness_control\config.py", line 16, in wrapper
    return func(*args, **kwargs)
  File "C:\Users\Bones\AppData\Roaming\Python\Python313\site-packages\screen_brightness_control\__init__.py", line 134, in set_brightness
    return __brightness(
        value, display=display, method=method,
    ...<2 lines>...
        verbose_error=verbose_error
    )
  File "C:\Users\Bones\AppData\Roaming\Python\Python313\site-packages\screen_brightness_control\__init__.py", line 712, in __brightness
    for monitor in filter_monitors(display=display, method=method, allow_duplicates=allow_duplicates):
                   ~~~~~~~~~~~~~~~^^^^^^^^^^^^^^^^^^^^^^^^^^^^^^^^^^^^^^^^^^^^^^^^^^^^^^^^^^^^^^^^^^^
  File "C:\Users\Bones\AppData\Roaming\Python\Python313\site-packages\screen_brightness_control\config.py", line 16, in wrapper
    return func(*args, **kwargs)
  File "C:\Users\Bones\AppData\Roaming\Python\Python313\site-packages\screen_brightness_control\__init__.py", line 672, in filter_monitors
    duplicates = get_monitor_list()
  File "C:\Users\Bones\AppData\Roaming\Python\Python313\site-packages\screen_brightness_control\__init__.py", line 612, in get_monitor_list
    monitors_with_duplicates = list_monitors_info(
        method=method, allow_duplicates=True)
  File "C:\Users\Bones\AppData\Roaming\Python\Python313\site-packages\screen_brightness_control\config.py", line 16, in wrapper
    return func(*args, **kwargs)
  File "C:\Users\Bones\AppData\Roaming\Python\Python313\site-packages\screen_brightness_control\__init__.py", line 272, in list_monitors_info
    return _OS_MODULE.list_monitors_info(
           ~~~~~~~~~~~~~~~~~~~~~~~~~~~~~^
        method=method, allow_duplicates=allow_duplicates, unsupported=unsupported
        ^^^^^^^^^^^^^^^^^^^^^^^^^^^^^^^^^^^^^^^^^^^^^^^^^^^^^^^^^^^^^^^^^^^^^^^^^
    )
    ^
  File "C:\Users\Bones\AppData\Roaming\Python\Python313\site-packages\screen_brightness_control\windows.py", line 396, in list_monitors_info
    info = get_display_info()
  File "C:\Users\Bones\AppData\Roaming\Python\Python313\site-packages\screen_brightness_control\windows.py", line 194, in get_display_info
    if item['method'] == VCP:
       ~~~~^^^^^^^^^^
TypeError: string indices must be integers, not 'str'

2024-11-25 22:15:36,957 - MPKMini - INFO - Received knob CC: 4, value: 51
2024-11-25 22:15:36,957 - MPKMini - INFO - Normalized value: 0.40
2024-11-25 22:15:36,957 - MPKMini - INFO - Setting brightness to 40%
2024-11-25 22:15:36,995 - MPKMini - WARNING - Failed to get monitor list: string indices must be integers, not 'str', trying fallback method
2024-11-25 22:15:37,032 - MPKMini - ERROR - Failed to set brightness: string indices must be integers, not 'str'
2024-11-25 22:15:37,034 - MPKMini - ERROR - Traceback (most recent call last):
  File "C:\Users\Bones\Projects\Windows-Midi-controller\midi_controller\actions\knob_actions.py", line 57, in set_screen_brightness
    monitors = sbc.list_monitors()
  File "C:\Users\Bones\AppData\Roaming\Python\Python313\site-packages\screen_brightness_control\config.py", line 16, in wrapper
    return func(*args, **kwargs)
  File "C:\Users\Bones\AppData\Roaming\Python\Python313\site-packages\screen_brightness_control\__init__.py", line 294, in list_monitors
    return [i['name'] for i in list_monitors_info(method=method, allow_duplicates=allow_duplicates)]
                               ~~~~~~~~~~~~~~~~~~^^^^^^^^^^^^^^^^^^^^^^^^^^^^^^^^^^^^^^^^^^^^^^^^^^
  File "C:\Users\Bones\AppData\Roaming\Python\Python313\site-packages\screen_brightness_control\config.py", line 16, in wrapper
    return func(*args, **kwargs)
  File "C:\Users\Bones\AppData\Roaming\Python\Python313\site-packages\screen_brightness_control\__init__.py", line 272, in list_monitors_info
    return _OS_MODULE.list_monitors_info(
           ~~~~~~~~~~~~~~~~~~~~~~~~~~~~~^
        method=method, allow_duplicates=allow_duplicates, unsupported=unsupported
        ^^^^^^^^^^^^^^^^^^^^^^^^^^^^^^^^^^^^^^^^^^^^^^^^^^^^^^^^^^^^^^^^^^^^^^^^^
    )
    ^
  File "C:\Users\Bones\AppData\Roaming\Python\Python313\site-packages\screen_brightness_control\windows.py", line 396, in list_monitors_info
    info = get_display_info()
  File "C:\Users\Bones\AppData\Roaming\Python\Python313\site-packages\screen_brightness_control\windows.py", line 194, in get_display_info
    if item['method'] == VCP:
       ~~~~^^^^^^^^^^
TypeError: string indices must be integers, not 'str'

During handling of the above exception, another exception occurred:

Traceback (most recent call last):
  File "C:\Users\Bones\Projects\Windows-Midi-controller\midi_controller\actions\knob_actions.py", line 79, in set_screen_brightness
    sbc.set_brightness(brightness)
    ~~~~~~~~~~~~~~~~~~^^^^^^^^^^^^
  File "C:\Users\Bones\AppData\Roaming\Python\Python313\site-packages\screen_brightness_control\config.py", line 16, in wrapper
    return func(*args, **kwargs)
  File "C:\Users\Bones\AppData\Roaming\Python\Python313\site-packages\screen_brightness_control\__init__.py", line 134, in set_brightness
    return __brightness(
        value, display=display, method=method,
    ...<2 lines>...
        verbose_error=verbose_error
    )
  File "C:\Users\Bones\AppData\Roaming\Python\Python313\site-packages\screen_brightness_control\__init__.py", line 712, in __brightness
    for monitor in filter_monitors(display=display, method=method, allow_duplicates=allow_duplicates):
                   ~~~~~~~~~~~~~~~^^^^^^^^^^^^^^^^^^^^^^^^^^^^^^^^^^^^^^^^^^^^^^^^^^^^^^^^^^^^^^^^^^^
  File "C:\Users\Bones\AppData\Roaming\Python\Python313\site-packages\screen_brightness_control\config.py", line 16, in wrapper
    return func(*args, **kwargs)
  File "C:\Users\Bones\AppData\Roaming\Python\Python313\site-packages\screen_brightness_control\__init__.py", line 672, in filter_monitors
    duplicates = get_monitor_list()
  File "C:\Users\Bones\AppData\Roaming\Python\Python313\site-packages\screen_brightness_control\__init__.py", line 612, in get_monitor_list
    monitors_with_duplicates = list_monitors_info(
        method=method, allow_duplicates=True)
  File "C:\Users\Bones\AppData\Roaming\Python\Python313\site-packages\screen_brightness_control\config.py", line 16, in wrapper
    return func(*args, **kwargs)
  File "C:\Users\Bones\AppData\Roaming\Python\Python313\site-packages\screen_brightness_control\__init__.py", line 272, in list_monitors_info
    return _OS_MODULE.list_monitors_info(
           ~~~~~~~~~~~~~~~~~~~~~~~~~~~~~^
        method=method, allow_duplicates=allow_duplicates, unsupported=unsupported
        ^^^^^^^^^^^^^^^^^^^^^^^^^^^^^^^^^^^^^^^^^^^^^^^^^^^^^^^^^^^^^^^^^^^^^^^^^
    )
    ^
  File "C:\Users\Bones\AppData\Roaming\Python\Python313\site-packages\screen_brightness_control\windows.py", line 396, in list_monitors_info
    info = get_display_info()
  File "C:\Users\Bones\AppData\Roaming\Python\Python313\site-packages\screen_brightness_control\windows.py", line 194, in get_display_info
    if item['method'] == VCP:
       ~~~~^^^^^^^^^^
TypeError: string indices must be integers, not 'str'

2024-11-25 22:15:37,038 - MPKMini - INFO - Received knob CC: 4, value: 52
2024-11-25 22:15:37,038 - MPKMini - INFO - Normalized value: 0.41
2024-11-25 22:15:37,038 - MPKMini - INFO - Setting brightness to 40%
2024-11-25 22:15:37,077 - MPKMini - WARNING - Failed to get monitor list: string indices must be integers, not 'str', trying fallback method
2024-11-25 22:15:37,115 - MPKMini - ERROR - Failed to set brightness: string indices must be integers, not 'str'
2024-11-25 22:15:37,117 - MPKMini - ERROR - Traceback (most recent call last):
  File "C:\Users\Bones\Projects\Windows-Midi-controller\midi_controller\actions\knob_actions.py", line 57, in set_screen_brightness
    monitors = sbc.list_monitors()
  File "C:\Users\Bones\AppData\Roaming\Python\Python313\site-packages\screen_brightness_control\config.py", line 16, in wrapper
    return func(*args, **kwargs)
  File "C:\Users\Bones\AppData\Roaming\Python\Python313\site-packages\screen_brightness_control\__init__.py", line 294, in list_monitors
    return [i['name'] for i in list_monitors_info(method=method, allow_duplicates=allow_duplicates)]
                               ~~~~~~~~~~~~~~~~~~^^^^^^^^^^^^^^^^^^^^^^^^^^^^^^^^^^^^^^^^^^^^^^^^^^
  File "C:\Users\Bones\AppData\Roaming\Python\Python313\site-packages\screen_brightness_control\config.py", line 16, in wrapper
    return func(*args, **kwargs)
  File "C:\Users\Bones\AppData\Roaming\Python\Python313\site-packages\screen_brightness_control\__init__.py", line 272, in list_monitors_info
    return _OS_MODULE.list_monitors_info(
           ~~~~~~~~~~~~~~~~~~~~~~~~~~~~~^
        method=method, allow_duplicates=allow_duplicates, unsupported=unsupported
        ^^^^^^^^^^^^^^^^^^^^^^^^^^^^^^^^^^^^^^^^^^^^^^^^^^^^^^^^^^^^^^^^^^^^^^^^^
    )
    ^
  File "C:\Users\Bones\AppData\Roaming\Python\Python313\site-packages\screen_brightness_control\windows.py", line 396, in list_monitors_info
    info = get_display_info()
  File "C:\Users\Bones\AppData\Roaming\Python\Python313\site-packages\screen_brightness_control\windows.py", line 194, in get_display_info
    if item['method'] == VCP:
       ~~~~^^^^^^^^^^
TypeError: string indices must be integers, not 'str'

During handling of the above exception, another exception occurred:

Traceback (most recent call last):
  File "C:\Users\Bones\Projects\Windows-Midi-controller\midi_controller\actions\knob_actions.py", line 79, in set_screen_brightness
    sbc.set_brightness(brightness)
    ~~~~~~~~~~~~~~~~~~^^^^^^^^^^^^
  File "C:\Users\Bones\AppData\Roaming\Python\Python313\site-packages\screen_brightness_control\config.py", line 16, in wrapper
    return func(*args, **kwargs)
  File "C:\Users\Bones\AppData\Roaming\Python\Python313\site-packages\screen_brightness_control\__init__.py", line 134, in set_brightness
    return __brightness(
        value, display=display, method=method,
    ...<2 lines>...
        verbose_error=verbose_error
    )
  File "C:\Users\Bones\AppData\Roaming\Python\Python313\site-packages\screen_brightness_control\__init__.py", line 712, in __brightness
    for monitor in filter_monitors(display=display, method=method, allow_duplicates=allow_duplicates):
                   ~~~~~~~~~~~~~~~^^^^^^^^^^^^^^^^^^^^^^^^^^^^^^^^^^^^^^^^^^^^^^^^^^^^^^^^^^^^^^^^^^^
  File "C:\Users\Bones\AppData\Roaming\Python\Python313\site-packages\screen_brightness_control\config.py", line 16, in wrapper
    return func(*args, **kwargs)
  File "C:\Users\Bones\AppData\Roaming\Python\Python313\site-packages\screen_brightness_control\__init__.py", line 672, in filter_monitors
    duplicates = get_monitor_list()
  File "C:\Users\Bones\AppData\Roaming\Python\Python313\site-packages\screen_brightness_control\__init__.py", line 612, in get_monitor_list
    monitors_with_duplicates = list_monitors_info(
        method=method, allow_duplicates=True)
  File "C:\Users\Bones\AppData\Roaming\Python\Python313\site-packages\screen_brightness_control\config.py", line 16, in wrapper
    return func(*args, **kwargs)
  File "C:\Users\Bones\AppData\Roaming\Python\Python313\site-packages\screen_brightness_control\__init__.py", line 272, in list_monitors_info
    return _OS_MODULE.list_monitors_info(
           ~~~~~~~~~~~~~~~~~~~~~~~~~~~~~^
        method=method, allow_duplicates=allow_duplicates, unsupported=unsupported
        ^^^^^^^^^^^^^^^^^^^^^^^^^^^^^^^^^^^^^^^^^^^^^^^^^^^^^^^^^^^^^^^^^^^^^^^^^
    )
    ^
  File "C:\Users\Bones\AppData\Roaming\Python\Python313\site-packages\screen_brightness_control\windows.py", line 396, in list_monitors_info
    info = get_display_info()
  File "C:\Users\Bones\AppData\Roaming\Python\Python313\site-packages\screen_brightness_control\windows.py", line 194, in get_display_info
    if item['method'] == VCP:
       ~~~~^^^^^^^^^^
TypeError: string indices must be integers, not 'str'

2024-11-25 22:15:37,121 - MPKMini - INFO - Received knob CC: 4, value: 54
2024-11-25 22:15:37,121 - MPKMini - INFO - Normalized value: 0.43
2024-11-25 22:15:37,121 - MPKMini - INFO - Setting brightness to 42%
2024-11-25 22:15:37,160 - MPKMini - WARNING - Failed to get monitor list: string indices must be integers, not 'str', trying fallback method
2024-11-25 22:15:37,200 - MPKMini - ERROR - Failed to set brightness: string indices must be integers, not 'str'
2024-11-25 22:15:37,202 - MPKMini - ERROR - Traceback (most recent call last):
  File "C:\Users\Bones\Projects\Windows-Midi-controller\midi_controller\actions\knob_actions.py", line 57, in set_screen_brightness
    monitors = sbc.list_monitors()
  File "C:\Users\Bones\AppData\Roaming\Python\Python313\site-packages\screen_brightness_control\config.py", line 16, in wrapper
    return func(*args, **kwargs)
  File "C:\Users\Bones\AppData\Roaming\Python\Python313\site-packages\screen_brightness_control\__init__.py", line 294, in list_monitors
    return [i['name'] for i in list_monitors_info(method=method, allow_duplicates=allow_duplicates)]
                               ~~~~~~~~~~~~~~~~~~^^^^^^^^^^^^^^^^^^^^^^^^^^^^^^^^^^^^^^^^^^^^^^^^^^
  File "C:\Users\Bones\AppData\Roaming\Python\Python313\site-packages\screen_brightness_control\config.py", line 16, in wrapper
    return func(*args, **kwargs)
  File "C:\Users\Bones\AppData\Roaming\Python\Python313\site-packages\screen_brightness_control\__init__.py", line 272, in list_monitors_info
    return _OS_MODULE.list_monitors_info(
           ~~~~~~~~~~~~~~~~~~~~~~~~~~~~~^
        method=method, allow_duplicates=allow_duplicates, unsupported=unsupported
        ^^^^^^^^^^^^^^^^^^^^^^^^^^^^^^^^^^^^^^^^^^^^^^^^^^^^^^^^^^^^^^^^^^^^^^^^^
    )
    ^
  File "C:\Users\Bones\AppData\Roaming\Python\Python313\site-packages\screen_brightness_control\windows.py", line 396, in list_monitors_info
    info = get_display_info()
  File "C:\Users\Bones\AppData\Roaming\Python\Python313\site-packages\screen_brightness_control\windows.py", line 194, in get_display_info
    if item['method'] == VCP:
       ~~~~^^^^^^^^^^
TypeError: string indices must be integers, not 'str'

During handling of the above exception, another exception occurred:

Traceback (most recent call last):
  File "C:\Users\Bones\Projects\Windows-Midi-controller\midi_controller\actions\knob_actions.py", line 79, in set_screen_brightness
    sbc.set_brightness(brightness)
    ~~~~~~~~~~~~~~~~~~^^^^^^^^^^^^
  File "C:\Users\Bones\AppData\Roaming\Python\Python313\site-packages\screen_brightness_control\config.py", line 16, in wrapper
    return func(*args, **kwargs)
  File "C:\Users\Bones\AppData\Roaming\Python\Python313\site-packages\screen_brightness_control\__init__.py", line 134, in set_brightness
    return __brightness(
        value, display=display, method=method,
    ...<2 lines>...
        verbose_error=verbose_error
    )
  File "C:\Users\Bones\AppData\Roaming\Python\Python313\site-packages\screen_brightness_control\__init__.py", line 712, in __brightness
    for monitor in filter_monitors(display=display, method=method, allow_duplicates=allow_duplicates):
                   ~~~~~~~~~~~~~~~^^^^^^^^^^^^^^^^^^^^^^^^^^^^^^^^^^^^^^^^^^^^^^^^^^^^^^^^^^^^^^^^^^^
  File "C:\Users\Bones\AppData\Roaming\Python\Python313\site-packages\screen_brightness_control\config.py", line 16, in wrapper
    return func(*args, **kwargs)
  File "C:\Users\Bones\AppData\Roaming\Python\Python313\site-packages\screen_brightness_control\__init__.py", line 672, in filter_monitors
    duplicates = get_monitor_list()
  File "C:\Users\Bones\AppData\Roaming\Python\Python313\site-packages\screen_brightness_control\__init__.py", line 612, in get_monitor_list
    monitors_with_duplicates = list_monitors_info(
        method=method, allow_duplicates=True)
  File "C:\Users\Bones\AppData\Roaming\Python\Python313\site-packages\screen_brightness_control\config.py", line 16, in wrapper
    return func(*args, **kwargs)
  File "C:\Users\Bones\AppData\Roaming\Python\Python313\site-packages\screen_brightness_control\__init__.py", line 272, in list_monitors_info
    return _OS_MODULE.list_monitors_info(
           ~~~~~~~~~~~~~~~~~~~~~~~~~~~~~^
        method=method, allow_duplicates=allow_duplicates, unsupported=unsupported
        ^^^^^^^^^^^^^^^^^^^^^^^^^^^^^^^^^^^^^^^^^^^^^^^^^^^^^^^^^^^^^^^^^^^^^^^^^
    )
    ^
  File "C:\Users\Bones\AppData\Roaming\Python\Python313\site-packages\screen_brightness_control\windows.py", line 396, in list_monitors_info
    info = get_display_info()
  File "C:\Users\Bones\AppData\Roaming\Python\Python313\site-packages\screen_brightness_control\windows.py", line 194, in get_display_info
    if item['method'] == VCP:
       ~~~~^^^^^^^^^^
TypeError: string indices must be integers, not 'str'

2024-11-25 22:15:37,207 - MPKMini - INFO - Received knob CC: 4, value: 55
2024-11-25 22:15:37,207 - MPKMini - INFO - Normalized value: 0.43
2024-11-25 22:15:37,207 - MPKMini - INFO - Setting brightness to 43%
2024-11-25 22:15:37,244 - MPKMini - WARNING - Failed to get monitor list: string indices must be integers, not 'str', trying fallback method
2024-11-25 22:15:37,282 - MPKMini - ERROR - Failed to set brightness: string indices must be integers, not 'str'
2024-11-25 22:15:37,284 - MPKMini - ERROR - Traceback (most recent call last):
  File "C:\Users\Bones\Projects\Windows-Midi-controller\midi_controller\actions\knob_actions.py", line 57, in set_screen_brightness
    monitors = sbc.list_monitors()
  File "C:\Users\Bones\AppData\Roaming\Python\Python313\site-packages\screen_brightness_control\config.py", line 16, in wrapper
    return func(*args, **kwargs)
  File "C:\Users\Bones\AppData\Roaming\Python\Python313\site-packages\screen_brightness_control\__init__.py", line 294, in list_monitors
    return [i['name'] for i in list_monitors_info(method=method, allow_duplicates=allow_duplicates)]
                               ~~~~~~~~~~~~~~~~~~^^^^^^^^^^^^^^^^^^^^^^^^^^^^^^^^^^^^^^^^^^^^^^^^^^
  File "C:\Users\Bones\AppData\Roaming\Python\Python313\site-packages\screen_brightness_control\config.py", line 16, in wrapper
    return func(*args, **kwargs)
  File "C:\Users\Bones\AppData\Roaming\Python\Python313\site-packages\screen_brightness_control\__init__.py", line 272, in list_monitors_info
    return _OS_MODULE.list_monitors_info(
           ~~~~~~~~~~~~~~~~~~~~~~~~~~~~~^
        method=method, allow_duplicates=allow_duplicates, unsupported=unsupported
        ^^^^^^^^^^^^^^^^^^^^^^^^^^^^^^^^^^^^^^^^^^^^^^^^^^^^^^^^^^^^^^^^^^^^^^^^^
    )
    ^
  File "C:\Users\Bones\AppData\Roaming\Python\Python313\site-packages\screen_brightness_control\windows.py", line 396, in list_monitors_info
    info = get_display_info()
  File "C:\Users\Bones\AppData\Roaming\Python\Python313\site-packages\screen_brightness_control\windows.py", line 194, in get_display_info
    if item['method'] == VCP:
       ~~~~^^^^^^^^^^
TypeError: string indices must be integers, not 'str'

During handling of the above exception, another exception occurred:

Traceback (most recent call last):
  File "C:\Users\Bones\Projects\Windows-Midi-controller\midi_controller\actions\knob_actions.py", line 79, in set_screen_brightness
    sbc.set_brightness(brightness)
    ~~~~~~~~~~~~~~~~~~^^^^^^^^^^^^
  File "C:\Users\Bones\AppData\Roaming\Python\Python313\site-packages\screen_brightness_control\config.py", line 16, in wrapper
    return func(*args, **kwargs)
  File "C:\Users\Bones\AppData\Roaming\Python\Python313\site-packages\screen_brightness_control\__init__.py", line 134, in set_brightness
    return __brightness(
        value, display=display, method=method,
    ...<2 lines>...
        verbose_error=verbose_error
    )
  File "C:\Users\Bones\AppData\Roaming\Python\Python313\site-packages\screen_brightness_control\__init__.py", line 712, in __brightness
    for monitor in filter_monitors(display=display, method=method, allow_duplicates=allow_duplicates):
                   ~~~~~~~~~~~~~~~^^^^^^^^^^^^^^^^^^^^^^^^^^^^^^^^^^^^^^^^^^^^^^^^^^^^^^^^^^^^^^^^^^^
  File "C:\Users\Bones\AppData\Roaming\Python\Python313\site-packages\screen_brightness_control\config.py", line 16, in wrapper
    return func(*args, **kwargs)
  File "C:\Users\Bones\AppData\Roaming\Python\Python313\site-packages\screen_brightness_control\__init__.py", line 672, in filter_monitors
    duplicates = get_monitor_list()
  File "C:\Users\Bones\AppData\Roaming\Python\Python313\site-packages\screen_brightness_control\__init__.py", line 612, in get_monitor_list
    monitors_with_duplicates = list_monitors_info(
        method=method, allow_duplicates=True)
  File "C:\Users\Bones\AppData\Roaming\Python\Python313\site-packages\screen_brightness_control\config.py", line 16, in wrapper
    return func(*args, **kwargs)
  File "C:\Users\Bones\AppData\Roaming\Python\Python313\site-packages\screen_brightness_control\__init__.py", line 272, in list_monitors_info
    return _OS_MODULE.list_monitors_info(
           ~~~~~~~~~~~~~~~~~~~~~~~~~~~~~^
        method=method, allow_duplicates=allow_duplicates, unsupported=unsupported
        ^^^^^^^^^^^^^^^^^^^^^^^^^^^^^^^^^^^^^^^^^^^^^^^^^^^^^^^^^^^^^^^^^^^^^^^^^
    )
    ^
  File "C:\Users\Bones\AppData\Roaming\Python\Python313\site-packages\screen_brightness_control\windows.py", line 396, in list_monitors_info
    info = get_display_info()
  File "C:\Users\Bones\AppData\Roaming\Python\Python313\site-packages\screen_brightness_control\windows.py", line 194, in get_display_info
    if item['method'] == VCP:
       ~~~~^^^^^^^^^^
TypeError: string indices must be integers, not 'str'

2024-11-25 22:15:38,161 - MPKMini - INFO - Received knob CC: 4, value: 56
2024-11-25 22:15:38,161 - MPKMini - INFO - Normalized value: 0.44
2024-11-25 22:15:38,162 - MPKMini - INFO - Setting brightness to 44%
2024-11-25 22:15:38,205 - MPKMini - WARNING - Failed to get monitor list: string indices must be integers, not 'str', trying fallback method
2024-11-25 22:15:38,243 - MPKMini - ERROR - Failed to set brightness: string indices must be integers, not 'str'
2024-11-25 22:15:38,245 - MPKMini - ERROR - Traceback (most recent call last):
  File "C:\Users\Bones\Projects\Windows-Midi-controller\midi_controller\actions\knob_actions.py", line 57, in set_screen_brightness
    monitors = sbc.list_monitors()
  File "C:\Users\Bones\AppData\Roaming\Python\Python313\site-packages\screen_brightness_control\config.py", line 16, in wrapper
    return func(*args, **kwargs)
  File "C:\Users\Bones\AppData\Roaming\Python\Python313\site-packages\screen_brightness_control\__init__.py", line 294, in list_monitors
    return [i['name'] for i in list_monitors_info(method=method, allow_duplicates=allow_duplicates)]
                               ~~~~~~~~~~~~~~~~~~^^^^^^^^^^^^^^^^^^^^^^^^^^^^^^^^^^^^^^^^^^^^^^^^^^
  File "C:\Users\Bones\AppData\Roaming\Python\Python313\site-packages\screen_brightness_control\config.py", line 16, in wrapper
    return func(*args, **kwargs)
  File "C:\Users\Bones\AppData\Roaming\Python\Python313\site-packages\screen_brightness_control\__init__.py", line 272, in list_monitors_info
    return _OS_MODULE.list_monitors_info(
           ~~~~~~~~~~~~~~~~~~~~~~~~~~~~~^
        method=method, allow_duplicates=allow_duplicates, unsupported=unsupported
        ^^^^^^^^^^^^^^^^^^^^^^^^^^^^^^^^^^^^^^^^^^^^^^^^^^^^^^^^^^^^^^^^^^^^^^^^^
    )
    ^
  File "C:\Users\Bones\AppData\Roaming\Python\Python313\site-packages\screen_brightness_control\windows.py", line 396, in list_monitors_info
    info = get_display_info()
  File "C:\Users\Bones\AppData\Roaming\Python\Python313\site-packages\screen_brightness_control\windows.py", line 194, in get_display_info
    if item['method'] == VCP:
       ~~~~^^^^^^^^^^
TypeError: string indices must be integers, not 'str'

During handling of the above exception, another exception occurred:

Traceback (most recent call last):
  File "C:\Users\Bones\Projects\Windows-Midi-controller\midi_controller\actions\knob_actions.py", line 79, in set_screen_brightness
    sbc.set_brightness(brightness)
    ~~~~~~~~~~~~~~~~~~^^^^^^^^^^^^
  File "C:\Users\Bones\AppData\Roaming\Python\Python313\site-packages\screen_brightness_control\config.py", line 16, in wrapper
    return func(*args, **kwargs)
  File "C:\Users\Bones\AppData\Roaming\Python\Python313\site-packages\screen_brightness_control\__init__.py", line 134, in set_brightness
    return __brightness(
        value, display=display, method=method,
    ...<2 lines>...
        verbose_error=verbose_error
    )
  File "C:\Users\Bones\AppData\Roaming\Python\Python313\site-packages\screen_brightness_control\__init__.py", line 712, in __brightness
    for monitor in filter_monitors(display=display, method=method, allow_duplicates=allow_duplicates):
                   ~~~~~~~~~~~~~~~^^^^^^^^^^^^^^^^^^^^^^^^^^^^^^^^^^^^^^^^^^^^^^^^^^^^^^^^^^^^^^^^^^^
  File "C:\Users\Bones\AppData\Roaming\Python\Python313\site-packages\screen_brightness_control\config.py", line 16, in wrapper
    return func(*args, **kwargs)
  File "C:\Users\Bones\AppData\Roaming\Python\Python313\site-packages\screen_brightness_control\__init__.py", line 672, in filter_monitors
    duplicates = get_monitor_list()
  File "C:\Users\Bones\AppData\Roaming\Python\Python313\site-packages\screen_brightness_control\__init__.py", line 612, in get_monitor_list
    monitors_with_duplicates = list_monitors_info(
        method=method, allow_duplicates=True)
  File "C:\Users\Bones\AppData\Roaming\Python\Python313\site-packages\screen_brightness_control\config.py", line 16, in wrapper
    return func(*args, **kwargs)
  File "C:\Users\Bones\AppData\Roaming\Python\Python313\site-packages\screen_brightness_control\__init__.py", line 272, in list_monitors_info
    return _OS_MODULE.list_monitors_info(
           ~~~~~~~~~~~~~~~~~~~~~~~~~~~~~^
        method=method, allow_duplicates=allow_duplicates, unsupported=unsupported
        ^^^^^^^^^^^^^^^^^^^^^^^^^^^^^^^^^^^^^^^^^^^^^^^^^^^^^^^^^^^^^^^^^^^^^^^^^
    )
    ^
  File "C:\Users\Bones\AppData\Roaming\Python\Python313\site-packages\screen_brightness_control\windows.py", line 396, in list_monitors_info
    info = get_display_info()
  File "C:\Users\Bones\AppData\Roaming\Python\Python313\site-packages\screen_brightness_control\windows.py", line 194, in get_display_info
    if item['method'] == VCP:
       ~~~~^^^^^^^^^^
TypeError: string indices must be integers, not 'str'

2024-11-25 22:15:38,249 - MPKMini - INFO - Received knob CC: 4, value: 57
2024-11-25 22:15:38,250 - MPKMini - INFO - Normalized value: 0.45
2024-11-25 22:15:38,250 - MPKMini - INFO - Setting brightness to 44%
2024-11-25 22:15:38,288 - MPKMini - WARNING - Failed to get monitor list: string indices must be integers, not 'str', trying fallback method
2024-11-25 22:15:38,325 - MPKMini - ERROR - Failed to set brightness: string indices must be integers, not 'str'
2024-11-25 22:15:38,328 - MPKMini - ERROR - Traceback (most recent call last):
  File "C:\Users\Bones\Projects\Windows-Midi-controller\midi_controller\actions\knob_actions.py", line 57, in set_screen_brightness
    monitors = sbc.list_monitors()
  File "C:\Users\Bones\AppData\Roaming\Python\Python313\site-packages\screen_brightness_control\config.py", line 16, in wrapper
    return func(*args, **kwargs)
  File "C:\Users\Bones\AppData\Roaming\Python\Python313\site-packages\screen_brightness_control\__init__.py", line 294, in list_monitors
    return [i['name'] for i in list_monitors_info(method=method, allow_duplicates=allow_duplicates)]
                               ~~~~~~~~~~~~~~~~~~^^^^^^^^^^^^^^^^^^^^^^^^^^^^^^^^^^^^^^^^^^^^^^^^^^
  File "C:\Users\Bones\AppData\Roaming\Python\Python313\site-packages\screen_brightness_control\config.py", line 16, in wrapper
    return func(*args, **kwargs)
  File "C:\Users\Bones\AppData\Roaming\Python\Python313\site-packages\screen_brightness_control\__init__.py", line 272, in list_monitors_info
    return _OS_MODULE.list_monitors_info(
           ~~~~~~~~~~~~~~~~~~~~~~~~~~~~~^
        method=method, allow_duplicates=allow_duplicates, unsupported=unsupported
        ^^^^^^^^^^^^^^^^^^^^^^^^^^^^^^^^^^^^^^^^^^^^^^^^^^^^^^^^^^^^^^^^^^^^^^^^^
    )
    ^
  File "C:\Users\Bones\AppData\Roaming\Python\Python313\site-packages\screen_brightness_control\windows.py", line 396, in list_monitors_info
    info = get_display_info()
  File "C:\Users\Bones\AppData\Roaming\Python\Python313\site-packages\screen_brightness_control\windows.py", line 194, in get_display_info
    if item['method'] == VCP:
       ~~~~^^^^^^^^^^
TypeError: string indices must be integers, not 'str'

During handling of the above exception, another exception occurred:

Traceback (most recent call last):
  File "C:\Users\Bones\Projects\Windows-Midi-controller\midi_controller\actions\knob_actions.py", line 79, in set_screen_brightness
    sbc.set_brightness(brightness)
    ~~~~~~~~~~~~~~~~~~^^^^^^^^^^^^
  File "C:\Users\Bones\AppData\Roaming\Python\Python313\site-packages\screen_brightness_control\config.py", line 16, in wrapper
    return func(*args, **kwargs)
  File "C:\Users\Bones\AppData\Roaming\Python\Python313\site-packages\screen_brightness_control\__init__.py", line 134, in set_brightness
    return __brightness(
        value, display=display, method=method,
    ...<2 lines>...
        verbose_error=verbose_error
    )
  File "C:\Users\Bones\AppData\Roaming\Python\Python313\site-packages\screen_brightness_control\__init__.py", line 712, in __brightness
    for monitor in filter_monitors(display=display, method=method, allow_duplicates=allow_duplicates):
                   ~~~~~~~~~~~~~~~^^^^^^^^^^^^^^^^^^^^^^^^^^^^^^^^^^^^^^^^^^^^^^^^^^^^^^^^^^^^^^^^^^^
  File "C:\Users\Bones\AppData\Roaming\Python\Python313\site-packages\screen_brightness_control\config.py", line 16, in wrapper
    return func(*args, **kwargs)
  File "C:\Users\Bones\AppData\Roaming\Python\Python313\site-packages\screen_brightness_control\__init__.py", line 672, in filter_monitors
    duplicates = get_monitor_list()
  File "C:\Users\Bones\AppData\Roaming\Python\Python313\site-packages\screen_brightness_control\__init__.py", line 612, in get_monitor_list
    monitors_with_duplicates = list_monitors_info(
        method=method, allow_duplicates=True)
  File "C:\Users\Bones\AppData\Roaming\Python\Python313\site-packages\screen_brightness_control\config.py", line 16, in wrapper
    return func(*args, **kwargs)
  File "C:\Users\Bones\AppData\Roaming\Python\Python313\site-packages\screen_brightness_control\__init__.py", line 272, in list_monitors_info
    return _OS_MODULE.list_monitors_info(
           ~~~~~~~~~~~~~~~~~~~~~~~~~~~~~^
        method=method, allow_duplicates=allow_duplicates, unsupported=unsupported
        ^^^^^^^^^^^^^^^^^^^^^^^^^^^^^^^^^^^^^^^^^^^^^^^^^^^^^^^^^^^^^^^^^^^^^^^^^
    )
    ^
  File "C:\Users\Bones\AppData\Roaming\Python\Python313\site-packages\screen_brightness_control\windows.py", line 396, in list_monitors_info
    info = get_display_info()
  File "C:\Users\Bones\AppData\Roaming\Python\Python313\site-packages\screen_brightness_control\windows.py", line 194, in get_display_info
    if item['method'] == VCP:
       ~~~~^^^^^^^^^^
TypeError: string indices must be integers, not 'str'

2024-11-25 22:15:38,331 - MPKMini - INFO - Received knob CC: 4, value: 58
2024-11-25 22:15:38,331 - MPKMini - INFO - Normalized value: 0.46
2024-11-25 22:15:38,332 - MPKMini - INFO - Setting brightness to 45%
2024-11-25 22:15:38,369 - MPKMini - WARNING - Failed to get monitor list: string indices must be integers, not 'str', trying fallback method
2024-11-25 22:15:38,407 - MPKMini - ERROR - Failed to set brightness: string indices must be integers, not 'str'
2024-11-25 22:15:38,410 - MPKMini - ERROR - Traceback (most recent call last):
  File "C:\Users\Bones\Projects\Windows-Midi-controller\midi_controller\actions\knob_actions.py", line 57, in set_screen_brightness
    monitors = sbc.list_monitors()
  File "C:\Users\Bones\AppData\Roaming\Python\Python313\site-packages\screen_brightness_control\config.py", line 16, in wrapper
    return func(*args, **kwargs)
  File "C:\Users\Bones\AppData\Roaming\Python\Python313\site-packages\screen_brightness_control\__init__.py", line 294, in list_monitors
    return [i['name'] for i in list_monitors_info(method=method, allow_duplicates=allow_duplicates)]
                               ~~~~~~~~~~~~~~~~~~^^^^^^^^^^^^^^^^^^^^^^^^^^^^^^^^^^^^^^^^^^^^^^^^^^
  File "C:\Users\Bones\AppData\Roaming\Python\Python313\site-packages\screen_brightness_control\config.py", line 16, in wrapper
    return func(*args, **kwargs)
  File "C:\Users\Bones\AppData\Roaming\Python\Python313\site-packages\screen_brightness_control\__init__.py", line 272, in list_monitors_info
    return _OS_MODULE.list_monitors_info(
           ~~~~~~~~~~~~~~~~~~~~~~~~~~~~~^
        method=method, allow_duplicates=allow_duplicates, unsupported=unsupported
        ^^^^^^^^^^^^^^^^^^^^^^^^^^^^^^^^^^^^^^^^^^^^^^^^^^^^^^^^^^^^^^^^^^^^^^^^^
    )
    ^
  File "C:\Users\Bones\AppData\Roaming\Python\Python313\site-packages\screen_brightness_control\windows.py", line 396, in list_monitors_info
    info = get_display_info()
  File "C:\Users\Bones\AppData\Roaming\Python\Python313\site-packages\screen_brightness_control\windows.py", line 194, in get_display_info
    if item['method'] == VCP:
       ~~~~^^^^^^^^^^
TypeError: string indices must be integers, not 'str'

During handling of the above exception, another exception occurred:

Traceback (most recent call last):
  File "C:\Users\Bones\Projects\Windows-Midi-controller\midi_controller\actions\knob_actions.py", line 79, in set_screen_brightness
    sbc.set_brightness(brightness)
    ~~~~~~~~~~~~~~~~~~^^^^^^^^^^^^
  File "C:\Users\Bones\AppData\Roaming\Python\Python313\site-packages\screen_brightness_control\config.py", line 16, in wrapper
    return func(*args, **kwargs)
  File "C:\Users\Bones\AppData\Roaming\Python\Python313\site-packages\screen_brightness_control\__init__.py", line 134, in set_brightness
    return __brightness(
        value, display=display, method=method,
    ...<2 lines>...
        verbose_error=verbose_error
    )
  File "C:\Users\Bones\AppData\Roaming\Python\Python313\site-packages\screen_brightness_control\__init__.py", line 712, in __brightness
    for monitor in filter_monitors(display=display, method=method, allow_duplicates=allow_duplicates):
                   ~~~~~~~~~~~~~~~^^^^^^^^^^^^^^^^^^^^^^^^^^^^^^^^^^^^^^^^^^^^^^^^^^^^^^^^^^^^^^^^^^^
  File "C:\Users\Bones\AppData\Roaming\Python\Python313\site-packages\screen_brightness_control\config.py", line 16, in wrapper
    return func(*args, **kwargs)
  File "C:\Users\Bones\AppData\Roaming\Python\Python313\site-packages\screen_brightness_control\__init__.py", line 672, in filter_monitors
    duplicates = get_monitor_list()
  File "C:\Users\Bones\AppData\Roaming\Python\Python313\site-packages\screen_brightness_control\__init__.py", line 612, in get_monitor_list
    monitors_with_duplicates = list_monitors_info(
        method=method, allow_duplicates=True)
  File "C:\Users\Bones\AppData\Roaming\Python\Python313\site-packages\screen_brightness_control\config.py", line 16, in wrapper
    return func(*args, **kwargs)
  File "C:\Users\Bones\AppData\Roaming\Python\Python313\site-packages\screen_brightness_control\__init__.py", line 272, in list_monitors_info
    return _OS_MODULE.list_monitors_info(
           ~~~~~~~~~~~~~~~~~~~~~~~~~~~~~^
        method=method, allow_duplicates=allow_duplicates, unsupported=unsupported
        ^^^^^^^^^^^^^^^^^^^^^^^^^^^^^^^^^^^^^^^^^^^^^^^^^^^^^^^^^^^^^^^^^^^^^^^^^
    )
    ^
  File "C:\Users\Bones\AppData\Roaming\Python\Python313\site-packages\screen_brightness_control\windows.py", line 396, in list_monitors_info
    info = get_display_info()
  File "C:\Users\Bones\AppData\Roaming\Python\Python313\site-packages\screen_brightness_control\windows.py", line 194, in get_display_info
    if item['method'] == VCP:
       ~~~~^^^^^^^^^^
TypeError: string indices must be integers, not 'str'

2024-11-25 22:15:38,413 - MPKMini - INFO - Received knob CC: 4, value: 60
2024-11-25 22:15:38,413 - MPKMini - INFO - Normalized value: 0.47
2024-11-25 22:15:38,413 - MPKMini - INFO - Setting brightness to 47%
2024-11-25 22:15:38,451 - MPKMini - WARNING - Failed to get monitor list: string indices must be integers, not 'str', trying fallback method
2024-11-25 22:15:38,489 - MPKMini - ERROR - Failed to set brightness: string indices must be integers, not 'str'
2024-11-25 22:15:38,491 - MPKMini - ERROR - Traceback (most recent call last):
  File "C:\Users\Bones\Projects\Windows-Midi-controller\midi_controller\actions\knob_actions.py", line 57, in set_screen_brightness
    monitors = sbc.list_monitors()
  File "C:\Users\Bones\AppData\Roaming\Python\Python313\site-packages\screen_brightness_control\config.py", line 16, in wrapper
    return func(*args, **kwargs)
  File "C:\Users\Bones\AppData\Roaming\Python\Python313\site-packages\screen_brightness_control\__init__.py", line 294, in list_monitors
    return [i['name'] for i in list_monitors_info(method=method, allow_duplicates=allow_duplicates)]
                               ~~~~~~~~~~~~~~~~~~^^^^^^^^^^^^^^^^^^^^^^^^^^^^^^^^^^^^^^^^^^^^^^^^^^
  File "C:\Users\Bones\AppData\Roaming\Python\Python313\site-packages\screen_brightness_control\config.py", line 16, in wrapper
    return func(*args, **kwargs)
  File "C:\Users\Bones\AppData\Roaming\Python\Python313\site-packages\screen_brightness_control\__init__.py", line 272, in list_monitors_info
    return _OS_MODULE.list_monitors_info(
           ~~~~~~~~~~~~~~~~~~~~~~~~~~~~~^
        method=method, allow_duplicates=allow_duplicates, unsupported=unsupported
        ^^^^^^^^^^^^^^^^^^^^^^^^^^^^^^^^^^^^^^^^^^^^^^^^^^^^^^^^^^^^^^^^^^^^^^^^^
    )
    ^
  File "C:\Users\Bones\AppData\Roaming\Python\Python313\site-packages\screen_brightness_control\windows.py", line 396, in list_monitors_info
    info = get_display_info()
  File "C:\Users\Bones\AppData\Roaming\Python\Python313\site-packages\screen_brightness_control\windows.py", line 194, in get_display_info
    if item['method'] == VCP:
       ~~~~^^^^^^^^^^
TypeError: string indices must be integers, not 'str'

During handling of the above exception, another exception occurred:

Traceback (most recent call last):
  File "C:\Users\Bones\Projects\Windows-Midi-controller\midi_controller\actions\knob_actions.py", line 79, in set_screen_brightness
    sbc.set_brightness(brightness)
    ~~~~~~~~~~~~~~~~~~^^^^^^^^^^^^
  File "C:\Users\Bones\AppData\Roaming\Python\Python313\site-packages\screen_brightness_control\config.py", line 16, in wrapper
    return func(*args, **kwargs)
  File "C:\Users\Bones\AppData\Roaming\Python\Python313\site-packages\screen_brightness_control\__init__.py", line 134, in set_brightness
    return __brightness(
        value, display=display, method=method,
    ...<2 lines>...
        verbose_error=verbose_error
    )
  File "C:\Users\Bones\AppData\Roaming\Python\Python313\site-packages\screen_brightness_control\__init__.py", line 712, in __brightness
    for monitor in filter_monitors(display=display, method=method, allow_duplicates=allow_duplicates):
                   ~~~~~~~~~~~~~~~^^^^^^^^^^^^^^^^^^^^^^^^^^^^^^^^^^^^^^^^^^^^^^^^^^^^^^^^^^^^^^^^^^^
  File "C:\Users\Bones\AppData\Roaming\Python\Python313\site-packages\screen_brightness_control\config.py", line 16, in wrapper
    return func(*args, **kwargs)
  File "C:\Users\Bones\AppData\Roaming\Python\Python313\site-packages\screen_brightness_control\__init__.py", line 672, in filter_monitors
    duplicates = get_monitor_list()
  File "C:\Users\Bones\AppData\Roaming\Python\Python313\site-packages\screen_brightness_control\__init__.py", line 612, in get_monitor_list
    monitors_with_duplicates = list_monitors_info(
        method=method, allow_duplicates=True)
  File "C:\Users\Bones\AppData\Roaming\Python\Python313\site-packages\screen_brightness_control\config.py", line 16, in wrapper
    return func(*args, **kwargs)
  File "C:\Users\Bones\AppData\Roaming\Python\Python313\site-packages\screen_brightness_control\__init__.py", line 272, in list_monitors_info
    return _OS_MODULE.list_monitors_info(
           ~~~~~~~~~~~~~~~~~~~~~~~~~~~~~^
        method=method, allow_duplicates=allow_duplicates, unsupported=unsupported
        ^^^^^^^^^^^^^^^^^^^^^^^^^^^^^^^^^^^^^^^^^^^^^^^^^^^^^^^^^^^^^^^^^^^^^^^^^
    )
    ^
  File "C:\Users\Bones\AppData\Roaming\Python\Python313\site-packages\screen_brightness_control\windows.py", line 396, in list_monitors_info
    info = get_display_info()
  File "C:\Users\Bones\AppData\Roaming\Python\Python313\site-packages\screen_brightness_control\windows.py", line 194, in get_display_info
    if item['method'] == VCP:
       ~~~~^^^^^^^^^^
TypeError: string indices must be integers, not 'str'

2024-11-25 22:15:38,495 - MPKMini - INFO - Received knob CC: 4, value: 61
2024-11-25 22:15:38,495 - MPKMini - INFO - Normalized value: 0.48
2024-11-25 22:15:38,495 - MPKMini - INFO - Setting brightness to 48%
2024-11-25 22:15:38,535 - MPKMini - WARNING - Failed to get monitor list: string indices must be integers, not 'str', trying fallback method
2024-11-25 22:15:38,573 - MPKMini - ERROR - Failed to set brightness: string indices must be integers, not 'str'
2024-11-25 22:15:38,576 - MPKMini - ERROR - Traceback (most recent call last):
  File "C:\Users\Bones\Projects\Windows-Midi-controller\midi_controller\actions\knob_actions.py", line 57, in set_screen_brightness
    monitors = sbc.list_monitors()
  File "C:\Users\Bones\AppData\Roaming\Python\Python313\site-packages\screen_brightness_control\config.py", line 16, in wrapper
    return func(*args, **kwargs)
  File "C:\Users\Bones\AppData\Roaming\Python\Python313\site-packages\screen_brightness_control\__init__.py", line 294, in list_monitors
    return [i['name'] for i in list_monitors_info(method=method, allow_duplicates=allow_duplicates)]
                               ~~~~~~~~~~~~~~~~~~^^^^^^^^^^^^^^^^^^^^^^^^^^^^^^^^^^^^^^^^^^^^^^^^^^
  File "C:\Users\Bones\AppData\Roaming\Python\Python313\site-packages\screen_brightness_control\config.py", line 16, in wrapper
    return func(*args, **kwargs)
  File "C:\Users\Bones\AppData\Roaming\Python\Python313\site-packages\screen_brightness_control\__init__.py", line 272, in list_monitors_info
    return _OS_MODULE.list_monitors_info(
           ~~~~~~~~~~~~~~~~~~~~~~~~~~~~~^
        method=method, allow_duplicates=allow_duplicates, unsupported=unsupported
        ^^^^^^^^^^^^^^^^^^^^^^^^^^^^^^^^^^^^^^^^^^^^^^^^^^^^^^^^^^^^^^^^^^^^^^^^^
    )
    ^
  File "C:\Users\Bones\AppData\Roaming\Python\Python313\site-packages\screen_brightness_control\windows.py", line 396, in list_monitors_info
    info = get_display_info()
  File "C:\Users\Bones\AppData\Roaming\Python\Python313\site-packages\screen_brightness_control\windows.py", line 194, in get_display_info
    if item['method'] == VCP:
       ~~~~^^^^^^^^^^
TypeError: string indices must be integers, not 'str'

During handling of the above exception, another exception occurred:

Traceback (most recent call last):
  File "C:\Users\Bones\Projects\Windows-Midi-controller\midi_controller\actions\knob_actions.py", line 79, in set_screen_brightness
    sbc.set_brightness(brightness)
    ~~~~~~~~~~~~~~~~~~^^^^^^^^^^^^
  File "C:\Users\Bones\AppData\Roaming\Python\Python313\site-packages\screen_brightness_control\config.py", line 16, in wrapper
    return func(*args, **kwargs)
  File "C:\Users\Bones\AppData\Roaming\Python\Python313\site-packages\screen_brightness_control\__init__.py", line 134, in set_brightness
    return __brightness(
        value, display=display, method=method,
    ...<2 lines>...
        verbose_error=verbose_error
    )
  File "C:\Users\Bones\AppData\Roaming\Python\Python313\site-packages\screen_brightness_control\__init__.py", line 712, in __brightness
    for monitor in filter_monitors(display=display, method=method, allow_duplicates=allow_duplicates):
                   ~~~~~~~~~~~~~~~^^^^^^^^^^^^^^^^^^^^^^^^^^^^^^^^^^^^^^^^^^^^^^^^^^^^^^^^^^^^^^^^^^^
  File "C:\Users\Bones\AppData\Roaming\Python\Python313\site-packages\screen_brightness_control\config.py", line 16, in wrapper
    return func(*args, **kwargs)
  File "C:\Users\Bones\AppData\Roaming\Python\Python313\site-packages\screen_brightness_control\__init__.py", line 672, in filter_monitors
    duplicates = get_monitor_list()
  File "C:\Users\Bones\AppData\Roaming\Python\Python313\site-packages\screen_brightness_control\__init__.py", line 612, in get_monitor_list
    monitors_with_duplicates = list_monitors_info(
        method=method, allow_duplicates=True)
  File "C:\Users\Bones\AppData\Roaming\Python\Python313\site-packages\screen_brightness_control\config.py", line 16, in wrapper
    return func(*args, **kwargs)
  File "C:\Users\Bones\AppData\Roaming\Python\Python313\site-packages\screen_brightness_control\__init__.py", line 272, in list_monitors_info
    return _OS_MODULE.list_monitors_info(
           ~~~~~~~~~~~~~~~~~~~~~~~~~~~~~^
        method=method, allow_duplicates=allow_duplicates, unsupported=unsupported
        ^^^^^^^^^^^^^^^^^^^^^^^^^^^^^^^^^^^^^^^^^^^^^^^^^^^^^^^^^^^^^^^^^^^^^^^^^
    )
    ^
  File "C:\Users\Bones\AppData\Roaming\Python\Python313\site-packages\screen_brightness_control\windows.py", line 396, in list_monitors_info
    info = get_display_info()
  File "C:\Users\Bones\AppData\Roaming\Python\Python313\site-packages\screen_brightness_control\windows.py", line 194, in get_display_info
    if item['method'] == VCP:
       ~~~~^^^^^^^^^^
TypeError: string indices must be integers, not 'str'

2024-11-25 22:15:38,580 - MPKMini - INFO - Received knob CC: 4, value: 62
2024-11-25 22:15:38,580 - MPKMini - INFO - Normalized value: 0.49
2024-11-25 22:15:38,580 - MPKMini - INFO - Setting brightness to 48%
2024-11-25 22:15:38,618 - MPKMini - WARNING - Failed to get monitor list: string indices must be integers, not 'str', trying fallback method
2024-11-25 22:15:38,659 - MPKMini - ERROR - Failed to set brightness: string indices must be integers, not 'str'
2024-11-25 22:15:38,662 - MPKMini - ERROR - Traceback (most recent call last):
  File "C:\Users\Bones\Projects\Windows-Midi-controller\midi_controller\actions\knob_actions.py", line 57, in set_screen_brightness
    monitors = sbc.list_monitors()
  File "C:\Users\Bones\AppData\Roaming\Python\Python313\site-packages\screen_brightness_control\config.py", line 16, in wrapper
    return func(*args, **kwargs)
  File "C:\Users\Bones\AppData\Roaming\Python\Python313\site-packages\screen_brightness_control\__init__.py", line 294, in list_monitors
    return [i['name'] for i in list_monitors_info(method=method, allow_duplicates=allow_duplicates)]
                               ~~~~~~~~~~~~~~~~~~^^^^^^^^^^^^^^^^^^^^^^^^^^^^^^^^^^^^^^^^^^^^^^^^^^
  File "C:\Users\Bones\AppData\Roaming\Python\Python313\site-packages\screen_brightness_control\config.py", line 16, in wrapper
    return func(*args, **kwargs)
  File "C:\Users\Bones\AppData\Roaming\Python\Python313\site-packages\screen_brightness_control\__init__.py", line 272, in list_monitors_info
    return _OS_MODULE.list_monitors_info(
           ~~~~~~~~~~~~~~~~~~~~~~~~~~~~~^
        method=method, allow_duplicates=allow_duplicates, unsupported=unsupported
        ^^^^^^^^^^^^^^^^^^^^^^^^^^^^^^^^^^^^^^^^^^^^^^^^^^^^^^^^^^^^^^^^^^^^^^^^^
    )
    ^
  File "C:\Users\Bones\AppData\Roaming\Python\Python313\site-packages\screen_brightness_control\windows.py", line 396, in list_monitors_info
    info = get_display_info()
  File "C:\Users\Bones\AppData\Roaming\Python\Python313\site-packages\screen_brightness_control\windows.py", line 194, in get_display_info
    if item['method'] == VCP:
       ~~~~^^^^^^^^^^
TypeError: string indices must be integers, not 'str'

During handling of the above exception, another exception occurred:

Traceback (most recent call last):
  File "C:\Users\Bones\Projects\Windows-Midi-controller\midi_controller\actions\knob_actions.py", line 79, in set_screen_brightness
    sbc.set_brightness(brightness)
    ~~~~~~~~~~~~~~~~~~^^^^^^^^^^^^
  File "C:\Users\Bones\AppData\Roaming\Python\Python313\site-packages\screen_brightness_control\config.py", line 16, in wrapper
    return func(*args, **kwargs)
  File "C:\Users\Bones\AppData\Roaming\Python\Python313\site-packages\screen_brightness_control\__init__.py", line 134, in set_brightness
    return __brightness(
        value, display=display, method=method,
    ...<2 lines>...
        verbose_error=verbose_error
    )
  File "C:\Users\Bones\AppData\Roaming\Python\Python313\site-packages\screen_brightness_control\__init__.py", line 712, in __brightness
    for monitor in filter_monitors(display=display, method=method, allow_duplicates=allow_duplicates):
                   ~~~~~~~~~~~~~~~^^^^^^^^^^^^^^^^^^^^^^^^^^^^^^^^^^^^^^^^^^^^^^^^^^^^^^^^^^^^^^^^^^^
  File "C:\Users\Bones\AppData\Roaming\Python\Python313\site-packages\screen_brightness_control\config.py", line 16, in wrapper
    return func(*args, **kwargs)
  File "C:\Users\Bones\AppData\Roaming\Python\Python313\site-packages\screen_brightness_control\__init__.py", line 672, in filter_monitors
    duplicates = get_monitor_list()
  File "C:\Users\Bones\AppData\Roaming\Python\Python313\site-packages\screen_brightness_control\__init__.py", line 612, in get_monitor_list
    monitors_with_duplicates = list_monitors_info(
        method=method, allow_duplicates=True)
  File "C:\Users\Bones\AppData\Roaming\Python\Python313\site-packages\screen_brightness_control\config.py", line 16, in wrapper
    return func(*args, **kwargs)
  File "C:\Users\Bones\AppData\Roaming\Python\Python313\site-packages\screen_brightness_control\__init__.py", line 272, in list_monitors_info
    return _OS_MODULE.list_monitors_info(
           ~~~~~~~~~~~~~~~~~~~~~~~~~~~~~^
        method=method, allow_duplicates=allow_duplicates, unsupported=unsupported
        ^^^^^^^^^^^^^^^^^^^^^^^^^^^^^^^^^^^^^^^^^^^^^^^^^^^^^^^^^^^^^^^^^^^^^^^^^
    )
    ^
  File "C:\Users\Bones\AppData\Roaming\Python\Python313\site-packages\screen_brightness_control\windows.py", line 396, in list_monitors_info
    info = get_display_info()
  File "C:\Users\Bones\AppData\Roaming\Python\Python313\site-packages\screen_brightness_control\windows.py", line 194, in get_display_info
    if item['method'] == VCP:
       ~~~~^^^^^^^^^^
TypeError: string indices must be integers, not 'str'

2024-11-25 22:15:38,666 - MPKMini - INFO - Received knob CC: 4, value: 63
2024-11-25 22:15:38,666 - MPKMini - INFO - Normalized value: 0.50
2024-11-25 22:15:38,666 - MPKMini - INFO - Setting brightness to 49%
2024-11-25 22:15:38,707 - MPKMini - WARNING - Failed to get monitor list: string indices must be integers, not 'str', trying fallback method
2024-11-25 22:15:38,752 - MPKMini - ERROR - Failed to set brightness: string indices must be integers, not 'str'
2024-11-25 22:15:38,754 - MPKMini - ERROR - Traceback (most recent call last):
  File "C:\Users\Bones\Projects\Windows-Midi-controller\midi_controller\actions\knob_actions.py", line 57, in set_screen_brightness
    monitors = sbc.list_monitors()
  File "C:\Users\Bones\AppData\Roaming\Python\Python313\site-packages\screen_brightness_control\config.py", line 16, in wrapper
    return func(*args, **kwargs)
  File "C:\Users\Bones\AppData\Roaming\Python\Python313\site-packages\screen_brightness_control\__init__.py", line 294, in list_monitors
    return [i['name'] for i in list_monitors_info(method=method, allow_duplicates=allow_duplicates)]
                               ~~~~~~~~~~~~~~~~~~^^^^^^^^^^^^^^^^^^^^^^^^^^^^^^^^^^^^^^^^^^^^^^^^^^
  File "C:\Users\Bones\AppData\Roaming\Python\Python313\site-packages\screen_brightness_control\config.py", line 16, in wrapper
    return func(*args, **kwargs)
  File "C:\Users\Bones\AppData\Roaming\Python\Python313\site-packages\screen_brightness_control\__init__.py", line 272, in list_monitors_info
    return _OS_MODULE.list_monitors_info(
           ~~~~~~~~~~~~~~~~~~~~~~~~~~~~~^
        method=method, allow_duplicates=allow_duplicates, unsupported=unsupported
        ^^^^^^^^^^^^^^^^^^^^^^^^^^^^^^^^^^^^^^^^^^^^^^^^^^^^^^^^^^^^^^^^^^^^^^^^^
    )
    ^
  File "C:\Users\Bones\AppData\Roaming\Python\Python313\site-packages\screen_brightness_control\windows.py", line 396, in list_monitors_info
    info = get_display_info()
  File "C:\Users\Bones\AppData\Roaming\Python\Python313\site-packages\screen_brightness_control\windows.py", line 194, in get_display_info
    if item['method'] == VCP:
       ~~~~^^^^^^^^^^
TypeError: string indices must be integers, not 'str'

During handling of the above exception, another exception occurred:

Traceback (most recent call last):
  File "C:\Users\Bones\Projects\Windows-Midi-controller\midi_controller\actions\knob_actions.py", line 79, in set_screen_brightness
    sbc.set_brightness(brightness)
    ~~~~~~~~~~~~~~~~~~^^^^^^^^^^^^
  File "C:\Users\Bones\AppData\Roaming\Python\Python313\site-packages\screen_brightness_control\config.py", line 16, in wrapper
    return func(*args, **kwargs)
  File "C:\Users\Bones\AppData\Roaming\Python\Python313\site-packages\screen_brightness_control\__init__.py", line 134, in set_brightness
    return __brightness(
        value, display=display, method=method,
    ...<2 lines>...
        verbose_error=verbose_error
    )
  File "C:\Users\Bones\AppData\Roaming\Python\Python313\site-packages\screen_brightness_control\__init__.py", line 712, in __brightness
    for monitor in filter_monitors(display=display, method=method, allow_duplicates=allow_duplicates):
                   ~~~~~~~~~~~~~~~^^^^^^^^^^^^^^^^^^^^^^^^^^^^^^^^^^^^^^^^^^^^^^^^^^^^^^^^^^^^^^^^^^^
  File "C:\Users\Bones\AppData\Roaming\Python\Python313\site-packages\screen_brightness_control\config.py", line 16, in wrapper
    return func(*args, **kwargs)
  File "C:\Users\Bones\AppData\Roaming\Python\Python313\site-packages\screen_brightness_control\__init__.py", line 672, in filter_monitors
    duplicates = get_monitor_list()
  File "C:\Users\Bones\AppData\Roaming\Python\Python313\site-packages\screen_brightness_control\__init__.py", line 612, in get_monitor_list
    monitors_with_duplicates = list_monitors_info(
        method=method, allow_duplicates=True)
  File "C:\Users\Bones\AppData\Roaming\Python\Python313\site-packages\screen_brightness_control\config.py", line 16, in wrapper
    return func(*args, **kwargs)
  File "C:\Users\Bones\AppData\Roaming\Python\Python313\site-packages\screen_brightness_control\__init__.py", line 272, in list_monitors_info
    return _OS_MODULE.list_monitors_info(
           ~~~~~~~~~~~~~~~~~~~~~~~~~~~~~^
        method=method, allow_duplicates=allow_duplicates, unsupported=unsupported
        ^^^^^^^^^^^^^^^^^^^^^^^^^^^^^^^^^^^^^^^^^^^^^^^^^^^^^^^^^^^^^^^^^^^^^^^^^
    )
    ^
  File "C:\Users\Bones\AppData\Roaming\Python\Python313\site-packages\screen_brightness_control\windows.py", line 396, in list_monitors_info
    info = get_display_info()
  File "C:\Users\Bones\AppData\Roaming\Python\Python313\site-packages\screen_brightness_control\windows.py", line 194, in get_display_info
    if item['method'] == VCP:
       ~~~~^^^^^^^^^^
TypeError: string indices must be integers, not 'str'

2024-11-25 22:15:38,759 - MPKMini - INFO - Received knob CC: 4, value: 64
2024-11-25 22:15:38,759 - MPKMini - INFO - Normalized value: 0.50
2024-11-25 22:15:38,759 - MPKMini - INFO - Setting brightness to 50%
2024-11-25 22:15:38,799 - MPKMini - WARNING - Failed to get monitor list: string indices must be integers, not 'str', trying fallback method
2024-11-25 22:15:38,838 - MPKMini - ERROR - Failed to set brightness: string indices must be integers, not 'str'
2024-11-25 22:15:38,840 - MPKMini - ERROR - Traceback (most recent call last):
  File "C:\Users\Bones\Projects\Windows-Midi-controller\midi_controller\actions\knob_actions.py", line 57, in set_screen_brightness
    monitors = sbc.list_monitors()
  File "C:\Users\Bones\AppData\Roaming\Python\Python313\site-packages\screen_brightness_control\config.py", line 16, in wrapper
    return func(*args, **kwargs)
  File "C:\Users\Bones\AppData\Roaming\Python\Python313\site-packages\screen_brightness_control\__init__.py", line 294, in list_monitors
    return [i['name'] for i in list_monitors_info(method=method, allow_duplicates=allow_duplicates)]
                               ~~~~~~~~~~~~~~~~~~^^^^^^^^^^^^^^^^^^^^^^^^^^^^^^^^^^^^^^^^^^^^^^^^^^
  File "C:\Users\Bones\AppData\Roaming\Python\Python313\site-packages\screen_brightness_control\config.py", line 16, in wrapper
    return func(*args, **kwargs)
  File "C:\Users\Bones\AppData\Roaming\Python\Python313\site-packages\screen_brightness_control\__init__.py", line 272, in list_monitors_info
    return _OS_MODULE.list_monitors_info(
           ~~~~~~~~~~~~~~~~~~~~~~~~~~~~~^
        method=method, allow_duplicates=allow_duplicates, unsupported=unsupported
        ^^^^^^^^^^^^^^^^^^^^^^^^^^^^^^^^^^^^^^^^^^^^^^^^^^^^^^^^^^^^^^^^^^^^^^^^^
    )
    ^
  File "C:\Users\Bones\AppData\Roaming\Python\Python313\site-packages\screen_brightness_control\windows.py", line 396, in list_monitors_info
    info = get_display_info()
  File "C:\Users\Bones\AppData\Roaming\Python\Python313\site-packages\screen_brightness_control\windows.py", line 194, in get_display_info
    if item['method'] == VCP:
       ~~~~^^^^^^^^^^
TypeError: string indices must be integers, not 'str'

During handling of the above exception, another exception occurred:

Traceback (most recent call last):
  File "C:\Users\Bones\Projects\Windows-Midi-controller\midi_controller\actions\knob_actions.py", line 79, in set_screen_brightness
    sbc.set_brightness(brightness)
    ~~~~~~~~~~~~~~~~~~^^^^^^^^^^^^
  File "C:\Users\Bones\AppData\Roaming\Python\Python313\site-packages\screen_brightness_control\config.py", line 16, in wrapper
    return func(*args, **kwargs)
  File "C:\Users\Bones\AppData\Roaming\Python\Python313\site-packages\screen_brightness_control\__init__.py", line 134, in set_brightness
    return __brightness(
        value, display=display, method=method,
    ...<2 lines>...
        verbose_error=verbose_error
    )
  File "C:\Users\Bones\AppData\Roaming\Python\Python313\site-packages\screen_brightness_control\__init__.py", line 712, in __brightness
    for monitor in filter_monitors(display=display, method=method, allow_duplicates=allow_duplicates):
                   ~~~~~~~~~~~~~~~^^^^^^^^^^^^^^^^^^^^^^^^^^^^^^^^^^^^^^^^^^^^^^^^^^^^^^^^^^^^^^^^^^^
  File "C:\Users\Bones\AppData\Roaming\Python\Python313\site-packages\screen_brightness_control\config.py", line 16, in wrapper
    return func(*args, **kwargs)
  File "C:\Users\Bones\AppData\Roaming\Python\Python313\site-packages\screen_brightness_control\__init__.py", line 672, in filter_monitors
    duplicates = get_monitor_list()
  File "C:\Users\Bones\AppData\Roaming\Python\Python313\site-packages\screen_brightness_control\__init__.py", line 612, in get_monitor_list
    monitors_with_duplicates = list_monitors_info(
        method=method, allow_duplicates=True)
  File "C:\Users\Bones\AppData\Roaming\Python\Python313\site-packages\screen_brightness_control\config.py", line 16, in wrapper
    return func(*args, **kwargs)
  File "C:\Users\Bones\AppData\Roaming\Python\Python313\site-packages\screen_brightness_control\__init__.py", line 272, in list_monitors_info
    return _OS_MODULE.list_monitors_info(
           ~~~~~~~~~~~~~~~~~~~~~~~~~~~~~^
        method=method, allow_duplicates=allow_duplicates, unsupported=unsupported
        ^^^^^^^^^^^^^^^^^^^^^^^^^^^^^^^^^^^^^^^^^^^^^^^^^^^^^^^^^^^^^^^^^^^^^^^^^
    )
    ^
  File "C:\Users\Bones\AppData\Roaming\Python\Python313\site-packages\screen_brightness_control\windows.py", line 396, in list_monitors_info
    info = get_display_info()
  File "C:\Users\Bones\AppData\Roaming\Python\Python313\site-packages\screen_brightness_control\windows.py", line 194, in get_display_info
    if item['method'] == VCP:
       ~~~~^^^^^^^^^^
TypeError: string indices must be integers, not 'str'

2024-11-25 22:15:38,845 - MPKMini - INFO - Received knob CC: 4, value: 65
2024-11-25 22:15:38,846 - MPKMini - INFO - Normalized value: 0.51
2024-11-25 22:15:38,846 - MPKMini - INFO - Setting brightness to 51%
2024-11-25 22:15:38,891 - MPKMini - WARNING - Failed to get monitor list: string indices must be integers, not 'str', trying fallback method
2024-11-25 22:15:38,933 - MPKMini - ERROR - Failed to set brightness: string indices must be integers, not 'str'
2024-11-25 22:15:38,936 - MPKMini - ERROR - Traceback (most recent call last):
  File "C:\Users\Bones\Projects\Windows-Midi-controller\midi_controller\actions\knob_actions.py", line 57, in set_screen_brightness
    monitors = sbc.list_monitors()
  File "C:\Users\Bones\AppData\Roaming\Python\Python313\site-packages\screen_brightness_control\config.py", line 16, in wrapper
    return func(*args, **kwargs)
  File "C:\Users\Bones\AppData\Roaming\Python\Python313\site-packages\screen_brightness_control\__init__.py", line 294, in list_monitors
    return [i['name'] for i in list_monitors_info(method=method, allow_duplicates=allow_duplicates)]
                               ~~~~~~~~~~~~~~~~~~^^^^^^^^^^^^^^^^^^^^^^^^^^^^^^^^^^^^^^^^^^^^^^^^^^
  File "C:\Users\Bones\AppData\Roaming\Python\Python313\site-packages\screen_brightness_control\config.py", line 16, in wrapper
    return func(*args, **kwargs)
  File "C:\Users\Bones\AppData\Roaming\Python\Python313\site-packages\screen_brightness_control\__init__.py", line 272, in list_monitors_info
    return _OS_MODULE.list_monitors_info(
           ~~~~~~~~~~~~~~~~~~~~~~~~~~~~~^
        method=method, allow_duplicates=allow_duplicates, unsupported=unsupported
        ^^^^^^^^^^^^^^^^^^^^^^^^^^^^^^^^^^^^^^^^^^^^^^^^^^^^^^^^^^^^^^^^^^^^^^^^^
    )
    ^
  File "C:\Users\Bones\AppData\Roaming\Python\Python313\site-packages\screen_brightness_control\windows.py", line 396, in list_monitors_info
    info = get_display_info()
  File "C:\Users\Bones\AppData\Roaming\Python\Python313\site-packages\screen_brightness_control\windows.py", line 194, in get_display_info
    if item['method'] == VCP:
       ~~~~^^^^^^^^^^
TypeError: string indices must be integers, not 'str'

During handling of the above exception, another exception occurred:

Traceback (most recent call last):
  File "C:\Users\Bones\Projects\Windows-Midi-controller\midi_controller\actions\knob_actions.py", line 79, in set_screen_brightness
    sbc.set_brightness(brightness)
    ~~~~~~~~~~~~~~~~~~^^^^^^^^^^^^
  File "C:\Users\Bones\AppData\Roaming\Python\Python313\site-packages\screen_brightness_control\config.py", line 16, in wrapper
    return func(*args, **kwargs)
  File "C:\Users\Bones\AppData\Roaming\Python\Python313\site-packages\screen_brightness_control\__init__.py", line 134, in set_brightness
    return __brightness(
        value, display=display, method=method,
    ...<2 lines>...
        verbose_error=verbose_error
    )
  File "C:\Users\Bones\AppData\Roaming\Python\Python313\site-packages\screen_brightness_control\__init__.py", line 712, in __brightness
    for monitor in filter_monitors(display=display, method=method, allow_duplicates=allow_duplicates):
                   ~~~~~~~~~~~~~~~^^^^^^^^^^^^^^^^^^^^^^^^^^^^^^^^^^^^^^^^^^^^^^^^^^^^^^^^^^^^^^^^^^^
  File "C:\Users\Bones\AppData\Roaming\Python\Python313\site-packages\screen_brightness_control\config.py", line 16, in wrapper
    return func(*args, **kwargs)
  File "C:\Users\Bones\AppData\Roaming\Python\Python313\site-packages\screen_brightness_control\__init__.py", line 672, in filter_monitors
    duplicates = get_monitor_list()
  File "C:\Users\Bones\AppData\Roaming\Python\Python313\site-packages\screen_brightness_control\__init__.py", line 612, in get_monitor_list
    monitors_with_duplicates = list_monitors_info(
        method=method, allow_duplicates=True)
  File "C:\Users\Bones\AppData\Roaming\Python\Python313\site-packages\screen_brightness_control\config.py", line 16, in wrapper
    return func(*args, **kwargs)
  File "C:\Users\Bones\AppData\Roaming\Python\Python313\site-packages\screen_brightness_control\__init__.py", line 272, in list_monitors_info
    return _OS_MODULE.list_monitors_info(
           ~~~~~~~~~~~~~~~~~~~~~~~~~~~~~^
        method=method, allow_duplicates=allow_duplicates, unsupported=unsupported
        ^^^^^^^^^^^^^^^^^^^^^^^^^^^^^^^^^^^^^^^^^^^^^^^^^^^^^^^^^^^^^^^^^^^^^^^^^
    )
    ^
  File "C:\Users\Bones\AppData\Roaming\Python\Python313\site-packages\screen_brightness_control\windows.py", line 396, in list_monitors_info
    info = get_display_info()
  File "C:\Users\Bones\AppData\Roaming\Python\Python313\site-packages\screen_brightness_control\windows.py", line 194, in get_display_info
    if item['method'] == VCP:
       ~~~~^^^^^^^^^^
TypeError: string indices must be integers, not 'str'

2024-11-25 22:15:38,939 - MPKMini - INFO - Received knob CC: 4, value: 67
2024-11-25 22:15:38,939 - MPKMini - INFO - Normalized value: 0.53
2024-11-25 22:15:38,939 - MPKMini - INFO - Setting brightness to 52%
2024-11-25 22:15:38,981 - MPKMini - WARNING - Failed to get monitor list: string indices must be integers, not 'str', trying fallback method
2024-11-25 22:15:39,019 - MPKMini - ERROR - Failed to set brightness: string indices must be integers, not 'str'
2024-11-25 22:15:39,021 - MPKMini - ERROR - Traceback (most recent call last):
  File "C:\Users\Bones\Projects\Windows-Midi-controller\midi_controller\actions\knob_actions.py", line 57, in set_screen_brightness
    monitors = sbc.list_monitors()
  File "C:\Users\Bones\AppData\Roaming\Python\Python313\site-packages\screen_brightness_control\config.py", line 16, in wrapper
    return func(*args, **kwargs)
  File "C:\Users\Bones\AppData\Roaming\Python\Python313\site-packages\screen_brightness_control\__init__.py", line 294, in list_monitors
    return [i['name'] for i in list_monitors_info(method=method, allow_duplicates=allow_duplicates)]
                               ~~~~~~~~~~~~~~~~~~^^^^^^^^^^^^^^^^^^^^^^^^^^^^^^^^^^^^^^^^^^^^^^^^^^
  File "C:\Users\Bones\AppData\Roaming\Python\Python313\site-packages\screen_brightness_control\config.py", line 16, in wrapper
    return func(*args, **kwargs)
  File "C:\Users\Bones\AppData\Roaming\Python\Python313\site-packages\screen_brightness_control\__init__.py", line 272, in list_monitors_info
    return _OS_MODULE.list_monitors_info(
           ~~~~~~~~~~~~~~~~~~~~~~~~~~~~~^
        method=method, allow_duplicates=allow_duplicates, unsupported=unsupported
        ^^^^^^^^^^^^^^^^^^^^^^^^^^^^^^^^^^^^^^^^^^^^^^^^^^^^^^^^^^^^^^^^^^^^^^^^^
    )
    ^
  File "C:\Users\Bones\AppData\Roaming\Python\Python313\site-packages\screen_brightness_control\windows.py", line 396, in list_monitors_info
    info = get_display_info()
  File "C:\Users\Bones\AppData\Roaming\Python\Python313\site-packages\screen_brightness_control\windows.py", line 194, in get_display_info
    if item['method'] == VCP:
       ~~~~^^^^^^^^^^
TypeError: string indices must be integers, not 'str'

During handling of the above exception, another exception occurred:

Traceback (most recent call last):
  File "C:\Users\Bones\Projects\Windows-Midi-controller\midi_controller\actions\knob_actions.py", line 79, in set_screen_brightness
    sbc.set_brightness(brightness)
    ~~~~~~~~~~~~~~~~~~^^^^^^^^^^^^
  File "C:\Users\Bones\AppData\Roaming\Python\Python313\site-packages\screen_brightness_control\config.py", line 16, in wrapper
    return func(*args, **kwargs)
  File "C:\Users\Bones\AppData\Roaming\Python\Python313\site-packages\screen_brightness_control\__init__.py", line 134, in set_brightness
    return __brightness(
        value, display=display, method=method,
    ...<2 lines>...
        verbose_error=verbose_error
    )
  File "C:\Users\Bones\AppData\Roaming\Python\Python313\site-packages\screen_brightness_control\__init__.py", line 712, in __brightness
    for monitor in filter_monitors(display=display, method=method, allow_duplicates=allow_duplicates):
                   ~~~~~~~~~~~~~~~^^^^^^^^^^^^^^^^^^^^^^^^^^^^^^^^^^^^^^^^^^^^^^^^^^^^^^^^^^^^^^^^^^^
  File "C:\Users\Bones\AppData\Roaming\Python\Python313\site-packages\screen_brightness_control\config.py", line 16, in wrapper
    return func(*args, **kwargs)
  File "C:\Users\Bones\AppData\Roaming\Python\Python313\site-packages\screen_brightness_control\__init__.py", line 672, in filter_monitors
    duplicates = get_monitor_list()
  File "C:\Users\Bones\AppData\Roaming\Python\Python313\site-packages\screen_brightness_control\__init__.py", line 612, in get_monitor_list
    monitors_with_duplicates = list_monitors_info(
        method=method, allow_duplicates=True)
  File "C:\Users\Bones\AppData\Roaming\Python\Python313\site-packages\screen_brightness_control\config.py", line 16, in wrapper
    return func(*args, **kwargs)
  File "C:\Users\Bones\AppData\Roaming\Python\Python313\site-packages\screen_brightness_control\__init__.py", line 272, in list_monitors_info
    return _OS_MODULE.list_monitors_info(
           ~~~~~~~~~~~~~~~~~~~~~~~~~~~~~^
        method=method, allow_duplicates=allow_duplicates, unsupported=unsupported
        ^^^^^^^^^^^^^^^^^^^^^^^^^^^^^^^^^^^^^^^^^^^^^^^^^^^^^^^^^^^^^^^^^^^^^^^^^
    )
    ^
  File "C:\Users\Bones\AppData\Roaming\Python\Python313\site-packages\screen_brightness_control\windows.py", line 396, in list_monitors_info
    info = get_display_info()
  File "C:\Users\Bones\AppData\Roaming\Python\Python313\site-packages\screen_brightness_control\windows.py", line 194, in get_display_info
    if item['method'] == VCP:
       ~~~~^^^^^^^^^^
TypeError: string indices must be integers, not 'str'

2024-11-25 22:15:39,025 - MPKMini - INFO - Received knob CC: 4, value: 68
2024-11-25 22:15:39,025 - MPKMini - INFO - Normalized value: 0.54
2024-11-25 22:15:39,025 - MPKMini - INFO - Setting brightness to 53%
2024-11-25 22:15:39,065 - MPKMini - WARNING - Failed to get monitor list: string indices must be integers, not 'str', trying fallback method
2024-11-25 22:15:39,102 - MPKMini - ERROR - Failed to set brightness: string indices must be integers, not 'str'
2024-11-25 22:15:39,104 - MPKMini - ERROR - Traceback (most recent call last):
  File "C:\Users\Bones\Projects\Windows-Midi-controller\midi_controller\actions\knob_actions.py", line 57, in set_screen_brightness
    monitors = sbc.list_monitors()
  File "C:\Users\Bones\AppData\Roaming\Python\Python313\site-packages\screen_brightness_control\config.py", line 16, in wrapper
    return func(*args, **kwargs)
  File "C:\Users\Bones\AppData\Roaming\Python\Python313\site-packages\screen_brightness_control\__init__.py", line 294, in list_monitors
    return [i['name'] for i in list_monitors_info(method=method, allow_duplicates=allow_duplicates)]
                               ~~~~~~~~~~~~~~~~~~^^^^^^^^^^^^^^^^^^^^^^^^^^^^^^^^^^^^^^^^^^^^^^^^^^
  File "C:\Users\Bones\AppData\Roaming\Python\Python313\site-packages\screen_brightness_control\config.py", line 16, in wrapper
    return func(*args, **kwargs)
  File "C:\Users\Bones\AppData\Roaming\Python\Python313\site-packages\screen_brightness_control\__init__.py", line 272, in list_monitors_info
    return _OS_MODULE.list_monitors_info(
           ~~~~~~~~~~~~~~~~~~~~~~~~~~~~~^
        method=method, allow_duplicates=allow_duplicates, unsupported=unsupported
        ^^^^^^^^^^^^^^^^^^^^^^^^^^^^^^^^^^^^^^^^^^^^^^^^^^^^^^^^^^^^^^^^^^^^^^^^^
    )
    ^
  File "C:\Users\Bones\AppData\Roaming\Python\Python313\site-packages\screen_brightness_control\windows.py", line 396, in list_monitors_info
    info = get_display_info()
  File "C:\Users\Bones\AppData\Roaming\Python\Python313\site-packages\screen_brightness_control\windows.py", line 194, in get_display_info
    if item['method'] == VCP:
       ~~~~^^^^^^^^^^
TypeError: string indices must be integers, not 'str'

During handling of the above exception, another exception occurred:

Traceback (most recent call last):
  File "C:\Users\Bones\Projects\Windows-Midi-controller\midi_controller\actions\knob_actions.py", line 79, in set_screen_brightness
    sbc.set_brightness(brightness)
    ~~~~~~~~~~~~~~~~~~^^^^^^^^^^^^
  File "C:\Users\Bones\AppData\Roaming\Python\Python313\site-packages\screen_brightness_control\config.py", line 16, in wrapper
    return func(*args, **kwargs)
  File "C:\Users\Bones\AppData\Roaming\Python\Python313\site-packages\screen_brightness_control\__init__.py", line 134, in set_brightness
    return __brightness(
        value, display=display, method=method,
    ...<2 lines>...
        verbose_error=verbose_error
    )
  File "C:\Users\Bones\AppData\Roaming\Python\Python313\site-packages\screen_brightness_control\__init__.py", line 712, in __brightness
    for monitor in filter_monitors(display=display, method=method, allow_duplicates=allow_duplicates):
                   ~~~~~~~~~~~~~~~^^^^^^^^^^^^^^^^^^^^^^^^^^^^^^^^^^^^^^^^^^^^^^^^^^^^^^^^^^^^^^^^^^^
  File "C:\Users\Bones\AppData\Roaming\Python\Python313\site-packages\screen_brightness_control\config.py", line 16, in wrapper
    return func(*args, **kwargs)
  File "C:\Users\Bones\AppData\Roaming\Python\Python313\site-packages\screen_brightness_control\__init__.py", line 672, in filter_monitors
    duplicates = get_monitor_list()
  File "C:\Users\Bones\AppData\Roaming\Python\Python313\site-packages\screen_brightness_control\__init__.py", line 612, in get_monitor_list
    monitors_with_duplicates = list_monitors_info(
        method=method, allow_duplicates=True)
  File "C:\Users\Bones\AppData\Roaming\Python\Python313\site-packages\screen_brightness_control\config.py", line 16, in wrapper
    return func(*args, **kwargs)
  File "C:\Users\Bones\AppData\Roaming\Python\Python313\site-packages\screen_brightness_control\__init__.py", line 272, in list_monitors_info
    return _OS_MODULE.list_monitors_info(
           ~~~~~~~~~~~~~~~~~~~~~~~~~~~~~^
        method=method, allow_duplicates=allow_duplicates, unsupported=unsupported
        ^^^^^^^^^^^^^^^^^^^^^^^^^^^^^^^^^^^^^^^^^^^^^^^^^^^^^^^^^^^^^^^^^^^^^^^^^
    )
    ^
  File "C:\Users\Bones\AppData\Roaming\Python\Python313\site-packages\screen_brightness_control\windows.py", line 396, in list_monitors_info
    info = get_display_info()
  File "C:\Users\Bones\AppData\Roaming\Python\Python313\site-packages\screen_brightness_control\windows.py", line 194, in get_display_info
    if item['method'] == VCP:
       ~~~~^^^^^^^^^^
TypeError: string indices must be integers, not 'str'

2024-11-25 22:15:39,107 - MPKMini - INFO - Received knob CC: 4, value: 69
2024-11-25 22:15:39,107 - MPKMini - INFO - Normalized value: 0.54
2024-11-25 22:15:39,107 - MPKMini - INFO - Setting brightness to 54%
2024-11-25 22:15:39,145 - MPKMini - WARNING - Failed to get monitor list: string indices must be integers, not 'str', trying fallback method
2024-11-25 22:15:39,184 - MPKMini - ERROR - Failed to set brightness: string indices must be integers, not 'str'
2024-11-25 22:15:39,187 - MPKMini - ERROR - Traceback (most recent call last):
  File "C:\Users\Bones\Projects\Windows-Midi-controller\midi_controller\actions\knob_actions.py", line 57, in set_screen_brightness
    monitors = sbc.list_monitors()
  File "C:\Users\Bones\AppData\Roaming\Python\Python313\site-packages\screen_brightness_control\config.py", line 16, in wrapper
    return func(*args, **kwargs)
  File "C:\Users\Bones\AppData\Roaming\Python\Python313\site-packages\screen_brightness_control\__init__.py", line 294, in list_monitors
    return [i['name'] for i in list_monitors_info(method=method, allow_duplicates=allow_duplicates)]
                               ~~~~~~~~~~~~~~~~~~^^^^^^^^^^^^^^^^^^^^^^^^^^^^^^^^^^^^^^^^^^^^^^^^^^
  File "C:\Users\Bones\AppData\Roaming\Python\Python313\site-packages\screen_brightness_control\config.py", line 16, in wrapper
    return func(*args, **kwargs)
  File "C:\Users\Bones\AppData\Roaming\Python\Python313\site-packages\screen_brightness_control\__init__.py", line 272, in list_monitors_info
    return _OS_MODULE.list_monitors_info(
           ~~~~~~~~~~~~~~~~~~~~~~~~~~~~~^
        method=method, allow_duplicates=allow_duplicates, unsupported=unsupported
        ^^^^^^^^^^^^^^^^^^^^^^^^^^^^^^^^^^^^^^^^^^^^^^^^^^^^^^^^^^^^^^^^^^^^^^^^^
    )
    ^
  File "C:\Users\Bones\AppData\Roaming\Python\Python313\site-packages\screen_brightness_control\windows.py", line 396, in list_monitors_info
    info = get_display_info()
  File "C:\Users\Bones\AppData\Roaming\Python\Python313\site-packages\screen_brightness_control\windows.py", line 194, in get_display_info
    if item['method'] == VCP:
       ~~~~^^^^^^^^^^
TypeError: string indices must be integers, not 'str'

During handling of the above exception, another exception occurred:

Traceback (most recent call last):
  File "C:\Users\Bones\Projects\Windows-Midi-controller\midi_controller\actions\knob_actions.py", line 79, in set_screen_brightness
    sbc.set_brightness(brightness)
    ~~~~~~~~~~~~~~~~~~^^^^^^^^^^^^
  File "C:\Users\Bones\AppData\Roaming\Python\Python313\site-packages\screen_brightness_control\config.py", line 16, in wrapper
    return func(*args, **kwargs)
  File "C:\Users\Bones\AppData\Roaming\Python\Python313\site-packages\screen_brightness_control\__init__.py", line 134, in set_brightness
    return __brightness(
        value, display=display, method=method,
    ...<2 lines>...
        verbose_error=verbose_error
    )
  File "C:\Users\Bones\AppData\Roaming\Python\Python313\site-packages\screen_brightness_control\__init__.py", line 712, in __brightness
    for monitor in filter_monitors(display=display, method=method, allow_duplicates=allow_duplicates):
                   ~~~~~~~~~~~~~~~^^^^^^^^^^^^^^^^^^^^^^^^^^^^^^^^^^^^^^^^^^^^^^^^^^^^^^^^^^^^^^^^^^^
  File "C:\Users\Bones\AppData\Roaming\Python\Python313\site-packages\screen_brightness_control\config.py", line 16, in wrapper
    return func(*args, **kwargs)
  File "C:\Users\Bones\AppData\Roaming\Python\Python313\site-packages\screen_brightness_control\__init__.py", line 672, in filter_monitors
    duplicates = get_monitor_list()
  File "C:\Users\Bones\AppData\Roaming\Python\Python313\site-packages\screen_brightness_control\__init__.py", line 612, in get_monitor_list
    monitors_with_duplicates = list_monitors_info(
        method=method, allow_duplicates=True)
  File "C:\Users\Bones\AppData\Roaming\Python\Python313\site-packages\screen_brightness_control\config.py", line 16, in wrapper
    return func(*args, **kwargs)
  File "C:\Users\Bones\AppData\Roaming\Python\Python313\site-packages\screen_brightness_control\__init__.py", line 272, in list_monitors_info
    return _OS_MODULE.list_monitors_info(
           ~~~~~~~~~~~~~~~~~~~~~~~~~~~~~^
        method=method, allow_duplicates=allow_duplicates, unsupported=unsupported
        ^^^^^^^^^^^^^^^^^^^^^^^^^^^^^^^^^^^^^^^^^^^^^^^^^^^^^^^^^^^^^^^^^^^^^^^^^
    )
    ^
  File "C:\Users\Bones\AppData\Roaming\Python\Python313\site-packages\screen_brightness_control\windows.py", line 396, in list_monitors_info
    info = get_display_info()
  File "C:\Users\Bones\AppData\Roaming\Python\Python313\site-packages\screen_brightness_control\windows.py", line 194, in get_display_info
    if item['method'] == VCP:
       ~~~~^^^^^^^^^^
TypeError: string indices must be integers, not 'str'

2024-11-25 22:15:39,190 - MPKMini - INFO - Received knob CC: 4, value: 70
2024-11-25 22:15:39,190 - MPKMini - INFO - Normalized value: 0.55
2024-11-25 22:15:39,190 - MPKMini - INFO - Setting brightness to 55%
2024-11-25 22:15:39,227 - MPKMini - WARNING - Failed to get monitor list: string indices must be integers, not 'str', trying fallback method
2024-11-25 22:15:39,265 - MPKMini - ERROR - Failed to set brightness: string indices must be integers, not 'str'
2024-11-25 22:15:39,267 - MPKMini - ERROR - Traceback (most recent call last):
  File "C:\Users\Bones\Projects\Windows-Midi-controller\midi_controller\actions\knob_actions.py", line 57, in set_screen_brightness
    monitors = sbc.list_monitors()
  File "C:\Users\Bones\AppData\Roaming\Python\Python313\site-packages\screen_brightness_control\config.py", line 16, in wrapper
    return func(*args, **kwargs)
  File "C:\Users\Bones\AppData\Roaming\Python\Python313\site-packages\screen_brightness_control\__init__.py", line 294, in list_monitors
    return [i['name'] for i in list_monitors_info(method=method, allow_duplicates=allow_duplicates)]
                               ~~~~~~~~~~~~~~~~~~^^^^^^^^^^^^^^^^^^^^^^^^^^^^^^^^^^^^^^^^^^^^^^^^^^
  File "C:\Users\Bones\AppData\Roaming\Python\Python313\site-packages\screen_brightness_control\config.py", line 16, in wrapper
    return func(*args, **kwargs)
  File "C:\Users\Bones\AppData\Roaming\Python\Python313\site-packages\screen_brightness_control\__init__.py", line 272, in list_monitors_info
    return _OS_MODULE.list_monitors_info(
           ~~~~~~~~~~~~~~~~~~~~~~~~~~~~~^
        method=method, allow_duplicates=allow_duplicates, unsupported=unsupported
        ^^^^^^^^^^^^^^^^^^^^^^^^^^^^^^^^^^^^^^^^^^^^^^^^^^^^^^^^^^^^^^^^^^^^^^^^^
    )
    ^
  File "C:\Users\Bones\AppData\Roaming\Python\Python313\site-packages\screen_brightness_control\windows.py", line 396, in list_monitors_info
    info = get_display_info()
  File "C:\Users\Bones\AppData\Roaming\Python\Python313\site-packages\screen_brightness_control\windows.py", line 194, in get_display_info
    if item['method'] == VCP:
       ~~~~^^^^^^^^^^
TypeError: string indices must be integers, not 'str'

During handling of the above exception, another exception occurred:

Traceback (most recent call last):
  File "C:\Users\Bones\Projects\Windows-Midi-controller\midi_controller\actions\knob_actions.py", line 79, in set_screen_brightness
    sbc.set_brightness(brightness)
    ~~~~~~~~~~~~~~~~~~^^^^^^^^^^^^
  File "C:\Users\Bones\AppData\Roaming\Python\Python313\site-packages\screen_brightness_control\config.py", line 16, in wrapper
    return func(*args, **kwargs)
  File "C:\Users\Bones\AppData\Roaming\Python\Python313\site-packages\screen_brightness_control\__init__.py", line 134, in set_brightness
    return __brightness(
        value, display=display, method=method,
    ...<2 lines>...
        verbose_error=verbose_error
    )
  File "C:\Users\Bones\AppData\Roaming\Python\Python313\site-packages\screen_brightness_control\__init__.py", line 712, in __brightness
    for monitor in filter_monitors(display=display, method=method, allow_duplicates=allow_duplicates):
                   ~~~~~~~~~~~~~~~^^^^^^^^^^^^^^^^^^^^^^^^^^^^^^^^^^^^^^^^^^^^^^^^^^^^^^^^^^^^^^^^^^^
  File "C:\Users\Bones\AppData\Roaming\Python\Python313\site-packages\screen_brightness_control\config.py", line 16, in wrapper
    return func(*args, **kwargs)
  File "C:\Users\Bones\AppData\Roaming\Python\Python313\site-packages\screen_brightness_control\__init__.py", line 672, in filter_monitors
    duplicates = get_monitor_list()
  File "C:\Users\Bones\AppData\Roaming\Python\Python313\site-packages\screen_brightness_control\__init__.py", line 612, in get_monitor_list
    monitors_with_duplicates = list_monitors_info(
        method=method, allow_duplicates=True)
  File "C:\Users\Bones\AppData\Roaming\Python\Python313\site-packages\screen_brightness_control\config.py", line 16, in wrapper
    return func(*args, **kwargs)
  File "C:\Users\Bones\AppData\Roaming\Python\Python313\site-packages\screen_brightness_control\__init__.py", line 272, in list_monitors_info
    return _OS_MODULE.list_monitors_info(
           ~~~~~~~~~~~~~~~~~~~~~~~~~~~~~^
        method=method, allow_duplicates=allow_duplicates, unsupported=unsupported
        ^^^^^^^^^^^^^^^^^^^^^^^^^^^^^^^^^^^^^^^^^^^^^^^^^^^^^^^^^^^^^^^^^^^^^^^^^
    )
    ^
  File "C:\Users\Bones\AppData\Roaming\Python\Python313\site-packages\screen_brightness_control\windows.py", line 396, in list_monitors_info
    info = get_display_info()
  File "C:\Users\Bones\AppData\Roaming\Python\Python313\site-packages\screen_brightness_control\windows.py", line 194, in get_display_info
    if item['method'] == VCP:
       ~~~~^^^^^^^^^^
TypeError: string indices must be integers, not 'str'

2024-11-25 22:15:39,270 - MPKMini - INFO - Received knob CC: 4, value: 71
2024-11-25 22:15:39,270 - MPKMini - INFO - Normalized value: 0.56
2024-11-25 22:15:39,270 - MPKMini - INFO - Setting brightness to 55%
2024-11-25 22:15:39,308 - MPKMini - WARNING - Failed to get monitor list: string indices must be integers, not 'str', trying fallback method
2024-11-25 22:15:39,345 - MPKMini - ERROR - Failed to set brightness: string indices must be integers, not 'str'
2024-11-25 22:15:39,347 - MPKMini - ERROR - Traceback (most recent call last):
  File "C:\Users\Bones\Projects\Windows-Midi-controller\midi_controller\actions\knob_actions.py", line 57, in set_screen_brightness
    monitors = sbc.list_monitors()
  File "C:\Users\Bones\AppData\Roaming\Python\Python313\site-packages\screen_brightness_control\config.py", line 16, in wrapper
    return func(*args, **kwargs)
  File "C:\Users\Bones\AppData\Roaming\Python\Python313\site-packages\screen_brightness_control\__init__.py", line 294, in list_monitors
    return [i['name'] for i in list_monitors_info(method=method, allow_duplicates=allow_duplicates)]
                               ~~~~~~~~~~~~~~~~~~^^^^^^^^^^^^^^^^^^^^^^^^^^^^^^^^^^^^^^^^^^^^^^^^^^
  File "C:\Users\Bones\AppData\Roaming\Python\Python313\site-packages\screen_brightness_control\config.py", line 16, in wrapper
    return func(*args, **kwargs)
  File "C:\Users\Bones\AppData\Roaming\Python\Python313\site-packages\screen_brightness_control\__init__.py", line 272, in list_monitors_info
    return _OS_MODULE.list_monitors_info(
           ~~~~~~~~~~~~~~~~~~~~~~~~~~~~~^
        method=method, allow_duplicates=allow_duplicates, unsupported=unsupported
        ^^^^^^^^^^^^^^^^^^^^^^^^^^^^^^^^^^^^^^^^^^^^^^^^^^^^^^^^^^^^^^^^^^^^^^^^^
    )
    ^
  File "C:\Users\Bones\AppData\Roaming\Python\Python313\site-packages\screen_brightness_control\windows.py", line 396, in list_monitors_info
    info = get_display_info()
  File "C:\Users\Bones\AppData\Roaming\Python\Python313\site-packages\screen_brightness_control\windows.py", line 194, in get_display_info
    if item['method'] == VCP:
       ~~~~^^^^^^^^^^
TypeError: string indices must be integers, not 'str'

During handling of the above exception, another exception occurred:

Traceback (most recent call last):
  File "C:\Users\Bones\Projects\Windows-Midi-controller\midi_controller\actions\knob_actions.py", line 79, in set_screen_brightness
    sbc.set_brightness(brightness)
    ~~~~~~~~~~~~~~~~~~^^^^^^^^^^^^
  File "C:\Users\Bones\AppData\Roaming\Python\Python313\site-packages\screen_brightness_control\config.py", line 16, in wrapper
    return func(*args, **kwargs)
  File "C:\Users\Bones\AppData\Roaming\Python\Python313\site-packages\screen_brightness_control\__init__.py", line 134, in set_brightness
    return __brightness(
        value, display=display, method=method,
    ...<2 lines>...
        verbose_error=verbose_error
    )
  File "C:\Users\Bones\AppData\Roaming\Python\Python313\site-packages\screen_brightness_control\__init__.py", line 712, in __brightness
    for monitor in filter_monitors(display=display, method=method, allow_duplicates=allow_duplicates):
                   ~~~~~~~~~~~~~~~^^^^^^^^^^^^^^^^^^^^^^^^^^^^^^^^^^^^^^^^^^^^^^^^^^^^^^^^^^^^^^^^^^^
  File "C:\Users\Bones\AppData\Roaming\Python\Python313\site-packages\screen_brightness_control\config.py", line 16, in wrapper
    return func(*args, **kwargs)
  File "C:\Users\Bones\AppData\Roaming\Python\Python313\site-packages\screen_brightness_control\__init__.py", line 672, in filter_monitors
    duplicates = get_monitor_list()
  File "C:\Users\Bones\AppData\Roaming\Python\Python313\site-packages\screen_brightness_control\__init__.py", line 612, in get_monitor_list
    monitors_with_duplicates = list_monitors_info(
        method=method, allow_duplicates=True)
  File "C:\Users\Bones\AppData\Roaming\Python\Python313\site-packages\screen_brightness_control\config.py", line 16, in wrapper
    return func(*args, **kwargs)
  File "C:\Users\Bones\AppData\Roaming\Python\Python313\site-packages\screen_brightness_control\__init__.py", line 272, in list_monitors_info
    return _OS_MODULE.list_monitors_info(
           ~~~~~~~~~~~~~~~~~~~~~~~~~~~~~^
        method=method, allow_duplicates=allow_duplicates, unsupported=unsupported
        ^^^^^^^^^^^^^^^^^^^^^^^^^^^^^^^^^^^^^^^^^^^^^^^^^^^^^^^^^^^^^^^^^^^^^^^^^
    )
    ^
  File "C:\Users\Bones\AppData\Roaming\Python\Python313\site-packages\screen_brightness_control\windows.py", line 396, in list_monitors_info
    info = get_display_info()
  File "C:\Users\Bones\AppData\Roaming\Python\Python313\site-packages\screen_brightness_control\windows.py", line 194, in get_display_info
    if item['method'] == VCP:
       ~~~~^^^^^^^^^^
TypeError: string indices must be integers, not 'str'

2024-11-25 22:15:39,350 - MPKMini - INFO - Received knob CC: 4, value: 72
2024-11-25 22:15:39,350 - MPKMini - INFO - Normalized value: 0.57
2024-11-25 22:15:39,350 - MPKMini - INFO - Setting brightness to 56%
2024-11-25 22:15:39,389 - MPKMini - WARNING - Failed to get monitor list: string indices must be integers, not 'str', trying fallback method
2024-11-25 22:15:39,426 - MPKMini - ERROR - Failed to set brightness: string indices must be integers, not 'str'
2024-11-25 22:15:39,428 - MPKMini - ERROR - Traceback (most recent call last):
  File "C:\Users\Bones\Projects\Windows-Midi-controller\midi_controller\actions\knob_actions.py", line 57, in set_screen_brightness
    monitors = sbc.list_monitors()
  File "C:\Users\Bones\AppData\Roaming\Python\Python313\site-packages\screen_brightness_control\config.py", line 16, in wrapper
    return func(*args, **kwargs)
  File "C:\Users\Bones\AppData\Roaming\Python\Python313\site-packages\screen_brightness_control\__init__.py", line 294, in list_monitors
    return [i['name'] for i in list_monitors_info(method=method, allow_duplicates=allow_duplicates)]
                               ~~~~~~~~~~~~~~~~~~^^^^^^^^^^^^^^^^^^^^^^^^^^^^^^^^^^^^^^^^^^^^^^^^^^
  File "C:\Users\Bones\AppData\Roaming\Python\Python313\site-packages\screen_brightness_control\config.py", line 16, in wrapper
    return func(*args, **kwargs)
  File "C:\Users\Bones\AppData\Roaming\Python\Python313\site-packages\screen_brightness_control\__init__.py", line 272, in list_monitors_info
    return _OS_MODULE.list_monitors_info(
           ~~~~~~~~~~~~~~~~~~~~~~~~~~~~~^
        method=method, allow_duplicates=allow_duplicates, unsupported=unsupported
        ^^^^^^^^^^^^^^^^^^^^^^^^^^^^^^^^^^^^^^^^^^^^^^^^^^^^^^^^^^^^^^^^^^^^^^^^^
    )
    ^
  File "C:\Users\Bones\AppData\Roaming\Python\Python313\site-packages\screen_brightness_control\windows.py", line 396, in list_monitors_info
    info = get_display_info()
  File "C:\Users\Bones\AppData\Roaming\Python\Python313\site-packages\screen_brightness_control\windows.py", line 194, in get_display_info
    if item['method'] == VCP:
       ~~~~^^^^^^^^^^
TypeError: string indices must be integers, not 'str'

During handling of the above exception, another exception occurred:

Traceback (most recent call last):
  File "C:\Users\Bones\Projects\Windows-Midi-controller\midi_controller\actions\knob_actions.py", line 79, in set_screen_brightness
    sbc.set_brightness(brightness)
    ~~~~~~~~~~~~~~~~~~^^^^^^^^^^^^
  File "C:\Users\Bones\AppData\Roaming\Python\Python313\site-packages\screen_brightness_control\config.py", line 16, in wrapper
    return func(*args, **kwargs)
  File "C:\Users\Bones\AppData\Roaming\Python\Python313\site-packages\screen_brightness_control\__init__.py", line 134, in set_brightness
    return __brightness(
        value, display=display, method=method,
    ...<2 lines>...
        verbose_error=verbose_error
    )
  File "C:\Users\Bones\AppData\Roaming\Python\Python313\site-packages\screen_brightness_control\__init__.py", line 712, in __brightness
    for monitor in filter_monitors(display=display, method=method, allow_duplicates=allow_duplicates):
                   ~~~~~~~~~~~~~~~^^^^^^^^^^^^^^^^^^^^^^^^^^^^^^^^^^^^^^^^^^^^^^^^^^^^^^^^^^^^^^^^^^^
  File "C:\Users\Bones\AppData\Roaming\Python\Python313\site-packages\screen_brightness_control\config.py", line 16, in wrapper
    return func(*args, **kwargs)
  File "C:\Users\Bones\AppData\Roaming\Python\Python313\site-packages\screen_brightness_control\__init__.py", line 672, in filter_monitors
    duplicates = get_monitor_list()
  File "C:\Users\Bones\AppData\Roaming\Python\Python313\site-packages\screen_brightness_control\__init__.py", line 612, in get_monitor_list
    monitors_with_duplicates = list_monitors_info(
        method=method, allow_duplicates=True)
  File "C:\Users\Bones\AppData\Roaming\Python\Python313\site-packages\screen_brightness_control\config.py", line 16, in wrapper
    return func(*args, **kwargs)
  File "C:\Users\Bones\AppData\Roaming\Python\Python313\site-packages\screen_brightness_control\__init__.py", line 272, in list_monitors_info
    return _OS_MODULE.list_monitors_info(
           ~~~~~~~~~~~~~~~~~~~~~~~~~~~~~^
        method=method, allow_duplicates=allow_duplicates, unsupported=unsupported
        ^^^^^^^^^^^^^^^^^^^^^^^^^^^^^^^^^^^^^^^^^^^^^^^^^^^^^^^^^^^^^^^^^^^^^^^^^
    )
    ^
  File "C:\Users\Bones\AppData\Roaming\Python\Python313\site-packages\screen_brightness_control\windows.py", line 396, in list_monitors_info
    info = get_display_info()
  File "C:\Users\Bones\AppData\Roaming\Python\Python313\site-packages\screen_brightness_control\windows.py", line 194, in get_display_info
    if item['method'] == VCP:
       ~~~~^^^^^^^^^^
TypeError: string indices must be integers, not 'str'

2024-11-25 22:15:39,433 - MPKMini - INFO - Received knob CC: 4, value: 73
2024-11-25 22:15:39,433 - MPKMini - INFO - Normalized value: 0.57
2024-11-25 22:15:39,433 - MPKMini - INFO - Setting brightness to 57%
2024-11-25 22:15:39,471 - MPKMini - WARNING - Failed to get monitor list: string indices must be integers, not 'str', trying fallback method
2024-11-25 22:15:39,511 - MPKMini - ERROR - Failed to set brightness: string indices must be integers, not 'str'
2024-11-25 22:15:39,514 - MPKMini - ERROR - Traceback (most recent call last):
  File "C:\Users\Bones\Projects\Windows-Midi-controller\midi_controller\actions\knob_actions.py", line 57, in set_screen_brightness
    monitors = sbc.list_monitors()
  File "C:\Users\Bones\AppData\Roaming\Python\Python313\site-packages\screen_brightness_control\config.py", line 16, in wrapper
    return func(*args, **kwargs)
  File "C:\Users\Bones\AppData\Roaming\Python\Python313\site-packages\screen_brightness_control\__init__.py", line 294, in list_monitors
    return [i['name'] for i in list_monitors_info(method=method, allow_duplicates=allow_duplicates)]
                               ~~~~~~~~~~~~~~~~~~^^^^^^^^^^^^^^^^^^^^^^^^^^^^^^^^^^^^^^^^^^^^^^^^^^
  File "C:\Users\Bones\AppData\Roaming\Python\Python313\site-packages\screen_brightness_control\config.py", line 16, in wrapper
    return func(*args, **kwargs)
  File "C:\Users\Bones\AppData\Roaming\Python\Python313\site-packages\screen_brightness_control\__init__.py", line 272, in list_monitors_info
    return _OS_MODULE.list_monitors_info(
           ~~~~~~~~~~~~~~~~~~~~~~~~~~~~~^
        method=method, allow_duplicates=allow_duplicates, unsupported=unsupported
        ^^^^^^^^^^^^^^^^^^^^^^^^^^^^^^^^^^^^^^^^^^^^^^^^^^^^^^^^^^^^^^^^^^^^^^^^^
    )
    ^
  File "C:\Users\Bones\AppData\Roaming\Python\Python313\site-packages\screen_brightness_control\windows.py", line 396, in list_monitors_info
    info = get_display_info()
  File "C:\Users\Bones\AppData\Roaming\Python\Python313\site-packages\screen_brightness_control\windows.py", line 194, in get_display_info
    if item['method'] == VCP:
       ~~~~^^^^^^^^^^
TypeError: string indices must be integers, not 'str'

During handling of the above exception, another exception occurred:

Traceback (most recent call last):
  File "C:\Users\Bones\Projects\Windows-Midi-controller\midi_controller\actions\knob_actions.py", line 79, in set_screen_brightness
    sbc.set_brightness(brightness)
    ~~~~~~~~~~~~~~~~~~^^^^^^^^^^^^
  File "C:\Users\Bones\AppData\Roaming\Python\Python313\site-packages\screen_brightness_control\config.py", line 16, in wrapper
    return func(*args, **kwargs)
  File "C:\Users\Bones\AppData\Roaming\Python\Python313\site-packages\screen_brightness_control\__init__.py", line 134, in set_brightness
    return __brightness(
        value, display=display, method=method,
    ...<2 lines>...
        verbose_error=verbose_error
    )
  File "C:\Users\Bones\AppData\Roaming\Python\Python313\site-packages\screen_brightness_control\__init__.py", line 712, in __brightness
    for monitor in filter_monitors(display=display, method=method, allow_duplicates=allow_duplicates):
                   ~~~~~~~~~~~~~~~^^^^^^^^^^^^^^^^^^^^^^^^^^^^^^^^^^^^^^^^^^^^^^^^^^^^^^^^^^^^^^^^^^^
  File "C:\Users\Bones\AppData\Roaming\Python\Python313\site-packages\screen_brightness_control\config.py", line 16, in wrapper
    return func(*args, **kwargs)
  File "C:\Users\Bones\AppData\Roaming\Python\Python313\site-packages\screen_brightness_control\__init__.py", line 672, in filter_monitors
    duplicates = get_monitor_list()
  File "C:\Users\Bones\AppData\Roaming\Python\Python313\site-packages\screen_brightness_control\__init__.py", line 612, in get_monitor_list
    monitors_with_duplicates = list_monitors_info(
        method=method, allow_duplicates=True)
  File "C:\Users\Bones\AppData\Roaming\Python\Python313\site-packages\screen_brightness_control\config.py", line 16, in wrapper
    return func(*args, **kwargs)
  File "C:\Users\Bones\AppData\Roaming\Python\Python313\site-packages\screen_brightness_control\__init__.py", line 272, in list_monitors_info
    return _OS_MODULE.list_monitors_info(
           ~~~~~~~~~~~~~~~~~~~~~~~~~~~~~^
        method=method, allow_duplicates=allow_duplicates, unsupported=unsupported
        ^^^^^^^^^^^^^^^^^^^^^^^^^^^^^^^^^^^^^^^^^^^^^^^^^^^^^^^^^^^^^^^^^^^^^^^^^
    )
    ^
  File "C:\Users\Bones\AppData\Roaming\Python\Python313\site-packages\screen_brightness_control\windows.py", line 396, in list_monitors_info
    info = get_display_info()
  File "C:\Users\Bones\AppData\Roaming\Python\Python313\site-packages\screen_brightness_control\windows.py", line 194, in get_display_info
    if item['method'] == VCP:
       ~~~~^^^^^^^^^^
TypeError: string indices must be integers, not 'str'

2024-11-25 22:15:39,517 - MPKMini - INFO - Received knob CC: 4, value: 74
2024-11-25 22:15:39,517 - MPKMini - INFO - Normalized value: 0.58
2024-11-25 22:15:39,517 - MPKMini - INFO - Setting brightness to 58%
2024-11-25 22:15:39,555 - MPKMini - WARNING - Failed to get monitor list: string indices must be integers, not 'str', trying fallback method
2024-11-25 22:15:39,591 - MPKMini - ERROR - Failed to set brightness: string indices must be integers, not 'str'
2024-11-25 22:15:39,593 - MPKMini - ERROR - Traceback (most recent call last):
  File "C:\Users\Bones\Projects\Windows-Midi-controller\midi_controller\actions\knob_actions.py", line 57, in set_screen_brightness
    monitors = sbc.list_monitors()
  File "C:\Users\Bones\AppData\Roaming\Python\Python313\site-packages\screen_brightness_control\config.py", line 16, in wrapper
    return func(*args, **kwargs)
  File "C:\Users\Bones\AppData\Roaming\Python\Python313\site-packages\screen_brightness_control\__init__.py", line 294, in list_monitors
    return [i['name'] for i in list_monitors_info(method=method, allow_duplicates=allow_duplicates)]
                               ~~~~~~~~~~~~~~~~~~^^^^^^^^^^^^^^^^^^^^^^^^^^^^^^^^^^^^^^^^^^^^^^^^^^
  File "C:\Users\Bones\AppData\Roaming\Python\Python313\site-packages\screen_brightness_control\config.py", line 16, in wrapper
    return func(*args, **kwargs)
  File "C:\Users\Bones\AppData\Roaming\Python\Python313\site-packages\screen_brightness_control\__init__.py", line 272, in list_monitors_info
    return _OS_MODULE.list_monitors_info(
           ~~~~~~~~~~~~~~~~~~~~~~~~~~~~~^
        method=method, allow_duplicates=allow_duplicates, unsupported=unsupported
        ^^^^^^^^^^^^^^^^^^^^^^^^^^^^^^^^^^^^^^^^^^^^^^^^^^^^^^^^^^^^^^^^^^^^^^^^^
    )
    ^
  File "C:\Users\Bones\AppData\Roaming\Python\Python313\site-packages\screen_brightness_control\windows.py", line 396, in list_monitors_info
    info = get_display_info()
  File "C:\Users\Bones\AppData\Roaming\Python\Python313\site-packages\screen_brightness_control\windows.py", line 194, in get_display_info
    if item['method'] == VCP:
       ~~~~^^^^^^^^^^
TypeError: string indices must be integers, not 'str'

During handling of the above exception, another exception occurred:

Traceback (most recent call last):
  File "C:\Users\Bones\Projects\Windows-Midi-controller\midi_controller\actions\knob_actions.py", line 79, in set_screen_brightness
    sbc.set_brightness(brightness)
    ~~~~~~~~~~~~~~~~~~^^^^^^^^^^^^
  File "C:\Users\Bones\AppData\Roaming\Python\Python313\site-packages\screen_brightness_control\config.py", line 16, in wrapper
    return func(*args, **kwargs)
  File "C:\Users\Bones\AppData\Roaming\Python\Python313\site-packages\screen_brightness_control\__init__.py", line 134, in set_brightness
    return __brightness(
        value, display=display, method=method,
    ...<2 lines>...
        verbose_error=verbose_error
    )
  File "C:\Users\Bones\AppData\Roaming\Python\Python313\site-packages\screen_brightness_control\__init__.py", line 712, in __brightness
    for monitor in filter_monitors(display=display, method=method, allow_duplicates=allow_duplicates):
                   ~~~~~~~~~~~~~~~^^^^^^^^^^^^^^^^^^^^^^^^^^^^^^^^^^^^^^^^^^^^^^^^^^^^^^^^^^^^^^^^^^^
  File "C:\Users\Bones\AppData\Roaming\Python\Python313\site-packages\screen_brightness_control\config.py", line 16, in wrapper
    return func(*args, **kwargs)
  File "C:\Users\Bones\AppData\Roaming\Python\Python313\site-packages\screen_brightness_control\__init__.py", line 672, in filter_monitors
    duplicates = get_monitor_list()
  File "C:\Users\Bones\AppData\Roaming\Python\Python313\site-packages\screen_brightness_control\__init__.py", line 612, in get_monitor_list
    monitors_with_duplicates = list_monitors_info(
        method=method, allow_duplicates=True)
  File "C:\Users\Bones\AppData\Roaming\Python\Python313\site-packages\screen_brightness_control\config.py", line 16, in wrapper
    return func(*args, **kwargs)
  File "C:\Users\Bones\AppData\Roaming\Python\Python313\site-packages\screen_brightness_control\__init__.py", line 272, in list_monitors_info
    return _OS_MODULE.list_monitors_info(
           ~~~~~~~~~~~~~~~~~~~~~~~~~~~~~^
        method=method, allow_duplicates=allow_duplicates, unsupported=unsupported
        ^^^^^^^^^^^^^^^^^^^^^^^^^^^^^^^^^^^^^^^^^^^^^^^^^^^^^^^^^^^^^^^^^^^^^^^^^
    )
    ^
  File "C:\Users\Bones\AppData\Roaming\Python\Python313\site-packages\screen_brightness_control\windows.py", line 396, in list_monitors_info
    info = get_display_info()
  File "C:\Users\Bones\AppData\Roaming\Python\Python313\site-packages\screen_brightness_control\windows.py", line 194, in get_display_info
    if item['method'] == VCP:
       ~~~~^^^^^^^^^^
TypeError: string indices must be integers, not 'str'

2024-11-25 22:15:39,596 - MPKMini - INFO - Received knob CC: 4, value: 75
2024-11-25 22:15:39,597 - MPKMini - INFO - Normalized value: 0.59
2024-11-25 22:15:39,597 - MPKMini - INFO - Setting brightness to 59%
2024-11-25 22:15:39,636 - MPKMini - WARNING - Failed to get monitor list: string indices must be integers, not 'str', trying fallback method
2024-11-25 22:15:39,676 - MPKMini - ERROR - Failed to set brightness: string indices must be integers, not 'str'
2024-11-25 22:15:39,679 - MPKMini - ERROR - Traceback (most recent call last):
  File "C:\Users\Bones\Projects\Windows-Midi-controller\midi_controller\actions\knob_actions.py", line 57, in set_screen_brightness
    monitors = sbc.list_monitors()
  File "C:\Users\Bones\AppData\Roaming\Python\Python313\site-packages\screen_brightness_control\config.py", line 16, in wrapper
    return func(*args, **kwargs)
  File "C:\Users\Bones\AppData\Roaming\Python\Python313\site-packages\screen_brightness_control\__init__.py", line 294, in list_monitors
    return [i['name'] for i in list_monitors_info(method=method, allow_duplicates=allow_duplicates)]
                               ~~~~~~~~~~~~~~~~~~^^^^^^^^^^^^^^^^^^^^^^^^^^^^^^^^^^^^^^^^^^^^^^^^^^
  File "C:\Users\Bones\AppData\Roaming\Python\Python313\site-packages\screen_brightness_control\config.py", line 16, in wrapper
    return func(*args, **kwargs)
  File "C:\Users\Bones\AppData\Roaming\Python\Python313\site-packages\screen_brightness_control\__init__.py", line 272, in list_monitors_info
    return _OS_MODULE.list_monitors_info(
           ~~~~~~~~~~~~~~~~~~~~~~~~~~~~~^
        method=method, allow_duplicates=allow_duplicates, unsupported=unsupported
        ^^^^^^^^^^^^^^^^^^^^^^^^^^^^^^^^^^^^^^^^^^^^^^^^^^^^^^^^^^^^^^^^^^^^^^^^^
    )
    ^
  File "C:\Users\Bones\AppData\Roaming\Python\Python313\site-packages\screen_brightness_control\windows.py", line 396, in list_monitors_info
    info = get_display_info()
  File "C:\Users\Bones\AppData\Roaming\Python\Python313\site-packages\screen_brightness_control\windows.py", line 194, in get_display_info
    if item['method'] == VCP:
       ~~~~^^^^^^^^^^
TypeError: string indices must be integers, not 'str'

During handling of the above exception, another exception occurred:

Traceback (most recent call last):
  File "C:\Users\Bones\Projects\Windows-Midi-controller\midi_controller\actions\knob_actions.py", line 79, in set_screen_brightness
    sbc.set_brightness(brightness)
    ~~~~~~~~~~~~~~~~~~^^^^^^^^^^^^
  File "C:\Users\Bones\AppData\Roaming\Python\Python313\site-packages\screen_brightness_control\config.py", line 16, in wrapper
    return func(*args, **kwargs)
  File "C:\Users\Bones\AppData\Roaming\Python\Python313\site-packages\screen_brightness_control\__init__.py", line 134, in set_brightness
    return __brightness(
        value, display=display, method=method,
    ...<2 lines>...
        verbose_error=verbose_error
    )
  File "C:\Users\Bones\AppData\Roaming\Python\Python313\site-packages\screen_brightness_control\__init__.py", line 712, in __brightness
    for monitor in filter_monitors(display=display, method=method, allow_duplicates=allow_duplicates):
                   ~~~~~~~~~~~~~~~^^^^^^^^^^^^^^^^^^^^^^^^^^^^^^^^^^^^^^^^^^^^^^^^^^^^^^^^^^^^^^^^^^^
  File "C:\Users\Bones\AppData\Roaming\Python\Python313\site-packages\screen_brightness_control\config.py", line 16, in wrapper
    return func(*args, **kwargs)
  File "C:\Users\Bones\AppData\Roaming\Python\Python313\site-packages\screen_brightness_control\__init__.py", line 672, in filter_monitors
    duplicates = get_monitor_list()
  File "C:\Users\Bones\AppData\Roaming\Python\Python313\site-packages\screen_brightness_control\__init__.py", line 612, in get_monitor_list
    monitors_with_duplicates = list_monitors_info(
        method=method, allow_duplicates=True)
  File "C:\Users\Bones\AppData\Roaming\Python\Python313\site-packages\screen_brightness_control\config.py", line 16, in wrapper
    return func(*args, **kwargs)
  File "C:\Users\Bones\AppData\Roaming\Python\Python313\site-packages\screen_brightness_control\__init__.py", line 272, in list_monitors_info
    return _OS_MODULE.list_monitors_info(
           ~~~~~~~~~~~~~~~~~~~~~~~~~~~~~^
        method=method, allow_duplicates=allow_duplicates, unsupported=unsupported
        ^^^^^^^^^^^^^^^^^^^^^^^^^^^^^^^^^^^^^^^^^^^^^^^^^^^^^^^^^^^^^^^^^^^^^^^^^
    )
    ^
  File "C:\Users\Bones\AppData\Roaming\Python\Python313\site-packages\screen_brightness_control\windows.py", line 396, in list_monitors_info
    info = get_display_info()
  File "C:\Users\Bones\AppData\Roaming\Python\Python313\site-packages\screen_brightness_control\windows.py", line 194, in get_display_info
    if item['method'] == VCP:
       ~~~~^^^^^^^^^^
TypeError: string indices must be integers, not 'str'

2024-11-25 22:15:39,682 - MPKMini - INFO - Received knob CC: 4, value: 77
2024-11-25 22:15:39,682 - MPKMini - INFO - Normalized value: 0.61
2024-11-25 22:15:39,682 - MPKMini - INFO - Setting brightness to 60%
2024-11-25 22:15:39,726 - MPKMini - WARNING - Failed to get monitor list: string indices must be integers, not 'str', trying fallback method
2024-11-25 22:15:39,768 - MPKMini - ERROR - Failed to set brightness: string indices must be integers, not 'str'
2024-11-25 22:15:39,771 - MPKMini - ERROR - Traceback (most recent call last):
  File "C:\Users\Bones\Projects\Windows-Midi-controller\midi_controller\actions\knob_actions.py", line 57, in set_screen_brightness
    monitors = sbc.list_monitors()
  File "C:\Users\Bones\AppData\Roaming\Python\Python313\site-packages\screen_brightness_control\config.py", line 16, in wrapper
    return func(*args, **kwargs)
  File "C:\Users\Bones\AppData\Roaming\Python\Python313\site-packages\screen_brightness_control\__init__.py", line 294, in list_monitors
    return [i['name'] for i in list_monitors_info(method=method, allow_duplicates=allow_duplicates)]
                               ~~~~~~~~~~~~~~~~~~^^^^^^^^^^^^^^^^^^^^^^^^^^^^^^^^^^^^^^^^^^^^^^^^^^
  File "C:\Users\Bones\AppData\Roaming\Python\Python313\site-packages\screen_brightness_control\config.py", line 16, in wrapper
    return func(*args, **kwargs)
  File "C:\Users\Bones\AppData\Roaming\Python\Python313\site-packages\screen_brightness_control\__init__.py", line 272, in list_monitors_info
    return _OS_MODULE.list_monitors_info(
           ~~~~~~~~~~~~~~~~~~~~~~~~~~~~~^
        method=method, allow_duplicates=allow_duplicates, unsupported=unsupported
        ^^^^^^^^^^^^^^^^^^^^^^^^^^^^^^^^^^^^^^^^^^^^^^^^^^^^^^^^^^^^^^^^^^^^^^^^^
    )
    ^
  File "C:\Users\Bones\AppData\Roaming\Python\Python313\site-packages\screen_brightness_control\windows.py", line 396, in list_monitors_info
    info = get_display_info()
  File "C:\Users\Bones\AppData\Roaming\Python\Python313\site-packages\screen_brightness_control\windows.py", line 194, in get_display_info
    if item['method'] == VCP:
       ~~~~^^^^^^^^^^
TypeError: string indices must be integers, not 'str'

During handling of the above exception, another exception occurred:

Traceback (most recent call last):
  File "C:\Users\Bones\Projects\Windows-Midi-controller\midi_controller\actions\knob_actions.py", line 79, in set_screen_brightness
    sbc.set_brightness(brightness)
    ~~~~~~~~~~~~~~~~~~^^^^^^^^^^^^
  File "C:\Users\Bones\AppData\Roaming\Python\Python313\site-packages\screen_brightness_control\config.py", line 16, in wrapper
    return func(*args, **kwargs)
  File "C:\Users\Bones\AppData\Roaming\Python\Python313\site-packages\screen_brightness_control\__init__.py", line 134, in set_brightness
    return __brightness(
        value, display=display, method=method,
    ...<2 lines>...
        verbose_error=verbose_error
    )
  File "C:\Users\Bones\AppData\Roaming\Python\Python313\site-packages\screen_brightness_control\__init__.py", line 712, in __brightness
    for monitor in filter_monitors(display=display, method=method, allow_duplicates=allow_duplicates):
                   ~~~~~~~~~~~~~~~^^^^^^^^^^^^^^^^^^^^^^^^^^^^^^^^^^^^^^^^^^^^^^^^^^^^^^^^^^^^^^^^^^^
  File "C:\Users\Bones\AppData\Roaming\Python\Python313\site-packages\screen_brightness_control\config.py", line 16, in wrapper
    return func(*args, **kwargs)
  File "C:\Users\Bones\AppData\Roaming\Python\Python313\site-packages\screen_brightness_control\__init__.py", line 672, in filter_monitors
    duplicates = get_monitor_list()
  File "C:\Users\Bones\AppData\Roaming\Python\Python313\site-packages\screen_brightness_control\__init__.py", line 612, in get_monitor_list
    monitors_with_duplicates = list_monitors_info(
        method=method, allow_duplicates=True)
  File "C:\Users\Bones\AppData\Roaming\Python\Python313\site-packages\screen_brightness_control\config.py", line 16, in wrapper
    return func(*args, **kwargs)
  File "C:\Users\Bones\AppData\Roaming\Python\Python313\site-packages\screen_brightness_control\__init__.py", line 272, in list_monitors_info
    return _OS_MODULE.list_monitors_info(
           ~~~~~~~~~~~~~~~~~~~~~~~~~~~~~^
        method=method, allow_duplicates=allow_duplicates, unsupported=unsupported
        ^^^^^^^^^^^^^^^^^^^^^^^^^^^^^^^^^^^^^^^^^^^^^^^^^^^^^^^^^^^^^^^^^^^^^^^^^
    )
    ^
  File "C:\Users\Bones\AppData\Roaming\Python\Python313\site-packages\screen_brightness_control\windows.py", line 396, in list_monitors_info
    info = get_display_info()
  File "C:\Users\Bones\AppData\Roaming\Python\Python313\site-packages\screen_brightness_control\windows.py", line 194, in get_display_info
    if item['method'] == VCP:
       ~~~~^^^^^^^^^^
TypeError: string indices must be integers, not 'str'

2024-11-25 22:15:39,776 - MPKMini - INFO - Received knob CC: 4, value: 78
2024-11-25 22:15:39,776 - MPKMini - INFO - Normalized value: 0.61
2024-11-25 22:15:39,776 - MPKMini - INFO - Setting brightness to 61%
2024-11-25 22:15:39,816 - MPKMini - WARNING - Failed to get monitor list: string indices must be integers, not 'str', trying fallback method
2024-11-25 22:15:39,854 - MPKMini - ERROR - Failed to set brightness: string indices must be integers, not 'str'
2024-11-25 22:15:39,856 - MPKMini - ERROR - Traceback (most recent call last):
  File "C:\Users\Bones\Projects\Windows-Midi-controller\midi_controller\actions\knob_actions.py", line 57, in set_screen_brightness
    monitors = sbc.list_monitors()
  File "C:\Users\Bones\AppData\Roaming\Python\Python313\site-packages\screen_brightness_control\config.py", line 16, in wrapper
    return func(*args, **kwargs)
  File "C:\Users\Bones\AppData\Roaming\Python\Python313\site-packages\screen_brightness_control\__init__.py", line 294, in list_monitors
    return [i['name'] for i in list_monitors_info(method=method, allow_duplicates=allow_duplicates)]
                               ~~~~~~~~~~~~~~~~~~^^^^^^^^^^^^^^^^^^^^^^^^^^^^^^^^^^^^^^^^^^^^^^^^^^
  File "C:\Users\Bones\AppData\Roaming\Python\Python313\site-packages\screen_brightness_control\config.py", line 16, in wrapper
    return func(*args, **kwargs)
  File "C:\Users\Bones\AppData\Roaming\Python\Python313\site-packages\screen_brightness_control\__init__.py", line 272, in list_monitors_info
    return _OS_MODULE.list_monitors_info(
           ~~~~~~~~~~~~~~~~~~~~~~~~~~~~~^
        method=method, allow_duplicates=allow_duplicates, unsupported=unsupported
        ^^^^^^^^^^^^^^^^^^^^^^^^^^^^^^^^^^^^^^^^^^^^^^^^^^^^^^^^^^^^^^^^^^^^^^^^^
    )
    ^
  File "C:\Users\Bones\AppData\Roaming\Python\Python313\site-packages\screen_brightness_control\windows.py", line 396, in list_monitors_info
    info = get_display_info()
  File "C:\Users\Bones\AppData\Roaming\Python\Python313\site-packages\screen_brightness_control\windows.py", line 194, in get_display_info
    if item['method'] == VCP:
       ~~~~^^^^^^^^^^
TypeError: string indices must be integers, not 'str'

During handling of the above exception, another exception occurred:

Traceback (most recent call last):
  File "C:\Users\Bones\Projects\Windows-Midi-controller\midi_controller\actions\knob_actions.py", line 79, in set_screen_brightness
    sbc.set_brightness(brightness)
    ~~~~~~~~~~~~~~~~~~^^^^^^^^^^^^
  File "C:\Users\Bones\AppData\Roaming\Python\Python313\site-packages\screen_brightness_control\config.py", line 16, in wrapper
    return func(*args, **kwargs)
  File "C:\Users\Bones\AppData\Roaming\Python\Python313\site-packages\screen_brightness_control\__init__.py", line 134, in set_brightness
    return __brightness(
        value, display=display, method=method,
    ...<2 lines>...
        verbose_error=verbose_error
    )
  File "C:\Users\Bones\AppData\Roaming\Python\Python313\site-packages\screen_brightness_control\__init__.py", line 712, in __brightness
    for monitor in filter_monitors(display=display, method=method, allow_duplicates=allow_duplicates):
                   ~~~~~~~~~~~~~~~^^^^^^^^^^^^^^^^^^^^^^^^^^^^^^^^^^^^^^^^^^^^^^^^^^^^^^^^^^^^^^^^^^^
  File "C:\Users\Bones\AppData\Roaming\Python\Python313\site-packages\screen_brightness_control\config.py", line 16, in wrapper
    return func(*args, **kwargs)
  File "C:\Users\Bones\AppData\Roaming\Python\Python313\site-packages\screen_brightness_control\__init__.py", line 672, in filter_monitors
    duplicates = get_monitor_list()
  File "C:\Users\Bones\AppData\Roaming\Python\Python313\site-packages\screen_brightness_control\__init__.py", line 612, in get_monitor_list
    monitors_with_duplicates = list_monitors_info(
        method=method, allow_duplicates=True)
  File "C:\Users\Bones\AppData\Roaming\Python\Python313\site-packages\screen_brightness_control\config.py", line 16, in wrapper
    return func(*args, **kwargs)
  File "C:\Users\Bones\AppData\Roaming\Python\Python313\site-packages\screen_brightness_control\__init__.py", line 272, in list_monitors_info
    return _OS_MODULE.list_monitors_info(
           ~~~~~~~~~~~~~~~~~~~~~~~~~~~~~^
        method=method, allow_duplicates=allow_duplicates, unsupported=unsupported
        ^^^^^^^^^^^^^^^^^^^^^^^^^^^^^^^^^^^^^^^^^^^^^^^^^^^^^^^^^^^^^^^^^^^^^^^^^
    )
    ^
  File "C:\Users\Bones\AppData\Roaming\Python\Python313\site-packages\screen_brightness_control\windows.py", line 396, in list_monitors_info
    info = get_display_info()
  File "C:\Users\Bones\AppData\Roaming\Python\Python313\site-packages\screen_brightness_control\windows.py", line 194, in get_display_info
    if item['method'] == VCP:
       ~~~~^^^^^^^^^^
TypeError: string indices must be integers, not 'str'

2024-11-25 22:15:39,859 - MPKMini - INFO - Received knob CC: 4, value: 79
2024-11-25 22:15:39,860 - MPKMini - INFO - Normalized value: 0.62
2024-11-25 22:15:39,860 - MPKMini - INFO - Setting brightness to 62%
2024-11-25 22:15:39,897 - MPKMini - WARNING - Failed to get monitor list: string indices must be integers, not 'str', trying fallback method
2024-11-25 22:15:39,939 - MPKMini - ERROR - Failed to set brightness: string indices must be integers, not 'str'
2024-11-25 22:15:39,941 - MPKMini - ERROR - Traceback (most recent call last):
  File "C:\Users\Bones\Projects\Windows-Midi-controller\midi_controller\actions\knob_actions.py", line 57, in set_screen_brightness
    monitors = sbc.list_monitors()
  File "C:\Users\Bones\AppData\Roaming\Python\Python313\site-packages\screen_brightness_control\config.py", line 16, in wrapper
    return func(*args, **kwargs)
  File "C:\Users\Bones\AppData\Roaming\Python\Python313\site-packages\screen_brightness_control\__init__.py", line 294, in list_monitors
    return [i['name'] for i in list_monitors_info(method=method, allow_duplicates=allow_duplicates)]
                               ~~~~~~~~~~~~~~~~~~^^^^^^^^^^^^^^^^^^^^^^^^^^^^^^^^^^^^^^^^^^^^^^^^^^
  File "C:\Users\Bones\AppData\Roaming\Python\Python313\site-packages\screen_brightness_control\config.py", line 16, in wrapper
    return func(*args, **kwargs)
  File "C:\Users\Bones\AppData\Roaming\Python\Python313\site-packages\screen_brightness_control\__init__.py", line 272, in list_monitors_info
    return _OS_MODULE.list_monitors_info(
           ~~~~~~~~~~~~~~~~~~~~~~~~~~~~~^
        method=method, allow_duplicates=allow_duplicates, unsupported=unsupported
        ^^^^^^^^^^^^^^^^^^^^^^^^^^^^^^^^^^^^^^^^^^^^^^^^^^^^^^^^^^^^^^^^^^^^^^^^^
    )
    ^
  File "C:\Users\Bones\AppData\Roaming\Python\Python313\site-packages\screen_brightness_control\windows.py", line 396, in list_monitors_info
    info = get_display_info()
  File "C:\Users\Bones\AppData\Roaming\Python\Python313\site-packages\screen_brightness_control\windows.py", line 194, in get_display_info
    if item['method'] == VCP:
       ~~~~^^^^^^^^^^
TypeError: string indices must be integers, not 'str'

During handling of the above exception, another exception occurred:

Traceback (most recent call last):
  File "C:\Users\Bones\Projects\Windows-Midi-controller\midi_controller\actions\knob_actions.py", line 79, in set_screen_brightness
    sbc.set_brightness(brightness)
    ~~~~~~~~~~~~~~~~~~^^^^^^^^^^^^
  File "C:\Users\Bones\AppData\Roaming\Python\Python313\site-packages\screen_brightness_control\config.py", line 16, in wrapper
    return func(*args, **kwargs)
  File "C:\Users\Bones\AppData\Roaming\Python\Python313\site-packages\screen_brightness_control\__init__.py", line 134, in set_brightness
    return __brightness(
        value, display=display, method=method,
    ...<2 lines>...
        verbose_error=verbose_error
    )
  File "C:\Users\Bones\AppData\Roaming\Python\Python313\site-packages\screen_brightness_control\__init__.py", line 712, in __brightness
    for monitor in filter_monitors(display=display, method=method, allow_duplicates=allow_duplicates):
                   ~~~~~~~~~~~~~~~^^^^^^^^^^^^^^^^^^^^^^^^^^^^^^^^^^^^^^^^^^^^^^^^^^^^^^^^^^^^^^^^^^^
  File "C:\Users\Bones\AppData\Roaming\Python\Python313\site-packages\screen_brightness_control\config.py", line 16, in wrapper
    return func(*args, **kwargs)
  File "C:\Users\Bones\AppData\Roaming\Python\Python313\site-packages\screen_brightness_control\__init__.py", line 672, in filter_monitors
    duplicates = get_monitor_list()
  File "C:\Users\Bones\AppData\Roaming\Python\Python313\site-packages\screen_brightness_control\__init__.py", line 612, in get_monitor_list
    monitors_with_duplicates = list_monitors_info(
        method=method, allow_duplicates=True)
  File "C:\Users\Bones\AppData\Roaming\Python\Python313\site-packages\screen_brightness_control\config.py", line 16, in wrapper
    return func(*args, **kwargs)
  File "C:\Users\Bones\AppData\Roaming\Python\Python313\site-packages\screen_brightness_control\__init__.py", line 272, in list_monitors_info
    return _OS_MODULE.list_monitors_info(
           ~~~~~~~~~~~~~~~~~~~~~~~~~~~~~^
        method=method, allow_duplicates=allow_duplicates, unsupported=unsupported
        ^^^^^^^^^^^^^^^^^^^^^^^^^^^^^^^^^^^^^^^^^^^^^^^^^^^^^^^^^^^^^^^^^^^^^^^^^
    )
    ^
  File "C:\Users\Bones\AppData\Roaming\Python\Python313\site-packages\screen_brightness_control\windows.py", line 396, in list_monitors_info
    info = get_display_info()
  File "C:\Users\Bones\AppData\Roaming\Python\Python313\site-packages\screen_brightness_control\windows.py", line 194, in get_display_info
    if item['method'] == VCP:
       ~~~~^^^^^^^^^^
TypeError: string indices must be integers, not 'str'

2024-11-25 22:15:39,944 - MPKMini - INFO - Received knob CC: 4, value: 80
2024-11-25 22:15:39,944 - MPKMini - INFO - Normalized value: 0.63
2024-11-25 22:15:39,944 - MPKMini - INFO - Setting brightness to 62%
2024-11-25 22:15:39,982 - MPKMini - WARNING - Failed to get monitor list: string indices must be integers, not 'str', trying fallback method
2024-11-25 22:15:40,020 - MPKMini - ERROR - Failed to set brightness: string indices must be integers, not 'str'
2024-11-25 22:15:40,022 - MPKMini - ERROR - Traceback (most recent call last):
  File "C:\Users\Bones\Projects\Windows-Midi-controller\midi_controller\actions\knob_actions.py", line 57, in set_screen_brightness
    monitors = sbc.list_monitors()
  File "C:\Users\Bones\AppData\Roaming\Python\Python313\site-packages\screen_brightness_control\config.py", line 16, in wrapper
    return func(*args, **kwargs)
  File "C:\Users\Bones\AppData\Roaming\Python\Python313\site-packages\screen_brightness_control\__init__.py", line 294, in list_monitors
    return [i['name'] for i in list_monitors_info(method=method, allow_duplicates=allow_duplicates)]
                               ~~~~~~~~~~~~~~~~~~^^^^^^^^^^^^^^^^^^^^^^^^^^^^^^^^^^^^^^^^^^^^^^^^^^
  File "C:\Users\Bones\AppData\Roaming\Python\Python313\site-packages\screen_brightness_control\config.py", line 16, in wrapper
    return func(*args, **kwargs)
  File "C:\Users\Bones\AppData\Roaming\Python\Python313\site-packages\screen_brightness_control\__init__.py", line 272, in list_monitors_info
    return _OS_MODULE.list_monitors_info(
           ~~~~~~~~~~~~~~~~~~~~~~~~~~~~~^
        method=method, allow_duplicates=allow_duplicates, unsupported=unsupported
        ^^^^^^^^^^^^^^^^^^^^^^^^^^^^^^^^^^^^^^^^^^^^^^^^^^^^^^^^^^^^^^^^^^^^^^^^^
    )
    ^
  File "C:\Users\Bones\AppData\Roaming\Python\Python313\site-packages\screen_brightness_control\windows.py", line 396, in list_monitors_info
    info = get_display_info()
  File "C:\Users\Bones\AppData\Roaming\Python\Python313\site-packages\screen_brightness_control\windows.py", line 194, in get_display_info
    if item['method'] == VCP:
       ~~~~^^^^^^^^^^
TypeError: string indices must be integers, not 'str'

During handling of the above exception, another exception occurred:

Traceback (most recent call last):
  File "C:\Users\Bones\Projects\Windows-Midi-controller\midi_controller\actions\knob_actions.py", line 79, in set_screen_brightness
    sbc.set_brightness(brightness)
    ~~~~~~~~~~~~~~~~~~^^^^^^^^^^^^
  File "C:\Users\Bones\AppData\Roaming\Python\Python313\site-packages\screen_brightness_control\config.py", line 16, in wrapper
    return func(*args, **kwargs)
  File "C:\Users\Bones\AppData\Roaming\Python\Python313\site-packages\screen_brightness_control\__init__.py", line 134, in set_brightness
    return __brightness(
        value, display=display, method=method,
    ...<2 lines>...
        verbose_error=verbose_error
    )
  File "C:\Users\Bones\AppData\Roaming\Python\Python313\site-packages\screen_brightness_control\__init__.py", line 712, in __brightness
    for monitor in filter_monitors(display=display, method=method, allow_duplicates=allow_duplicates):
                   ~~~~~~~~~~~~~~~^^^^^^^^^^^^^^^^^^^^^^^^^^^^^^^^^^^^^^^^^^^^^^^^^^^^^^^^^^^^^^^^^^^
  File "C:\Users\Bones\AppData\Roaming\Python\Python313\site-packages\screen_brightness_control\config.py", line 16, in wrapper
    return func(*args, **kwargs)
  File "C:\Users\Bones\AppData\Roaming\Python\Python313\site-packages\screen_brightness_control\__init__.py", line 672, in filter_monitors
    duplicates = get_monitor_list()
  File "C:\Users\Bones\AppData\Roaming\Python\Python313\site-packages\screen_brightness_control\__init__.py", line 612, in get_monitor_list
    monitors_with_duplicates = list_monitors_info(
        method=method, allow_duplicates=True)
  File "C:\Users\Bones\AppData\Roaming\Python\Python313\site-packages\screen_brightness_control\config.py", line 16, in wrapper
    return func(*args, **kwargs)
  File "C:\Users\Bones\AppData\Roaming\Python\Python313\site-packages\screen_brightness_control\__init__.py", line 272, in list_monitors_info
    return _OS_MODULE.list_monitors_info(
           ~~~~~~~~~~~~~~~~~~~~~~~~~~~~~^
        method=method, allow_duplicates=allow_duplicates, unsupported=unsupported
        ^^^^^^^^^^^^^^^^^^^^^^^^^^^^^^^^^^^^^^^^^^^^^^^^^^^^^^^^^^^^^^^^^^^^^^^^^
    )
    ^
  File "C:\Users\Bones\AppData\Roaming\Python\Python313\site-packages\screen_brightness_control\windows.py", line 396, in list_monitors_info
    info = get_display_info()
  File "C:\Users\Bones\AppData\Roaming\Python\Python313\site-packages\screen_brightness_control\windows.py", line 194, in get_display_info
    if item['method'] == VCP:
       ~~~~^^^^^^^^^^
TypeError: string indices must be integers, not 'str'

2024-11-25 22:15:40,026 - MPKMini - INFO - Received knob CC: 4, value: 81
2024-11-25 22:15:40,026 - MPKMini - INFO - Normalized value: 0.64
2024-11-25 22:15:40,026 - MPKMini - INFO - Setting brightness to 63%
2024-11-25 22:15:40,065 - MPKMini - WARNING - Failed to get monitor list: string indices must be integers, not 'str', trying fallback method
2024-11-25 22:15:40,103 - MPKMini - ERROR - Failed to set brightness: string indices must be integers, not 'str'
2024-11-25 22:15:40,105 - MPKMini - ERROR - Traceback (most recent call last):
  File "C:\Users\Bones\Projects\Windows-Midi-controller\midi_controller\actions\knob_actions.py", line 57, in set_screen_brightness
    monitors = sbc.list_monitors()
  File "C:\Users\Bones\AppData\Roaming\Python\Python313\site-packages\screen_brightness_control\config.py", line 16, in wrapper
    return func(*args, **kwargs)
  File "C:\Users\Bones\AppData\Roaming\Python\Python313\site-packages\screen_brightness_control\__init__.py", line 294, in list_monitors
    return [i['name'] for i in list_monitors_info(method=method, allow_duplicates=allow_duplicates)]
                               ~~~~~~~~~~~~~~~~~~^^^^^^^^^^^^^^^^^^^^^^^^^^^^^^^^^^^^^^^^^^^^^^^^^^
  File "C:\Users\Bones\AppData\Roaming\Python\Python313\site-packages\screen_brightness_control\config.py", line 16, in wrapper
    return func(*args, **kwargs)
  File "C:\Users\Bones\AppData\Roaming\Python\Python313\site-packages\screen_brightness_control\__init__.py", line 272, in list_monitors_info
    return _OS_MODULE.list_monitors_info(
           ~~~~~~~~~~~~~~~~~~~~~~~~~~~~~^
        method=method, allow_duplicates=allow_duplicates, unsupported=unsupported
        ^^^^^^^^^^^^^^^^^^^^^^^^^^^^^^^^^^^^^^^^^^^^^^^^^^^^^^^^^^^^^^^^^^^^^^^^^
    )
    ^
  File "C:\Users\Bones\AppData\Roaming\Python\Python313\site-packages\screen_brightness_control\windows.py", line 396, in list_monitors_info
    info = get_display_info()
  File "C:\Users\Bones\AppData\Roaming\Python\Python313\site-packages\screen_brightness_control\windows.py", line 194, in get_display_info
    if item['method'] == VCP:
       ~~~~^^^^^^^^^^
TypeError: string indices must be integers, not 'str'

During handling of the above exception, another exception occurred:

Traceback (most recent call last):
  File "C:\Users\Bones\Projects\Windows-Midi-controller\midi_controller\actions\knob_actions.py", line 79, in set_screen_brightness
    sbc.set_brightness(brightness)
    ~~~~~~~~~~~~~~~~~~^^^^^^^^^^^^
  File "C:\Users\Bones\AppData\Roaming\Python\Python313\site-packages\screen_brightness_control\config.py", line 16, in wrapper
    return func(*args, **kwargs)
  File "C:\Users\Bones\AppData\Roaming\Python\Python313\site-packages\screen_brightness_control\__init__.py", line 134, in set_brightness
    return __brightness(
        value, display=display, method=method,
    ...<2 lines>...
        verbose_error=verbose_error
    )
  File "C:\Users\Bones\AppData\Roaming\Python\Python313\site-packages\screen_brightness_control\__init__.py", line 712, in __brightness
    for monitor in filter_monitors(display=display, method=method, allow_duplicates=allow_duplicates):
                   ~~~~~~~~~~~~~~~^^^^^^^^^^^^^^^^^^^^^^^^^^^^^^^^^^^^^^^^^^^^^^^^^^^^^^^^^^^^^^^^^^^
  File "C:\Users\Bones\AppData\Roaming\Python\Python313\site-packages\screen_brightness_control\config.py", line 16, in wrapper
    return func(*args, **kwargs)
  File "C:\Users\Bones\AppData\Roaming\Python\Python313\site-packages\screen_brightness_control\__init__.py", line 672, in filter_monitors
    duplicates = get_monitor_list()
  File "C:\Users\Bones\AppData\Roaming\Python\Python313\site-packages\screen_brightness_control\__init__.py", line 612, in get_monitor_list
    monitors_with_duplicates = list_monitors_info(
        method=method, allow_duplicates=True)
  File "C:\Users\Bones\AppData\Roaming\Python\Python313\site-packages\screen_brightness_control\config.py", line 16, in wrapper
    return func(*args, **kwargs)
  File "C:\Users\Bones\AppData\Roaming\Python\Python313\site-packages\screen_brightness_control\__init__.py", line 272, in list_monitors_info
    return _OS_MODULE.list_monitors_info(
           ~~~~~~~~~~~~~~~~~~~~~~~~~~~~~^
        method=method, allow_duplicates=allow_duplicates, unsupported=unsupported
        ^^^^^^^^^^^^^^^^^^^^^^^^^^^^^^^^^^^^^^^^^^^^^^^^^^^^^^^^^^^^^^^^^^^^^^^^^
    )
    ^
  File "C:\Users\Bones\AppData\Roaming\Python\Python313\site-packages\screen_brightness_control\windows.py", line 396, in list_monitors_info
    info = get_display_info()
  File "C:\Users\Bones\AppData\Roaming\Python\Python313\site-packages\screen_brightness_control\windows.py", line 194, in get_display_info
    if item['method'] == VCP:
       ~~~~^^^^^^^^^^
TypeError: string indices must be integers, not 'str'

2024-11-25 22:15:40,109 - MPKMini - INFO - Received knob CC: 4, value: 83
2024-11-25 22:15:40,109 - MPKMini - INFO - Normalized value: 0.65
2024-11-25 22:15:40,109 - MPKMini - INFO - Setting brightness to 65%
2024-11-25 22:15:40,147 - MPKMini - WARNING - Failed to get monitor list: string indices must be integers, not 'str', trying fallback method
2024-11-25 22:15:40,185 - MPKMini - ERROR - Failed to set brightness: string indices must be integers, not 'str'
2024-11-25 22:15:40,187 - MPKMini - ERROR - Traceback (most recent call last):
  File "C:\Users\Bones\Projects\Windows-Midi-controller\midi_controller\actions\knob_actions.py", line 57, in set_screen_brightness
    monitors = sbc.list_monitors()
  File "C:\Users\Bones\AppData\Roaming\Python\Python313\site-packages\screen_brightness_control\config.py", line 16, in wrapper
    return func(*args, **kwargs)
  File "C:\Users\Bones\AppData\Roaming\Python\Python313\site-packages\screen_brightness_control\__init__.py", line 294, in list_monitors
    return [i['name'] for i in list_monitors_info(method=method, allow_duplicates=allow_duplicates)]
                               ~~~~~~~~~~~~~~~~~~^^^^^^^^^^^^^^^^^^^^^^^^^^^^^^^^^^^^^^^^^^^^^^^^^^
  File "C:\Users\Bones\AppData\Roaming\Python\Python313\site-packages\screen_brightness_control\config.py", line 16, in wrapper
    return func(*args, **kwargs)
  File "C:\Users\Bones\AppData\Roaming\Python\Python313\site-packages\screen_brightness_control\__init__.py", line 272, in list_monitors_info
    return _OS_MODULE.list_monitors_info(
           ~~~~~~~~~~~~~~~~~~~~~~~~~~~~~^
        method=method, allow_duplicates=allow_duplicates, unsupported=unsupported
        ^^^^^^^^^^^^^^^^^^^^^^^^^^^^^^^^^^^^^^^^^^^^^^^^^^^^^^^^^^^^^^^^^^^^^^^^^
    )
    ^
  File "C:\Users\Bones\AppData\Roaming\Python\Python313\site-packages\screen_brightness_control\windows.py", line 396, in list_monitors_info
    info = get_display_info()
  File "C:\Users\Bones\AppData\Roaming\Python\Python313\site-packages\screen_brightness_control\windows.py", line 194, in get_display_info
    if item['method'] == VCP:
       ~~~~^^^^^^^^^^
TypeError: string indices must be integers, not 'str'

During handling of the above exception, another exception occurred:

Traceback (most recent call last):
  File "C:\Users\Bones\Projects\Windows-Midi-controller\midi_controller\actions\knob_actions.py", line 79, in set_screen_brightness
    sbc.set_brightness(brightness)
    ~~~~~~~~~~~~~~~~~~^^^^^^^^^^^^
  File "C:\Users\Bones\AppData\Roaming\Python\Python313\site-packages\screen_brightness_control\config.py", line 16, in wrapper
    return func(*args, **kwargs)
  File "C:\Users\Bones\AppData\Roaming\Python\Python313\site-packages\screen_brightness_control\__init__.py", line 134, in set_brightness
    return __brightness(
        value, display=display, method=method,
    ...<2 lines>...
        verbose_error=verbose_error
    )
  File "C:\Users\Bones\AppData\Roaming\Python\Python313\site-packages\screen_brightness_control\__init__.py", line 712, in __brightness
    for monitor in filter_monitors(display=display, method=method, allow_duplicates=allow_duplicates):
                   ~~~~~~~~~~~~~~~^^^^^^^^^^^^^^^^^^^^^^^^^^^^^^^^^^^^^^^^^^^^^^^^^^^^^^^^^^^^^^^^^^^
  File "C:\Users\Bones\AppData\Roaming\Python\Python313\site-packages\screen_brightness_control\config.py", line 16, in wrapper
    return func(*args, **kwargs)
  File "C:\Users\Bones\AppData\Roaming\Python\Python313\site-packages\screen_brightness_control\__init__.py", line 672, in filter_monitors
    duplicates = get_monitor_list()
  File "C:\Users\Bones\AppData\Roaming\Python\Python313\site-packages\screen_brightness_control\__init__.py", line 612, in get_monitor_list
    monitors_with_duplicates = list_monitors_info(
        method=method, allow_duplicates=True)
  File "C:\Users\Bones\AppData\Roaming\Python\Python313\site-packages\screen_brightness_control\config.py", line 16, in wrapper
    return func(*args, **kwargs)
  File "C:\Users\Bones\AppData\Roaming\Python\Python313\site-packages\screen_brightness_control\__init__.py", line 272, in list_monitors_info
    return _OS_MODULE.list_monitors_info(
           ~~~~~~~~~~~~~~~~~~~~~~~~~~~~~^
        method=method, allow_duplicates=allow_duplicates, unsupported=unsupported
        ^^^^^^^^^^^^^^^^^^^^^^^^^^^^^^^^^^^^^^^^^^^^^^^^^^^^^^^^^^^^^^^^^^^^^^^^^
    )
    ^
  File "C:\Users\Bones\AppData\Roaming\Python\Python313\site-packages\screen_brightness_control\windows.py", line 396, in list_monitors_info
    info = get_display_info()
  File "C:\Users\Bones\AppData\Roaming\Python\Python313\site-packages\screen_brightness_control\windows.py", line 194, in get_display_info
    if item['method'] == VCP:
       ~~~~^^^^^^^^^^
TypeError: string indices must be integers, not 'str'

2024-11-25 22:15:40,190 - MPKMini - INFO - Received knob CC: 4, value: 84
2024-11-25 22:15:40,191 - MPKMini - INFO - Normalized value: 0.66
2024-11-25 22:15:40,191 - MPKMini - INFO - Setting brightness to 66%
2024-11-25 22:15:40,229 - MPKMini - WARNING - Failed to get monitor list: string indices must be integers, not 'str', trying fallback method
2024-11-25 22:15:40,269 - MPKMini - ERROR - Failed to set brightness: string indices must be integers, not 'str'
2024-11-25 22:15:40,271 - MPKMini - ERROR - Traceback (most recent call last):
  File "C:\Users\Bones\Projects\Windows-Midi-controller\midi_controller\actions\knob_actions.py", line 57, in set_screen_brightness
    monitors = sbc.list_monitors()
  File "C:\Users\Bones\AppData\Roaming\Python\Python313\site-packages\screen_brightness_control\config.py", line 16, in wrapper
    return func(*args, **kwargs)
  File "C:\Users\Bones\AppData\Roaming\Python\Python313\site-packages\screen_brightness_control\__init__.py", line 294, in list_monitors
    return [i['name'] for i in list_monitors_info(method=method, allow_duplicates=allow_duplicates)]
                               ~~~~~~~~~~~~~~~~~~^^^^^^^^^^^^^^^^^^^^^^^^^^^^^^^^^^^^^^^^^^^^^^^^^^
  File "C:\Users\Bones\AppData\Roaming\Python\Python313\site-packages\screen_brightness_control\config.py", line 16, in wrapper
    return func(*args, **kwargs)
  File "C:\Users\Bones\AppData\Roaming\Python\Python313\site-packages\screen_brightness_control\__init__.py", line 272, in list_monitors_info
    return _OS_MODULE.list_monitors_info(
           ~~~~~~~~~~~~~~~~~~~~~~~~~~~~~^
        method=method, allow_duplicates=allow_duplicates, unsupported=unsupported
        ^^^^^^^^^^^^^^^^^^^^^^^^^^^^^^^^^^^^^^^^^^^^^^^^^^^^^^^^^^^^^^^^^^^^^^^^^
    )
    ^
  File "C:\Users\Bones\AppData\Roaming\Python\Python313\site-packages\screen_brightness_control\windows.py", line 396, in list_monitors_info
    info = get_display_info()
  File "C:\Users\Bones\AppData\Roaming\Python\Python313\site-packages\screen_brightness_control\windows.py", line 194, in get_display_info
    if item['method'] == VCP:
       ~~~~^^^^^^^^^^
TypeError: string indices must be integers, not 'str'

During handling of the above exception, another exception occurred:

Traceback (most recent call last):
  File "C:\Users\Bones\Projects\Windows-Midi-controller\midi_controller\actions\knob_actions.py", line 79, in set_screen_brightness
    sbc.set_brightness(brightness)
    ~~~~~~~~~~~~~~~~~~^^^^^^^^^^^^
  File "C:\Users\Bones\AppData\Roaming\Python\Python313\site-packages\screen_brightness_control\config.py", line 16, in wrapper
    return func(*args, **kwargs)
  File "C:\Users\Bones\AppData\Roaming\Python\Python313\site-packages\screen_brightness_control\__init__.py", line 134, in set_brightness
    return __brightness(
        value, display=display, method=method,
    ...<2 lines>...
        verbose_error=verbose_error
    )
  File "C:\Users\Bones\AppData\Roaming\Python\Python313\site-packages\screen_brightness_control\__init__.py", line 712, in __brightness
    for monitor in filter_monitors(display=display, method=method, allow_duplicates=allow_duplicates):
                   ~~~~~~~~~~~~~~~^^^^^^^^^^^^^^^^^^^^^^^^^^^^^^^^^^^^^^^^^^^^^^^^^^^^^^^^^^^^^^^^^^^
  File "C:\Users\Bones\AppData\Roaming\Python\Python313\site-packages\screen_brightness_control\config.py", line 16, in wrapper
    return func(*args, **kwargs)
  File "C:\Users\Bones\AppData\Roaming\Python\Python313\site-packages\screen_brightness_control\__init__.py", line 672, in filter_monitors
    duplicates = get_monitor_list()
  File "C:\Users\Bones\AppData\Roaming\Python\Python313\site-packages\screen_brightness_control\__init__.py", line 612, in get_monitor_list
    monitors_with_duplicates = list_monitors_info(
        method=method, allow_duplicates=True)
  File "C:\Users\Bones\AppData\Roaming\Python\Python313\site-packages\screen_brightness_control\config.py", line 16, in wrapper
    return func(*args, **kwargs)
  File "C:\Users\Bones\AppData\Roaming\Python\Python313\site-packages\screen_brightness_control\__init__.py", line 272, in list_monitors_info
    return _OS_MODULE.list_monitors_info(
           ~~~~~~~~~~~~~~~~~~~~~~~~~~~~~^
        method=method, allow_duplicates=allow_duplicates, unsupported=unsupported
        ^^^^^^^^^^^^^^^^^^^^^^^^^^^^^^^^^^^^^^^^^^^^^^^^^^^^^^^^^^^^^^^^^^^^^^^^^
    )
    ^
  File "C:\Users\Bones\AppData\Roaming\Python\Python313\site-packages\screen_brightness_control\windows.py", line 396, in list_monitors_info
    info = get_display_info()
  File "C:\Users\Bones\AppData\Roaming\Python\Python313\site-packages\screen_brightness_control\windows.py", line 194, in get_display_info
    if item['method'] == VCP:
       ~~~~^^^^^^^^^^
TypeError: string indices must be integers, not 'str'

2024-11-25 22:15:40,276 - MPKMini - INFO - Received knob CC: 4, value: 85
2024-11-25 22:15:40,276 - MPKMini - INFO - Normalized value: 0.67
2024-11-25 22:15:40,276 - MPKMini - INFO - Setting brightness to 66%
2024-11-25 22:15:40,313 - MPKMini - WARNING - Failed to get monitor list: string indices must be integers, not 'str', trying fallback method
2024-11-25 22:15:40,351 - MPKMini - ERROR - Failed to set brightness: string indices must be integers, not 'str'
2024-11-25 22:15:40,353 - MPKMini - ERROR - Traceback (most recent call last):
  File "C:\Users\Bones\Projects\Windows-Midi-controller\midi_controller\actions\knob_actions.py", line 57, in set_screen_brightness
    monitors = sbc.list_monitors()
  File "C:\Users\Bones\AppData\Roaming\Python\Python313\site-packages\screen_brightness_control\config.py", line 16, in wrapper
    return func(*args, **kwargs)
  File "C:\Users\Bones\AppData\Roaming\Python\Python313\site-packages\screen_brightness_control\__init__.py", line 294, in list_monitors
    return [i['name'] for i in list_monitors_info(method=method, allow_duplicates=allow_duplicates)]
                               ~~~~~~~~~~~~~~~~~~^^^^^^^^^^^^^^^^^^^^^^^^^^^^^^^^^^^^^^^^^^^^^^^^^^
  File "C:\Users\Bones\AppData\Roaming\Python\Python313\site-packages\screen_brightness_control\config.py", line 16, in wrapper
    return func(*args, **kwargs)
  File "C:\Users\Bones\AppData\Roaming\Python\Python313\site-packages\screen_brightness_control\__init__.py", line 272, in list_monitors_info
    return _OS_MODULE.list_monitors_info(
           ~~~~~~~~~~~~~~~~~~~~~~~~~~~~~^
        method=method, allow_duplicates=allow_duplicates, unsupported=unsupported
        ^^^^^^^^^^^^^^^^^^^^^^^^^^^^^^^^^^^^^^^^^^^^^^^^^^^^^^^^^^^^^^^^^^^^^^^^^
    )
    ^
  File "C:\Users\Bones\AppData\Roaming\Python\Python313\site-packages\screen_brightness_control\windows.py", line 396, in list_monitors_info
    info = get_display_info()
  File "C:\Users\Bones\AppData\Roaming\Python\Python313\site-packages\screen_brightness_control\windows.py", line 194, in get_display_info
    if item['method'] == VCP:
       ~~~~^^^^^^^^^^
TypeError: string indices must be integers, not 'str'

During handling of the above exception, another exception occurred:

Traceback (most recent call last):
  File "C:\Users\Bones\Projects\Windows-Midi-controller\midi_controller\actions\knob_actions.py", line 79, in set_screen_brightness
    sbc.set_brightness(brightness)
    ~~~~~~~~~~~~~~~~~~^^^^^^^^^^^^
  File "C:\Users\Bones\AppData\Roaming\Python\Python313\site-packages\screen_brightness_control\config.py", line 16, in wrapper
    return func(*args, **kwargs)
  File "C:\Users\Bones\AppData\Roaming\Python\Python313\site-packages\screen_brightness_control\__init__.py", line 134, in set_brightness
    return __brightness(
        value, display=display, method=method,
    ...<2 lines>...
        verbose_error=verbose_error
    )
  File "C:\Users\Bones\AppData\Roaming\Python\Python313\site-packages\screen_brightness_control\__init__.py", line 712, in __brightness
    for monitor in filter_monitors(display=display, method=method, allow_duplicates=allow_duplicates):
                   ~~~~~~~~~~~~~~~^^^^^^^^^^^^^^^^^^^^^^^^^^^^^^^^^^^^^^^^^^^^^^^^^^^^^^^^^^^^^^^^^^^
  File "C:\Users\Bones\AppData\Roaming\Python\Python313\site-packages\screen_brightness_control\config.py", line 16, in wrapper
    return func(*args, **kwargs)
  File "C:\Users\Bones\AppData\Roaming\Python\Python313\site-packages\screen_brightness_control\__init__.py", line 672, in filter_monitors
    duplicates = get_monitor_list()
  File "C:\Users\Bones\AppData\Roaming\Python\Python313\site-packages\screen_brightness_control\__init__.py", line 612, in get_monitor_list
    monitors_with_duplicates = list_monitors_info(
        method=method, allow_duplicates=True)
  File "C:\Users\Bones\AppData\Roaming\Python\Python313\site-packages\screen_brightness_control\config.py", line 16, in wrapper
    return func(*args, **kwargs)
  File "C:\Users\Bones\AppData\Roaming\Python\Python313\site-packages\screen_brightness_control\__init__.py", line 272, in list_monitors_info
    return _OS_MODULE.list_monitors_info(
           ~~~~~~~~~~~~~~~~~~~~~~~~~~~~~^
        method=method, allow_duplicates=allow_duplicates, unsupported=unsupported
        ^^^^^^^^^^^^^^^^^^^^^^^^^^^^^^^^^^^^^^^^^^^^^^^^^^^^^^^^^^^^^^^^^^^^^^^^^
    )
    ^
  File "C:\Users\Bones\AppData\Roaming\Python\Python313\site-packages\screen_brightness_control\windows.py", line 396, in list_monitors_info
    info = get_display_info()
  File "C:\Users\Bones\AppData\Roaming\Python\Python313\site-packages\screen_brightness_control\windows.py", line 194, in get_display_info
    if item['method'] == VCP:
       ~~~~^^^^^^^^^^
TypeError: string indices must be integers, not 'str'

2024-11-25 22:15:40,356 - MPKMini - INFO - Received knob CC: 4, value: 86
2024-11-25 22:15:40,357 - MPKMini - INFO - Normalized value: 0.68
2024-11-25 22:15:40,357 - MPKMini - INFO - Setting brightness to 67%
2024-11-25 22:15:40,396 - MPKMini - WARNING - Failed to get monitor list: string indices must be integers, not 'str', trying fallback method
2024-11-25 22:15:40,434 - MPKMini - ERROR - Failed to set brightness: string indices must be integers, not 'str'
2024-11-25 22:15:40,436 - MPKMini - ERROR - Traceback (most recent call last):
  File "C:\Users\Bones\Projects\Windows-Midi-controller\midi_controller\actions\knob_actions.py", line 57, in set_screen_brightness
    monitors = sbc.list_monitors()
  File "C:\Users\Bones\AppData\Roaming\Python\Python313\site-packages\screen_brightness_control\config.py", line 16, in wrapper
    return func(*args, **kwargs)
  File "C:\Users\Bones\AppData\Roaming\Python\Python313\site-packages\screen_brightness_control\__init__.py", line 294, in list_monitors
    return [i['name'] for i in list_monitors_info(method=method, allow_duplicates=allow_duplicates)]
                               ~~~~~~~~~~~~~~~~~~^^^^^^^^^^^^^^^^^^^^^^^^^^^^^^^^^^^^^^^^^^^^^^^^^^
  File "C:\Users\Bones\AppData\Roaming\Python\Python313\site-packages\screen_brightness_control\config.py", line 16, in wrapper
    return func(*args, **kwargs)
  File "C:\Users\Bones\AppData\Roaming\Python\Python313\site-packages\screen_brightness_control\__init__.py", line 272, in list_monitors_info
    return _OS_MODULE.list_monitors_info(
           ~~~~~~~~~~~~~~~~~~~~~~~~~~~~~^
        method=method, allow_duplicates=allow_duplicates, unsupported=unsupported
        ^^^^^^^^^^^^^^^^^^^^^^^^^^^^^^^^^^^^^^^^^^^^^^^^^^^^^^^^^^^^^^^^^^^^^^^^^
    )
    ^
  File "C:\Users\Bones\AppData\Roaming\Python\Python313\site-packages\screen_brightness_control\windows.py", line 396, in list_monitors_info
    info = get_display_info()
  File "C:\Users\Bones\AppData\Roaming\Python\Python313\site-packages\screen_brightness_control\windows.py", line 194, in get_display_info
    if item['method'] == VCP:
       ~~~~^^^^^^^^^^
TypeError: string indices must be integers, not 'str'

During handling of the above exception, another exception occurred:

Traceback (most recent call last):
  File "C:\Users\Bones\Projects\Windows-Midi-controller\midi_controller\actions\knob_actions.py", line 79, in set_screen_brightness
    sbc.set_brightness(brightness)
    ~~~~~~~~~~~~~~~~~~^^^^^^^^^^^^
  File "C:\Users\Bones\AppData\Roaming\Python\Python313\site-packages\screen_brightness_control\config.py", line 16, in wrapper
    return func(*args, **kwargs)
  File "C:\Users\Bones\AppData\Roaming\Python\Python313\site-packages\screen_brightness_control\__init__.py", line 134, in set_brightness
    return __brightness(
        value, display=display, method=method,
    ...<2 lines>...
        verbose_error=verbose_error
    )
  File "C:\Users\Bones\AppData\Roaming\Python\Python313\site-packages\screen_brightness_control\__init__.py", line 712, in __brightness
    for monitor in filter_monitors(display=display, method=method, allow_duplicates=allow_duplicates):
                   ~~~~~~~~~~~~~~~^^^^^^^^^^^^^^^^^^^^^^^^^^^^^^^^^^^^^^^^^^^^^^^^^^^^^^^^^^^^^^^^^^^
  File "C:\Users\Bones\AppData\Roaming\Python\Python313\site-packages\screen_brightness_control\config.py", line 16, in wrapper
    return func(*args, **kwargs)
  File "C:\Users\Bones\AppData\Roaming\Python\Python313\site-packages\screen_brightness_control\__init__.py", line 672, in filter_monitors
    duplicates = get_monitor_list()
  File "C:\Users\Bones\AppData\Roaming\Python\Python313\site-packages\screen_brightness_control\__init__.py", line 612, in get_monitor_list
    monitors_with_duplicates = list_monitors_info(
        method=method, allow_duplicates=True)
  File "C:\Users\Bones\AppData\Roaming\Python\Python313\site-packages\screen_brightness_control\config.py", line 16, in wrapper
    return func(*args, **kwargs)
  File "C:\Users\Bones\AppData\Roaming\Python\Python313\site-packages\screen_brightness_control\__init__.py", line 272, in list_monitors_info
    return _OS_MODULE.list_monitors_info(
           ~~~~~~~~~~~~~~~~~~~~~~~~~~~~~^
        method=method, allow_duplicates=allow_duplicates, unsupported=unsupported
        ^^^^^^^^^^^^^^^^^^^^^^^^^^^^^^^^^^^^^^^^^^^^^^^^^^^^^^^^^^^^^^^^^^^^^^^^^
    )
    ^
  File "C:\Users\Bones\AppData\Roaming\Python\Python313\site-packages\screen_brightness_control\windows.py", line 396, in list_monitors_info
    info = get_display_info()
  File "C:\Users\Bones\AppData\Roaming\Python\Python313\site-packages\screen_brightness_control\windows.py", line 194, in get_display_info
    if item['method'] == VCP:
       ~~~~^^^^^^^^^^
TypeError: string indices must be integers, not 'str'

2024-11-25 22:15:40,440 - MPKMini - INFO - Received knob CC: 4, value: 87
2024-11-25 22:15:40,440 - MPKMini - INFO - Normalized value: 0.69
2024-11-25 22:15:40,440 - MPKMini - INFO - Setting brightness to 68%
2024-11-25 22:15:40,477 - MPKMini - WARNING - Failed to get monitor list: string indices must be integers, not 'str', trying fallback method
2024-11-25 22:15:40,515 - MPKMini - ERROR - Failed to set brightness: string indices must be integers, not 'str'
2024-11-25 22:15:40,518 - MPKMini - ERROR - Traceback (most recent call last):
  File "C:\Users\Bones\Projects\Windows-Midi-controller\midi_controller\actions\knob_actions.py", line 57, in set_screen_brightness
    monitors = sbc.list_monitors()
  File "C:\Users\Bones\AppData\Roaming\Python\Python313\site-packages\screen_brightness_control\config.py", line 16, in wrapper
    return func(*args, **kwargs)
  File "C:\Users\Bones\AppData\Roaming\Python\Python313\site-packages\screen_brightness_control\__init__.py", line 294, in list_monitors
    return [i['name'] for i in list_monitors_info(method=method, allow_duplicates=allow_duplicates)]
                               ~~~~~~~~~~~~~~~~~~^^^^^^^^^^^^^^^^^^^^^^^^^^^^^^^^^^^^^^^^^^^^^^^^^^
  File "C:\Users\Bones\AppData\Roaming\Python\Python313\site-packages\screen_brightness_control\config.py", line 16, in wrapper
    return func(*args, **kwargs)
  File "C:\Users\Bones\AppData\Roaming\Python\Python313\site-packages\screen_brightness_control\__init__.py", line 272, in list_monitors_info
    return _OS_MODULE.list_monitors_info(
           ~~~~~~~~~~~~~~~~~~~~~~~~~~~~~^
        method=method, allow_duplicates=allow_duplicates, unsupported=unsupported
        ^^^^^^^^^^^^^^^^^^^^^^^^^^^^^^^^^^^^^^^^^^^^^^^^^^^^^^^^^^^^^^^^^^^^^^^^^
    )
    ^
  File "C:\Users\Bones\AppData\Roaming\Python\Python313\site-packages\screen_brightness_control\windows.py", line 396, in list_monitors_info
    info = get_display_info()
  File "C:\Users\Bones\AppData\Roaming\Python\Python313\site-packages\screen_brightness_control\windows.py", line 194, in get_display_info
    if item['method'] == VCP:
       ~~~~^^^^^^^^^^
TypeError: string indices must be integers, not 'str'

During handling of the above exception, another exception occurred:

Traceback (most recent call last):
  File "C:\Users\Bones\Projects\Windows-Midi-controller\midi_controller\actions\knob_actions.py", line 79, in set_screen_brightness
    sbc.set_brightness(brightness)
    ~~~~~~~~~~~~~~~~~~^^^^^^^^^^^^
  File "C:\Users\Bones\AppData\Roaming\Python\Python313\site-packages\screen_brightness_control\config.py", line 16, in wrapper
    return func(*args, **kwargs)
  File "C:\Users\Bones\AppData\Roaming\Python\Python313\site-packages\screen_brightness_control\__init__.py", line 134, in set_brightness
    return __brightness(
        value, display=display, method=method,
    ...<2 lines>...
        verbose_error=verbose_error
    )
  File "C:\Users\Bones\AppData\Roaming\Python\Python313\site-packages\screen_brightness_control\__init__.py", line 712, in __brightness
    for monitor in filter_monitors(display=display, method=method, allow_duplicates=allow_duplicates):
                   ~~~~~~~~~~~~~~~^^^^^^^^^^^^^^^^^^^^^^^^^^^^^^^^^^^^^^^^^^^^^^^^^^^^^^^^^^^^^^^^^^^
  File "C:\Users\Bones\AppData\Roaming\Python\Python313\site-packages\screen_brightness_control\config.py", line 16, in wrapper
    return func(*args, **kwargs)
  File "C:\Users\Bones\AppData\Roaming\Python\Python313\site-packages\screen_brightness_control\__init__.py", line 672, in filter_monitors
    duplicates = get_monitor_list()
  File "C:\Users\Bones\AppData\Roaming\Python\Python313\site-packages\screen_brightness_control\__init__.py", line 612, in get_monitor_list
    monitors_with_duplicates = list_monitors_info(
        method=method, allow_duplicates=True)
  File "C:\Users\Bones\AppData\Roaming\Python\Python313\site-packages\screen_brightness_control\config.py", line 16, in wrapper
    return func(*args, **kwargs)
  File "C:\Users\Bones\AppData\Roaming\Python\Python313\site-packages\screen_brightness_control\__init__.py", line 272, in list_monitors_info
    return _OS_MODULE.list_monitors_info(
           ~~~~~~~~~~~~~~~~~~~~~~~~~~~~~^
        method=method, allow_duplicates=allow_duplicates, unsupported=unsupported
        ^^^^^^^^^^^^^^^^^^^^^^^^^^^^^^^^^^^^^^^^^^^^^^^^^^^^^^^^^^^^^^^^^^^^^^^^^
    )
    ^
  File "C:\Users\Bones\AppData\Roaming\Python\Python313\site-packages\screen_brightness_control\windows.py", line 396, in list_monitors_info
    info = get_display_info()
  File "C:\Users\Bones\AppData\Roaming\Python\Python313\site-packages\screen_brightness_control\windows.py", line 194, in get_display_info
    if item['method'] == VCP:
       ~~~~^^^^^^^^^^
TypeError: string indices must be integers, not 'str'

2024-11-25 22:15:40,521 - MPKMini - INFO - Received knob CC: 4, value: 88
2024-11-25 22:15:40,521 - MPKMini - INFO - Normalized value: 0.69
2024-11-25 22:15:40,521 - MPKMini - INFO - Setting brightness to 69%
2024-11-25 22:15:40,558 - MPKMini - WARNING - Failed to get monitor list: string indices must be integers, not 'str', trying fallback method
2024-11-25 22:15:40,597 - MPKMini - ERROR - Failed to set brightness: string indices must be integers, not 'str'
2024-11-25 22:15:40,599 - MPKMini - ERROR - Traceback (most recent call last):
  File "C:\Users\Bones\Projects\Windows-Midi-controller\midi_controller\actions\knob_actions.py", line 57, in set_screen_brightness
    monitors = sbc.list_monitors()
  File "C:\Users\Bones\AppData\Roaming\Python\Python313\site-packages\screen_brightness_control\config.py", line 16, in wrapper
    return func(*args, **kwargs)
  File "C:\Users\Bones\AppData\Roaming\Python\Python313\site-packages\screen_brightness_control\__init__.py", line 294, in list_monitors
    return [i['name'] for i in list_monitors_info(method=method, allow_duplicates=allow_duplicates)]
                               ~~~~~~~~~~~~~~~~~~^^^^^^^^^^^^^^^^^^^^^^^^^^^^^^^^^^^^^^^^^^^^^^^^^^
  File "C:\Users\Bones\AppData\Roaming\Python\Python313\site-packages\screen_brightness_control\config.py", line 16, in wrapper
    return func(*args, **kwargs)
  File "C:\Users\Bones\AppData\Roaming\Python\Python313\site-packages\screen_brightness_control\__init__.py", line 272, in list_monitors_info
    return _OS_MODULE.list_monitors_info(
           ~~~~~~~~~~~~~~~~~~~~~~~~~~~~~^
        method=method, allow_duplicates=allow_duplicates, unsupported=unsupported
        ^^^^^^^^^^^^^^^^^^^^^^^^^^^^^^^^^^^^^^^^^^^^^^^^^^^^^^^^^^^^^^^^^^^^^^^^^
    )
    ^
  File "C:\Users\Bones\AppData\Roaming\Python\Python313\site-packages\screen_brightness_control\windows.py", line 396, in list_monitors_info
    info = get_display_info()
  File "C:\Users\Bones\AppData\Roaming\Python\Python313\site-packages\screen_brightness_control\windows.py", line 194, in get_display_info
    if item['method'] == VCP:
       ~~~~^^^^^^^^^^
TypeError: string indices must be integers, not 'str'

During handling of the above exception, another exception occurred:

Traceback (most recent call last):
  File "C:\Users\Bones\Projects\Windows-Midi-controller\midi_controller\actions\knob_actions.py", line 79, in set_screen_brightness
    sbc.set_brightness(brightness)
    ~~~~~~~~~~~~~~~~~~^^^^^^^^^^^^
  File "C:\Users\Bones\AppData\Roaming\Python\Python313\site-packages\screen_brightness_control\config.py", line 16, in wrapper
    return func(*args, **kwargs)
  File "C:\Users\Bones\AppData\Roaming\Python\Python313\site-packages\screen_brightness_control\__init__.py", line 134, in set_brightness
    return __brightness(
        value, display=display, method=method,
    ...<2 lines>...
        verbose_error=verbose_error
    )
  File "C:\Users\Bones\AppData\Roaming\Python\Python313\site-packages\screen_brightness_control\__init__.py", line 712, in __brightness
    for monitor in filter_monitors(display=display, method=method, allow_duplicates=allow_duplicates):
                   ~~~~~~~~~~~~~~~^^^^^^^^^^^^^^^^^^^^^^^^^^^^^^^^^^^^^^^^^^^^^^^^^^^^^^^^^^^^^^^^^^^
  File "C:\Users\Bones\AppData\Roaming\Python\Python313\site-packages\screen_brightness_control\config.py", line 16, in wrapper
    return func(*args, **kwargs)
  File "C:\Users\Bones\AppData\Roaming\Python\Python313\site-packages\screen_brightness_control\__init__.py", line 672, in filter_monitors
    duplicates = get_monitor_list()
  File "C:\Users\Bones\AppData\Roaming\Python\Python313\site-packages\screen_brightness_control\__init__.py", line 612, in get_monitor_list
    monitors_with_duplicates = list_monitors_info(
        method=method, allow_duplicates=True)
  File "C:\Users\Bones\AppData\Roaming\Python\Python313\site-packages\screen_brightness_control\config.py", line 16, in wrapper
    return func(*args, **kwargs)
  File "C:\Users\Bones\AppData\Roaming\Python\Python313\site-packages\screen_brightness_control\__init__.py", line 272, in list_monitors_info
    return _OS_MODULE.list_monitors_info(
           ~~~~~~~~~~~~~~~~~~~~~~~~~~~~~^
        method=method, allow_duplicates=allow_duplicates, unsupported=unsupported
        ^^^^^^^^^^^^^^^^^^^^^^^^^^^^^^^^^^^^^^^^^^^^^^^^^^^^^^^^^^^^^^^^^^^^^^^^^
    )
    ^
  File "C:\Users\Bones\AppData\Roaming\Python\Python313\site-packages\screen_brightness_control\windows.py", line 396, in list_monitors_info
    info = get_display_info()
  File "C:\Users\Bones\AppData\Roaming\Python\Python313\site-packages\screen_brightness_control\windows.py", line 194, in get_display_info
    if item['method'] == VCP:
       ~~~~^^^^^^^^^^
TypeError: string indices must be integers, not 'str'

2024-11-25 22:17:01,964 - MPKMini - INFO - Triggered voice recognition
2024-11-25 22:17:02,255 - MPKMini - INFO - Triggered voice recognition
2024-11-25 22:17:08,395 - MPKMini - INFO - Received knob CC: 5, value: 1
2024-11-25 22:17:08,395 - MPKMini - INFO - Normalized value: 0.01
2024-11-25 22:17:08,400 - MPKMini - INFO - System volume set to 1%
2024-11-25 22:17:08,428 - MPKMini - INFO - Received knob CC: 5, value: 2
2024-11-25 22:17:08,429 - MPKMini - INFO - Normalized value: 0.02
2024-11-25 22:17:08,433 - MPKMini - INFO - System volume set to 2%
2024-11-25 22:17:08,454 - MPKMini - INFO - Received knob CC: 5, value: 3
2024-11-25 22:17:08,454 - MPKMini - INFO - Normalized value: 0.02
2024-11-25 22:17:08,459 - MPKMini - INFO - System volume set to 2%
2024-11-25 22:17:08,476 - MPKMini - INFO - Received knob CC: 5, value: 4
2024-11-25 22:17:08,477 - MPKMini - INFO - Normalized value: 0.03
2024-11-25 22:17:08,481 - MPKMini - INFO - System volume set to 3%
2024-11-25 22:17:08,501 - MPKMini - INFO - Received knob CC: 5, value: 6
2024-11-25 22:17:08,501 - MPKMini - INFO - Normalized value: 0.05
2024-11-25 22:17:08,505 - MPKMini - INFO - System volume set to 5%
2024-11-25 22:17:08,523 - MPKMini - INFO - Received knob CC: 5, value: 7
2024-11-25 22:17:08,523 - MPKMini - INFO - Normalized value: 0.06
2024-11-25 22:17:08,528 - MPKMini - INFO - System volume set to 6%
2024-11-25 22:17:08,548 - MPKMini - INFO - Received knob CC: 5, value: 8
2024-11-25 22:17:08,549 - MPKMini - INFO - Normalized value: 0.06
2024-11-25 22:17:08,553 - MPKMini - INFO - System volume set to 6%
2024-11-25 22:17:08,567 - MPKMini - INFO - Received knob CC: 5, value: 9
2024-11-25 22:17:08,568 - MPKMini - INFO - Normalized value: 0.07
2024-11-25 22:17:08,572 - MPKMini - INFO - System volume set to 7%
2024-11-25 22:17:08,661 - MPKMini - INFO - Received knob CC: 5, value: 10
2024-11-25 22:17:08,662 - MPKMini - INFO - Normalized value: 0.08
2024-11-25 22:17:08,665 - MPKMini - INFO - System volume set to 8%
2024-11-25 22:17:09,961 - MPKMini - INFO - Received knob CC: 5, value: 11
2024-11-25 22:17:09,961 - MPKMini - INFO - Normalized value: 0.09
2024-11-25 22:17:09,965 - MPKMini - INFO - System volume set to 9%
2024-11-25 22:17:09,997 - MPKMini - INFO - Received knob CC: 5, value: 12
2024-11-25 22:17:09,997 - MPKMini - INFO - Normalized value: 0.09
2024-11-25 22:17:10,000 - MPKMini - INFO - System volume set to 9%
2024-11-25 22:17:10,022 - MPKMini - INFO - Received knob CC: 5, value: 13
2024-11-25 22:17:10,023 - MPKMini - INFO - Normalized value: 0.10
2024-11-25 22:17:10,027 - MPKMini - INFO - System volume set to 10%
2024-11-25 22:17:10,047 - MPKMini - INFO - Received knob CC: 5, value: 14
2024-11-25 22:17:10,048 - MPKMini - INFO - Normalized value: 0.11
2024-11-25 22:17:10,051 - MPKMini - INFO - System volume set to 11%
2024-11-25 22:17:10,080 - MPKMini - INFO - Received knob CC: 5, value: 15
2024-11-25 22:17:10,081 - MPKMini - INFO - Normalized value: 0.12
2024-11-25 22:17:10,085 - MPKMini - INFO - System volume set to 12%
2024-11-25 22:17:10,117 - MPKMini - INFO - Received knob CC: 5, value: 16
2024-11-25 22:17:10,117 - MPKMini - INFO - Normalized value: 0.13
2024-11-25 22:17:10,122 - MPKMini - INFO - System volume set to 13%
2024-11-25 22:17:10,143 - MPKMini - INFO - Received knob CC: 5, value: 17
2024-11-25 22:17:10,143 - MPKMini - INFO - Normalized value: 0.13
2024-11-25 22:17:10,147 - MPKMini - INFO - System volume set to 13%
2024-11-25 22:17:10,186 - MPKMini - INFO - Received knob CC: 5, value: 18
2024-11-25 22:17:10,186 - MPKMini - INFO - Normalized value: 0.14
2024-11-25 22:17:10,190 - MPKMini - INFO - System volume set to 14%
2024-11-25 22:17:10,285 - MPKMini - INFO - Received knob CC: 5, value: 19
2024-11-25 22:17:10,286 - MPKMini - INFO - Normalized value: 0.15
2024-11-25 22:17:10,289 - MPKMini - INFO - System volume set to 15%
2024-11-25 22:17:10,631 - MPKMini - INFO - Received knob CC: 5, value: 20
2024-11-25 22:17:10,632 - MPKMini - INFO - Normalized value: 0.16
2024-11-25 22:17:10,635 - MPKMini - INFO - System volume set to 16%
2024-11-25 22:17:10,680 - MPKMini - INFO - Received knob CC: 5, value: 21
2024-11-25 22:17:10,680 - MPKMini - INFO - Normalized value: 0.17
2024-11-25 22:17:10,683 - MPKMini - INFO - System volume set to 17%
2024-11-25 22:17:10,811 - MPKMini - INFO - Received knob CC: 5, value: 22
2024-11-25 22:17:10,811 - MPKMini - INFO - Normalized value: 0.17
2024-11-25 22:17:10,814 - MPKMini - INFO - System volume set to 17%
2024-11-25 22:17:10,924 - MPKMini - INFO - Received knob CC: 5, value: 23
2024-11-25 22:17:10,925 - MPKMini - INFO - Normalized value: 0.18
2024-11-25 22:17:10,928 - MPKMini - INFO - System volume set to 18%
2024-11-25 22:17:11,036 - MPKMini - INFO - Received knob CC: 5, value: 24
2024-11-25 22:17:11,037 - MPKMini - INFO - Normalized value: 0.19
2024-11-25 22:17:11,041 - MPKMini - INFO - System volume set to 19%
2024-11-25 22:17:11,171 - MPKMini - INFO - Received knob CC: 5, value: 25
2024-11-25 22:17:11,172 - MPKMini - INFO - Normalized value: 0.20
2024-11-25 22:17:11,176 - MPKMini - INFO - System volume set to 20%
2024-11-25 22:17:11,215 - MPKMini - INFO - Received knob CC: 5, value: 26
2024-11-25 22:17:11,215 - MPKMini - INFO - Normalized value: 0.20
2024-11-25 22:17:11,218 - MPKMini - INFO - System volume set to 20%
2024-11-25 22:17:11,315 - MPKMini - INFO - Received knob CC: 5, value: 27
2024-11-25 22:17:11,315 - MPKMini - INFO - Normalized value: 0.21
2024-11-25 22:17:11,320 - MPKMini - INFO - System volume set to 21%
2024-11-25 22:17:11,518 - MPKMini - INFO - Received knob CC: 5, value: 28
2024-11-25 22:17:11,518 - MPKMini - INFO - Normalized value: 0.22
2024-11-25 22:17:11,522 - MPKMini - INFO - System volume set to 22%
2024-11-25 22:17:11,693 - MPKMini - INFO - Received knob CC: 5, value: 29
2024-11-25 22:17:11,693 - MPKMini - INFO - Normalized value: 0.23
2024-11-25 22:17:11,697 - MPKMini - INFO - System volume set to 23%
2024-11-25 22:17:11,712 - MPKMini - INFO - Received knob CC: 5, value: 30
2024-11-25 22:17:11,712 - MPKMini - INFO - Normalized value: 0.24
2024-11-25 22:17:11,716 - MPKMini - INFO - System volume set to 24%
2024-11-25 22:17:11,861 - MPKMini - INFO - Received knob CC: 5, value: 31
2024-11-25 22:17:11,862 - MPKMini - INFO - Normalized value: 0.24
2024-11-25 22:17:11,865 - MPKMini - INFO - System volume set to 24%
2024-11-25 22:17:12,069 - MPKMini - INFO - Received knob CC: 5, value: 32
2024-11-25 22:17:12,069 - MPKMini - INFO - Normalized value: 0.25
2024-11-25 22:17:12,073 - MPKMini - INFO - System volume set to 25%
2024-11-25 22:17:12,182 - MPKMini - INFO - Received knob CC: 5, value: 33
2024-11-25 22:17:12,182 - MPKMini - INFO - Normalized value: 0.26
2024-11-25 22:17:12,188 - MPKMini - INFO - System volume set to 26%
2024-11-25 22:17:12,212 - MPKMini - INFO - Received knob CC: 5, value: 34
2024-11-25 22:17:12,213 - MPKMini - INFO - Normalized value: 0.27
2024-11-25 22:17:12,219 - MPKMini - INFO - System volume set to 27%
2024-11-25 22:17:12,391 - MPKMini - INFO - Received knob CC: 5, value: 35
2024-11-25 22:17:12,391 - MPKMini - INFO - Normalized value: 0.28
2024-11-25 22:17:12,394 - MPKMini - INFO - System volume set to 28%
2024-11-25 22:17:12,572 - MPKMini - INFO - Received knob CC: 5, value: 36
2024-11-25 22:17:12,573 - MPKMini - INFO - Normalized value: 0.28
2024-11-25 22:17:12,576 - MPKMini - INFO - System volume set to 28%
2024-11-25 22:17:12,598 - MPKMini - INFO - Received knob CC: 5, value: 37
2024-11-25 22:17:12,599 - MPKMini - INFO - Normalized value: 0.29
2024-11-25 22:17:12,602 - MPKMini - INFO - System volume set to 29%
2024-11-25 22:17:12,613 - MPKMini - INFO - Received knob CC: 5, value: 38
2024-11-25 22:17:12,614 - MPKMini - INFO - Normalized value: 0.30
2024-11-25 22:17:12,619 - MPKMini - INFO - System volume set to 30%
2024-11-25 22:17:12,701 - MPKMini - INFO - Received knob CC: 5, value: 39
2024-11-25 22:17:12,701 - MPKMini - INFO - Normalized value: 0.31
2024-11-25 22:17:12,705 - MPKMini - INFO - System volume set to 31%
2024-11-25 22:17:12,813 - MPKMini - INFO - Received knob CC: 5, value: 40
2024-11-25 22:17:12,814 - MPKMini - INFO - Normalized value: 0.31
2024-11-25 22:17:12,817 - MPKMini - INFO - System volume set to 31%
2024-11-25 22:17:12,937 - MPKMini - INFO - Received knob CC: 5, value: 41
2024-11-25 22:17:12,937 - MPKMini - INFO - Normalized value: 0.32
2024-11-25 22:17:12,941 - MPKMini - INFO - System volume set to 32%
2024-11-25 22:17:12,963 - MPKMini - INFO - Received knob CC: 5, value: 42
2024-11-25 22:17:12,963 - MPKMini - INFO - Normalized value: 0.33
2024-11-25 22:17:12,967 - MPKMini - INFO - System volume set to 33%
2024-11-25 22:17:13,229 - MPKMini - INFO - Received knob CC: 5, value: 43
2024-11-25 22:17:13,230 - MPKMini - INFO - Normalized value: 0.34
2024-11-25 22:17:13,233 - MPKMini - INFO - System volume set to 34%
2024-11-25 22:17:15,630 - MPKMini - INFO - Received knob CC: 4, value: 86
2024-11-25 22:17:15,631 - MPKMini - INFO - Normalized value: 0.68
2024-11-25 22:17:15,631 - MPKMini - INFO - Setting brightness to 67%
2024-11-25 22:17:15,684 - MPKMini - WARNING - Failed to get monitor list: string indices must be integers, not 'str', trying fallback method
2024-11-25 22:17:15,736 - MPKMini - ERROR - Failed to set brightness: string indices must be integers, not 'str'
2024-11-25 22:17:15,739 - MPKMini - ERROR - Traceback (most recent call last):
  File "C:\Users\Bones\Projects\Windows-Midi-controller\midi_controller\actions\knob_actions.py", line 57, in set_screen_brightness
    # Convert normalized value (0-1) to percentage (0-100)
  File "C:\Users\Bones\AppData\Roaming\Python\Python313\site-packages\screen_brightness_control\config.py", line 16, in wrapper
    return func(*args, **kwargs)
  File "C:\Users\Bones\AppData\Roaming\Python\Python313\site-packages\screen_brightness_control\__init__.py", line 294, in list_monitors
    return [i['name'] for i in list_monitors_info(method=method, allow_duplicates=allow_duplicates)]
                               ~~~~~~~~~~~~~~~~~~^^^^^^^^^^^^^^^^^^^^^^^^^^^^^^^^^^^^^^^^^^^^^^^^^^
  File "C:\Users\Bones\AppData\Roaming\Python\Python313\site-packages\screen_brightness_control\config.py", line 16, in wrapper
    return func(*args, **kwargs)
  File "C:\Users\Bones\AppData\Roaming\Python\Python313\site-packages\screen_brightness_control\__init__.py", line 272, in list_monitors_info
    return _OS_MODULE.list_monitors_info(
           ~~~~~~~~~~~~~~~~~~~~~~~~~~~~~^
        method=method, allow_duplicates=allow_duplicates, unsupported=unsupported
        ^^^^^^^^^^^^^^^^^^^^^^^^^^^^^^^^^^^^^^^^^^^^^^^^^^^^^^^^^^^^^^^^^^^^^^^^^
    )
    ^
  File "C:\Users\Bones\AppData\Roaming\Python\Python313\site-packages\screen_brightness_control\windows.py", line 396, in list_monitors_info
    info = get_display_info()
  File "C:\Users\Bones\AppData\Roaming\Python\Python313\site-packages\screen_brightness_control\windows.py", line 194, in get_display_info
    if item['method'] == VCP:
       ~~~~^^^^^^^^^^
TypeError: string indices must be integers, not 'str'

During handling of the above exception, another exception occurred:

Traceback (most recent call last):
  File "C:\Users\Bones\Projects\Windows-Midi-controller\midi_controller\actions\knob_actions.py", line 79, in set_screen_brightness
    self.logger.error(f"Failed to set brightness: {str(e)}")
        ^^^^^^^^^^^^^^^^^^^^^^^^^^^^^^
  File "C:\Users\Bones\AppData\Roaming\Python\Python313\site-packages\screen_brightness_control\config.py", line 16, in wrapper
    return func(*args, **kwargs)
  File "C:\Users\Bones\AppData\Roaming\Python\Python313\site-packages\screen_brightness_control\__init__.py", line 134, in set_brightness
    return __brightness(
        value, display=display, method=method,
    ...<2 lines>...
        verbose_error=verbose_error
    )
  File "C:\Users\Bones\AppData\Roaming\Python\Python313\site-packages\screen_brightness_control\__init__.py", line 712, in __brightness
    for monitor in filter_monitors(display=display, method=method, allow_duplicates=allow_duplicates):
                   ~~~~~~~~~~~~~~~^^^^^^^^^^^^^^^^^^^^^^^^^^^^^^^^^^^^^^^^^^^^^^^^^^^^^^^^^^^^^^^^^^^
  File "C:\Users\Bones\AppData\Roaming\Python\Python313\site-packages\screen_brightness_control\config.py", line 16, in wrapper
    return func(*args, **kwargs)
  File "C:\Users\Bones\AppData\Roaming\Python\Python313\site-packages\screen_brightness_control\__init__.py", line 672, in filter_monitors
    duplicates = get_monitor_list()
  File "C:\Users\Bones\AppData\Roaming\Python\Python313\site-packages\screen_brightness_control\__init__.py", line 612, in get_monitor_list
    monitors_with_duplicates = list_monitors_info(
        method=method, allow_duplicates=True)
  File "C:\Users\Bones\AppData\Roaming\Python\Python313\site-packages\screen_brightness_control\config.py", line 16, in wrapper
    return func(*args, **kwargs)
  File "C:\Users\Bones\AppData\Roaming\Python\Python313\site-packages\screen_brightness_control\__init__.py", line 272, in list_monitors_info
    return _OS_MODULE.list_monitors_info(
           ~~~~~~~~~~~~~~~~~~~~~~~~~~~~~^
        method=method, allow_duplicates=allow_duplicates, unsupported=unsupported
        ^^^^^^^^^^^^^^^^^^^^^^^^^^^^^^^^^^^^^^^^^^^^^^^^^^^^^^^^^^^^^^^^^^^^^^^^^
    )
    ^
  File "C:\Users\Bones\AppData\Roaming\Python\Python313\site-packages\screen_brightness_control\windows.py", line 396, in list_monitors_info
    info = get_display_info()
  File "C:\Users\Bones\AppData\Roaming\Python\Python313\site-packages\screen_brightness_control\windows.py", line 194, in get_display_info
    if item['method'] == VCP:
       ~~~~^^^^^^^^^^
TypeError: string indices must be integers, not 'str'

2024-11-25 22:17:15,745 - MPKMini - INFO - Received knob CC: 4, value: 85
2024-11-25 22:17:15,745 - MPKMini - INFO - Normalized value: 0.67
2024-11-25 22:17:15,745 - MPKMini - INFO - Setting brightness to 66%
2024-11-25 22:17:15,794 - MPKMini - WARNING - Failed to get monitor list: string indices must be integers, not 'str', trying fallback method
2024-11-25 22:17:15,848 - MPKMini - ERROR - Failed to set brightness: string indices must be integers, not 'str'
2024-11-25 22:17:15,852 - MPKMini - ERROR - Traceback (most recent call last):
  File "C:\Users\Bones\Projects\Windows-Midi-controller\midi_controller\actions\knob_actions.py", line 57, in set_screen_brightness
    # Convert normalized value (0-1) to percentage (0-100)
  File "C:\Users\Bones\AppData\Roaming\Python\Python313\site-packages\screen_brightness_control\config.py", line 16, in wrapper
    return func(*args, **kwargs)
  File "C:\Users\Bones\AppData\Roaming\Python\Python313\site-packages\screen_brightness_control\__init__.py", line 294, in list_monitors
    return [i['name'] for i in list_monitors_info(method=method, allow_duplicates=allow_duplicates)]
                               ~~~~~~~~~~~~~~~~~~^^^^^^^^^^^^^^^^^^^^^^^^^^^^^^^^^^^^^^^^^^^^^^^^^^
  File "C:\Users\Bones\AppData\Roaming\Python\Python313\site-packages\screen_brightness_control\config.py", line 16, in wrapper
    return func(*args, **kwargs)
  File "C:\Users\Bones\AppData\Roaming\Python\Python313\site-packages\screen_brightness_control\__init__.py", line 272, in list_monitors_info
    return _OS_MODULE.list_monitors_info(
           ~~~~~~~~~~~~~~~~~~~~~~~~~~~~~^
        method=method, allow_duplicates=allow_duplicates, unsupported=unsupported
        ^^^^^^^^^^^^^^^^^^^^^^^^^^^^^^^^^^^^^^^^^^^^^^^^^^^^^^^^^^^^^^^^^^^^^^^^^
    )
    ^
  File "C:\Users\Bones\AppData\Roaming\Python\Python313\site-packages\screen_brightness_control\windows.py", line 396, in list_monitors_info
    info = get_display_info()
  File "C:\Users\Bones\AppData\Roaming\Python\Python313\site-packages\screen_brightness_control\windows.py", line 194, in get_display_info
    if item['method'] == VCP:
       ~~~~^^^^^^^^^^
TypeError: string indices must be integers, not 'str'

During handling of the above exception, another exception occurred:

Traceback (most recent call last):
  File "C:\Users\Bones\Projects\Windows-Midi-controller\midi_controller\actions\knob_actions.py", line 79, in set_screen_brightness
    self.logger.error(f"Failed to set brightness: {str(e)}")
        ^^^^^^^^^^^^^^^^^^^^^^^^^^^^^^
  File "C:\Users\Bones\AppData\Roaming\Python\Python313\site-packages\screen_brightness_control\config.py", line 16, in wrapper
    return func(*args, **kwargs)
  File "C:\Users\Bones\AppData\Roaming\Python\Python313\site-packages\screen_brightness_control\__init__.py", line 134, in set_brightness
    return __brightness(
        value, display=display, method=method,
    ...<2 lines>...
        verbose_error=verbose_error
    )
  File "C:\Users\Bones\AppData\Roaming\Python\Python313\site-packages\screen_brightness_control\__init__.py", line 712, in __brightness
    for monitor in filter_monitors(display=display, method=method, allow_duplicates=allow_duplicates):
                   ~~~~~~~~~~~~~~~^^^^^^^^^^^^^^^^^^^^^^^^^^^^^^^^^^^^^^^^^^^^^^^^^^^^^^^^^^^^^^^^^^^
  File "C:\Users\Bones\AppData\Roaming\Python\Python313\site-packages\screen_brightness_control\config.py", line 16, in wrapper
    return func(*args, **kwargs)
  File "C:\Users\Bones\AppData\Roaming\Python\Python313\site-packages\screen_brightness_control\__init__.py", line 672, in filter_monitors
    duplicates = get_monitor_list()
  File "C:\Users\Bones\AppData\Roaming\Python\Python313\site-packages\screen_brightness_control\__init__.py", line 612, in get_monitor_list
    monitors_with_duplicates = list_monitors_info(
        method=method, allow_duplicates=True)
  File "C:\Users\Bones\AppData\Roaming\Python\Python313\site-packages\screen_brightness_control\config.py", line 16, in wrapper
    return func(*args, **kwargs)
  File "C:\Users\Bones\AppData\Roaming\Python\Python313\site-packages\screen_brightness_control\__init__.py", line 272, in list_monitors_info
    return _OS_MODULE.list_monitors_info(
           ~~~~~~~~~~~~~~~~~~~~~~~~~~~~~^
        method=method, allow_duplicates=allow_duplicates, unsupported=unsupported
        ^^^^^^^^^^^^^^^^^^^^^^^^^^^^^^^^^^^^^^^^^^^^^^^^^^^^^^^^^^^^^^^^^^^^^^^^^
    )
    ^
  File "C:\Users\Bones\AppData\Roaming\Python\Python313\site-packages\screen_brightness_control\windows.py", line 396, in list_monitors_info
    info = get_display_info()
  File "C:\Users\Bones\AppData\Roaming\Python\Python313\site-packages\screen_brightness_control\windows.py", line 194, in get_display_info
    if item['method'] == VCP:
       ~~~~^^^^^^^^^^
TypeError: string indices must be integers, not 'str'

2024-11-25 22:17:15,857 - MPKMini - INFO - Received knob CC: 4, value: 84
2024-11-25 22:17:15,858 - MPKMini - INFO - Normalized value: 0.66
2024-11-25 22:17:15,858 - MPKMini - INFO - Setting brightness to 66%
2024-11-25 22:17:15,921 - MPKMini - WARNING - Failed to get monitor list: string indices must be integers, not 'str', trying fallback method
2024-11-25 22:17:15,983 - MPKMini - ERROR - Failed to set brightness: string indices must be integers, not 'str'
2024-11-25 22:17:15,986 - MPKMini - ERROR - Traceback (most recent call last):
  File "C:\Users\Bones\Projects\Windows-Midi-controller\midi_controller\actions\knob_actions.py", line 57, in set_screen_brightness
    # Convert normalized value (0-1) to percentage (0-100)
  File "C:\Users\Bones\AppData\Roaming\Python\Python313\site-packages\screen_brightness_control\config.py", line 16, in wrapper
    return func(*args, **kwargs)
  File "C:\Users\Bones\AppData\Roaming\Python\Python313\site-packages\screen_brightness_control\__init__.py", line 294, in list_monitors
    return [i['name'] for i in list_monitors_info(method=method, allow_duplicates=allow_duplicates)]
                               ~~~~~~~~~~~~~~~~~~^^^^^^^^^^^^^^^^^^^^^^^^^^^^^^^^^^^^^^^^^^^^^^^^^^
  File "C:\Users\Bones\AppData\Roaming\Python\Python313\site-packages\screen_brightness_control\config.py", line 16, in wrapper
    return func(*args, **kwargs)
  File "C:\Users\Bones\AppData\Roaming\Python\Python313\site-packages\screen_brightness_control\__init__.py", line 272, in list_monitors_info
    return _OS_MODULE.list_monitors_info(
           ~~~~~~~~~~~~~~~~~~~~~~~~~~~~~^
        method=method, allow_duplicates=allow_duplicates, unsupported=unsupported
        ^^^^^^^^^^^^^^^^^^^^^^^^^^^^^^^^^^^^^^^^^^^^^^^^^^^^^^^^^^^^^^^^^^^^^^^^^
    )
    ^
  File "C:\Users\Bones\AppData\Roaming\Python\Python313\site-packages\screen_brightness_control\windows.py", line 396, in list_monitors_info
    info = get_display_info()
  File "C:\Users\Bones\AppData\Roaming\Python\Python313\site-packages\screen_brightness_control\windows.py", line 194, in get_display_info
    if item['method'] == VCP:
       ~~~~^^^^^^^^^^
TypeError: string indices must be integers, not 'str'

During handling of the above exception, another exception occurred:

Traceback (most recent call last):
  File "C:\Users\Bones\Projects\Windows-Midi-controller\midi_controller\actions\knob_actions.py", line 79, in set_screen_brightness
    self.logger.error(f"Failed to set brightness: {str(e)}")
        ^^^^^^^^^^^^^^^^^^^^^^^^^^^^^^
  File "C:\Users\Bones\AppData\Roaming\Python\Python313\site-packages\screen_brightness_control\config.py", line 16, in wrapper
    return func(*args, **kwargs)
  File "C:\Users\Bones\AppData\Roaming\Python\Python313\site-packages\screen_brightness_control\__init__.py", line 134, in set_brightness
    return __brightness(
        value, display=display, method=method,
    ...<2 lines>...
        verbose_error=verbose_error
    )
  File "C:\Users\Bones\AppData\Roaming\Python\Python313\site-packages\screen_brightness_control\__init__.py", line 712, in __brightness
    for monitor in filter_monitors(display=display, method=method, allow_duplicates=allow_duplicates):
                   ~~~~~~~~~~~~~~~^^^^^^^^^^^^^^^^^^^^^^^^^^^^^^^^^^^^^^^^^^^^^^^^^^^^^^^^^^^^^^^^^^^
  File "C:\Users\Bones\AppData\Roaming\Python\Python313\site-packages\screen_brightness_control\config.py", line 16, in wrapper
    return func(*args, **kwargs)
  File "C:\Users\Bones\AppData\Roaming\Python\Python313\site-packages\screen_brightness_control\__init__.py", line 672, in filter_monitors
    duplicates = get_monitor_list()
  File "C:\Users\Bones\AppData\Roaming\Python\Python313\site-packages\screen_brightness_control\__init__.py", line 612, in get_monitor_list
    monitors_with_duplicates = list_monitors_info(
        method=method, allow_duplicates=True)
  File "C:\Users\Bones\AppData\Roaming\Python\Python313\site-packages\screen_brightness_control\config.py", line 16, in wrapper
    return func(*args, **kwargs)
  File "C:\Users\Bones\AppData\Roaming\Python\Python313\site-packages\screen_brightness_control\__init__.py", line 272, in list_monitors_info
    return _OS_MODULE.list_monitors_info(
           ~~~~~~~~~~~~~~~~~~~~~~~~~~~~~^
        method=method, allow_duplicates=allow_duplicates, unsupported=unsupported
        ^^^^^^^^^^^^^^^^^^^^^^^^^^^^^^^^^^^^^^^^^^^^^^^^^^^^^^^^^^^^^^^^^^^^^^^^^
    )
    ^
  File "C:\Users\Bones\AppData\Roaming\Python\Python313\site-packages\screen_brightness_control\windows.py", line 396, in list_monitors_info
    info = get_display_info()
  File "C:\Users\Bones\AppData\Roaming\Python\Python313\site-packages\screen_brightness_control\windows.py", line 194, in get_display_info
    if item['method'] == VCP:
       ~~~~^^^^^^^^^^
TypeError: string indices must be integers, not 'str'

2024-11-25 22:17:15,991 - MPKMini - INFO - Received knob CC: 4, value: 83
2024-11-25 22:17:15,991 - MPKMini - INFO - Normalized value: 0.65
2024-11-25 22:17:15,992 - MPKMini - INFO - Setting brightness to 65%
2024-11-25 22:17:16,045 - MPKMini - WARNING - Failed to get monitor list: string indices must be integers, not 'str', trying fallback method
2024-11-25 22:17:16,098 - MPKMini - ERROR - Failed to set brightness: string indices must be integers, not 'str'
2024-11-25 22:17:16,101 - MPKMini - ERROR - Traceback (most recent call last):
  File "C:\Users\Bones\Projects\Windows-Midi-controller\midi_controller\actions\knob_actions.py", line 57, in set_screen_brightness
    # Convert normalized value (0-1) to percentage (0-100)
  File "C:\Users\Bones\AppData\Roaming\Python\Python313\site-packages\screen_brightness_control\config.py", line 16, in wrapper
    return func(*args, **kwargs)
  File "C:\Users\Bones\AppData\Roaming\Python\Python313\site-packages\screen_brightness_control\__init__.py", line 294, in list_monitors
    return [i['name'] for i in list_monitors_info(method=method, allow_duplicates=allow_duplicates)]
                               ~~~~~~~~~~~~~~~~~~^^^^^^^^^^^^^^^^^^^^^^^^^^^^^^^^^^^^^^^^^^^^^^^^^^
  File "C:\Users\Bones\AppData\Roaming\Python\Python313\site-packages\screen_brightness_control\config.py", line 16, in wrapper
    return func(*args, **kwargs)
  File "C:\Users\Bones\AppData\Roaming\Python\Python313\site-packages\screen_brightness_control\__init__.py", line 272, in list_monitors_info
    return _OS_MODULE.list_monitors_info(
           ~~~~~~~~~~~~~~~~~~~~~~~~~~~~~^
        method=method, allow_duplicates=allow_duplicates, unsupported=unsupported
        ^^^^^^^^^^^^^^^^^^^^^^^^^^^^^^^^^^^^^^^^^^^^^^^^^^^^^^^^^^^^^^^^^^^^^^^^^
    )
    ^
  File "C:\Users\Bones\AppData\Roaming\Python\Python313\site-packages\screen_brightness_control\windows.py", line 396, in list_monitors_info
    info = get_display_info()
  File "C:\Users\Bones\AppData\Roaming\Python\Python313\site-packages\screen_brightness_control\windows.py", line 194, in get_display_info
    if item['method'] == VCP:
       ~~~~^^^^^^^^^^
TypeError: string indices must be integers, not 'str'

During handling of the above exception, another exception occurred:

Traceback (most recent call last):
  File "C:\Users\Bones\Projects\Windows-Midi-controller\midi_controller\actions\knob_actions.py", line 79, in set_screen_brightness
    self.logger.error(f"Failed to set brightness: {str(e)}")
        ^^^^^^^^^^^^^^^^^^^^^^^^^^^^^^
  File "C:\Users\Bones\AppData\Roaming\Python\Python313\site-packages\screen_brightness_control\config.py", line 16, in wrapper
    return func(*args, **kwargs)
  File "C:\Users\Bones\AppData\Roaming\Python\Python313\site-packages\screen_brightness_control\__init__.py", line 134, in set_brightness
    return __brightness(
        value, display=display, method=method,
    ...<2 lines>...
        verbose_error=verbose_error
    )
  File "C:\Users\Bones\AppData\Roaming\Python\Python313\site-packages\screen_brightness_control\__init__.py", line 712, in __brightness
    for monitor in filter_monitors(display=display, method=method, allow_duplicates=allow_duplicates):
                   ~~~~~~~~~~~~~~~^^^^^^^^^^^^^^^^^^^^^^^^^^^^^^^^^^^^^^^^^^^^^^^^^^^^^^^^^^^^^^^^^^^
  File "C:\Users\Bones\AppData\Roaming\Python\Python313\site-packages\screen_brightness_control\config.py", line 16, in wrapper
    return func(*args, **kwargs)
  File "C:\Users\Bones\AppData\Roaming\Python\Python313\site-packages\screen_brightness_control\__init__.py", line 672, in filter_monitors
    duplicates = get_monitor_list()
  File "C:\Users\Bones\AppData\Roaming\Python\Python313\site-packages\screen_brightness_control\__init__.py", line 612, in get_monitor_list
    monitors_with_duplicates = list_monitors_info(
        method=method, allow_duplicates=True)
  File "C:\Users\Bones\AppData\Roaming\Python\Python313\site-packages\screen_brightness_control\config.py", line 16, in wrapper
    return func(*args, **kwargs)
  File "C:\Users\Bones\AppData\Roaming\Python\Python313\site-packages\screen_brightness_control\__init__.py", line 272, in list_monitors_info
    return _OS_MODULE.list_monitors_info(
           ~~~~~~~~~~~~~~~~~~~~~~~~~~~~~^
        method=method, allow_duplicates=allow_duplicates, unsupported=unsupported
        ^^^^^^^^^^^^^^^^^^^^^^^^^^^^^^^^^^^^^^^^^^^^^^^^^^^^^^^^^^^^^^^^^^^^^^^^^
    )
    ^
  File "C:\Users\Bones\AppData\Roaming\Python\Python313\site-packages\screen_brightness_control\windows.py", line 396, in list_monitors_info
    info = get_display_info()
  File "C:\Users\Bones\AppData\Roaming\Python\Python313\site-packages\screen_brightness_control\windows.py", line 194, in get_display_info
    if item['method'] == VCP:
       ~~~~^^^^^^^^^^
TypeError: string indices must be integers, not 'str'

2024-11-25 22:17:16,106 - MPKMini - INFO - Received knob CC: 4, value: 82
2024-11-25 22:17:16,107 - MPKMini - INFO - Normalized value: 0.65
2024-11-25 22:17:16,107 - MPKMini - INFO - Setting brightness to 64%
2024-11-25 22:17:16,163 - MPKMini - WARNING - Failed to get monitor list: string indices must be integers, not 'str', trying fallback method
